[0.327s] Invoking command in '/home/aurora/RM25/build/nav2_behavior_tree': AMENT_PREFIX_PATH=/home/aurora/RM25/install/nav2_util:/home/aurora/RM25/install/nav2_common:${AMENT_PREFIX_PATH} CMAKE_PREFIX_PATH=/home/aurora/RM25/install/nav2_util:/home/aurora/RM25/install/nav2_msgs:/home/aurora/RM25/install/nav2_common:/home/aurora/RM25/install/rm_robot_description:/home/aurora/RM25/install/nav2_bringup:/home/aurora/RM25/install/four_omniwheel_robot:/home/aurora/ws_helloworld/install/pkg01_helloworld_cpp:/home/aurora/ws_helloworld/install/learning_tf2_cpp:/home/aurora/ws_helloworld/install/pkg02_helloworld_py:/opt/ros/humble LD_LIBRARY_PATH=/home/aurora/RM25/install/nav2_util/lib:${LD_LIBRARY_PATH} PYTHONPATH=/home/aurora/RM25/install/nav2_common/local/lib/python3.10/dist-packages:${PYTHONPATH} /usr/bin/cmake /home/aurora/RM25/src/rm_navigation2/nav2_behavior_tree -DAMENT_CMAKE_SYMLINK_INSTALL=1 -DCMAKE_INSTALL_PREFIX=/home/aurora/RM25/install/nav2_behavior_tree
[0.512s] -- The CXX compiler identification is GNU 11.4.0
[1.665s] -- Detecting CXX compiler ABI info
[1.942s] -- Detecting CXX compiler ABI info - done
[1.948s] -- Check for working CXX compiler: /usr/bin/c++ - skipped
[1.949s] -- Detecting CXX compile features
[1.950s] -- Detecting CXX compile features - done
[1.951s] -- Found ament_cmake: 1.3.10 (/opt/ros/humble/share/ament_cmake/cmake)
[2.041s] -- Found Python3: /usr/bin/python3 (found version "3.10.12") found components: Interpreter 
[2.078s] -- Override CMake install command with custom implementation using symlinks instead of copying resources
[2.094s] -- Found nav2_common: 1.1.16 (/opt/ros/humble/share/nav2_common/cmake)
[2.096s] -- Found rclcpp: 16.0.10 (/opt/ros/humble/share/rclcpp/cmake)
[2.543s] -- Found rosidl_generator_c: 3.1.5 (/opt/ros/humble/share/rosidl_generator_c/cmake)
[2.548s] -- Found rosidl_adapter: 3.1.5 (/opt/ros/humble/share/rosidl_adapter/cmake)
[2.554s] -- Found rosidl_generator_cpp: 3.1.5 (/opt/ros/humble/share/rosidl_generator_cpp/cmake)
[2.561s] -- Using all available rosidl_typesupport_c: rosidl_typesupport_fastrtps_c;rosidl_typesupport_introspection_c
[2.571s] -- Using all available rosidl_typesupport_cpp: rosidl_typesupport_fastrtps_cpp;rosidl_typesupport_introspection_cpp
[2.599s] -- Found rmw_implementation_cmake: 6.1.2 (/opt/ros/humble/share/rmw_implementation_cmake/cmake)
[2.601s] -- Found rmw_fastrtps_cpp: 6.2.7 (/opt/ros/humble/share/rmw_fastrtps_cpp/cmake)
[5.084s] -- Found OpenSSL: /usr/lib/x86_64-linux-gnu/libcrypto.so (found version "3.0.2")  
[7.625s] -- Found FastRTPS: /opt/ros/humble/include  
[15.701s] -- Using RMW implementation 'rmw_fastrtps_cpp' as default
[15.709s] -- Looking for C++ include pthread.h
[15.981s] -- Looking for C++ include pthread.h - found
[15.982s] -- Performing Test CMAKE_HAVE_LIBC_PTHREAD
[16.180s] -- Performing Test CMAKE_HAVE_LIBC_PTHREAD - Success
[16.181s] -- Found Threads: TRUE  
[16.213s] -- Found rclcpp_action: 16.0.10 (/opt/ros/humble/share/rclcpp_action/cmake)
[16.236s] -- Found rclcpp_lifecycle: 16.0.10 (/opt/ros/humble/share/rclcpp_lifecycle/cmake)
[16.249s] -- Found geometry_msgs: 4.2.4 (/opt/ros/humble/share/geometry_msgs/cmake)
[16.258s] -- Found sensor_msgs: 4.2.4 (/opt/ros/humble/share/sensor_msgs/cmake)
[16.268s] -- Found nav2_msgs: 1.1.17 (/home/aurora/RM25/install/nav2_msgs/share/nav2_msgs/cmake)
[16.296s] -- Found tf2_ros: 0.25.8 (/opt/ros/humble/share/tf2_ros/cmake)
[16.335s] -- Found tf2_geometry_msgs: 0.25.8 (/opt/ros/humble/share/tf2_geometry_msgs/cmake)
[16.445s] -- Found eigen3_cmake_module: 0.1.1 (/opt/ros/humble/share/eigen3_cmake_module/cmake)
[16.446s] -- Found Eigen3: TRUE (found version "3.4.0") 
[16.446s] -- Ensuring Eigen3 include directory is part of orocos-kdl CMake target
[16.448s] -- Found std_srvs: 4.2.4 (/opt/ros/humble/share/std_srvs/cmake)
[16.453s] -- Found nav2_util: 1.1.17 (/home/aurora/RM25/install/nav2_util/share/nav2_util/cmake)
[16.478s] -- Setting build type to Release as none was specified.
[17.291s] -- Found ament_lint_auto: 0.12.11 (/opt/ros/humble/share/ament_lint_auto/cmake)
[17.371s] -- Found gtest sources under '/opt/ros/humble/src/gtest_vendor': C++ tests using 'Google Test' will be built
[17.568s] -- The C compiler identification is GNU 11.4.0
[18.236s] -- Detecting C compiler ABI info
[18.480s] -- Detecting C compiler ABI info - done
[18.489s] -- Check for working C compiler: /usr/bin/cc - skipped
[18.489s] -- Detecting C compile features
[18.489s] -- Detecting C compile features - done
[19.818s] -- Added test 'copyright' to check source files copyright and LICENSE
[19.823s] -- Added test 'cppcheck' to perform static code analysis on C / C++ code
[19.834s] -- Configured cppcheck include dirs: /home/aurora/RM25/src/rm_navigation2/nav2_behavior_tree/include
[19.834s] -- Configured cppcheck exclude dirs and/or files: 
[19.839s] -- Added test 'cpplint' to check C / C++ code against the Google style
[19.840s] -- Configured cpplint exclude dirs and/or files: 
[19.842s] -- Added test 'lint_cmake' to check CMake code style
[19.845s] -- Added test 'uncrustify' to check C / C++ code style
[19.846s] -- Configured uncrustify additional arguments: 
[19.846s] -- Added test 'xmllint' to check XML markup files
[19.850s] -- Configuring done
[21.440s] -- Generating done
[21.451s] -- Build files have been written to: /home/aurora/RM25/build/nav2_behavior_tree
[21.486s] Invoked command in '/home/aurora/RM25/build/nav2_behavior_tree' returned '0': AMENT_PREFIX_PATH=/home/aurora/RM25/install/nav2_util:/home/aurora/RM25/install/nav2_common:${AMENT_PREFIX_PATH} CMAKE_PREFIX_PATH=/home/aurora/RM25/install/nav2_util:/home/aurora/RM25/install/nav2_msgs:/home/aurora/RM25/install/nav2_common:/home/aurora/RM25/install/rm_robot_description:/home/aurora/RM25/install/nav2_bringup:/home/aurora/RM25/install/four_omniwheel_robot:/home/aurora/ws_helloworld/install/pkg01_helloworld_cpp:/home/aurora/ws_helloworld/install/learning_tf2_cpp:/home/aurora/ws_helloworld/install/pkg02_helloworld_py:/opt/ros/humble LD_LIBRARY_PATH=/home/aurora/RM25/install/nav2_util/lib:${LD_LIBRARY_PATH} PYTHONPATH=/home/aurora/RM25/install/nav2_common/local/lib/python3.10/dist-packages:${PYTHONPATH} /usr/bin/cmake /home/aurora/RM25/src/rm_navigation2/nav2_behavior_tree -DAMENT_CMAKE_SYMLINK_INSTALL=1 -DCMAKE_INSTALL_PREFIX=/home/aurora/RM25/install/nav2_behavior_tree
[21.491s] Invoking command in '/home/aurora/RM25/build/nav2_behavior_tree': AMENT_PREFIX_PATH=/home/aurora/RM25/install/nav2_util:/home/aurora/RM25/install/nav2_common:${AMENT_PREFIX_PATH} CMAKE_PREFIX_PATH=/home/aurora/RM25/install/nav2_util:/home/aurora/RM25/install/nav2_msgs:/home/aurora/RM25/install/nav2_common:/home/aurora/RM25/install/rm_robot_description:/home/aurora/RM25/install/nav2_bringup:/home/aurora/RM25/install/four_omniwheel_robot:/home/aurora/ws_helloworld/install/pkg01_helloworld_cpp:/home/aurora/ws_helloworld/install/learning_tf2_cpp:/home/aurora/ws_helloworld/install/pkg02_helloworld_py:/opt/ros/humble LD_LIBRARY_PATH=/home/aurora/RM25/install/nav2_util/lib:${LD_LIBRARY_PATH} PYTHONPATH=/home/aurora/RM25/install/nav2_common/local/lib/python3.10/dist-packages:${PYTHONPATH} /usr/bin/cmake --build /home/aurora/RM25/build/nav2_behavior_tree -- -j20 -l20
[21.550s] [  1%] [32mBuilding CXX object CMakeFiles/nav2_behavior_tree.dir/src/behavior_tree_engine.cpp.o[0m
[21.552s] [  4%] [32mBuilding CXX object CMakeFiles/nav2_wait_cancel_bt_node.dir/plugins/action/wait_cancel_node.cpp.o[0m
[21.552s] [  4%] [32mBuilding CXX object CMakeFiles/nav2_back_up_cancel_bt_node.dir/plugins/action/back_up_cancel_node.cpp.o[0m
[21.552s] [  4%] [32mBuilding CXX object CMakeFiles/nav2_compute_path_to_pose_action_bt_node.dir/plugins/action/compute_path_to_pose_action.cpp.o[0m
[21.553s] [  5%] [32mBuilding CXX object CMakeFiles/nav2_spin_cancel_bt_node.dir/plugins/action/spin_cancel_node.cpp.o[0m
[21.553s] [  6%] [32mBuilding CXX object CMakeFiles/nav2_assisted_teleop_cancel_bt_node.dir/plugins/action/assisted_teleop_cancel_node.cpp.o[0m
[21.555s] [  7%] [32mBuilding CXX object CMakeFiles/nav2_controller_cancel_bt_node.dir/plugins/action/controller_cancel_node.cpp.o[0m
[21.559s] [  8%] [32mBuilding CXX object CMakeFiles/nav2_back_up_action_bt_node.dir/plugins/action/back_up_action.cpp.o[0m
[21.559s] [  8%] [32mBuilding CXX object CMakeFiles/nav2_drive_on_heading_cancel_bt_node.dir/plugins/action/drive_on_heading_cancel_node.cpp.o[0m
[21.562s] [  9%] [32mBuilding CXX object CMakeFiles/nav2_follow_path_action_bt_node.dir/plugins/action/follow_path_action.cpp.o[0m
[21.563s] [  9%] [32mBuilding CXX object CMakeFiles/nav2_compute_path_through_poses_action_bt_node.dir/plugins/action/compute_path_through_poses_action.cpp.o[0m
[21.567s] [  9%] [32mBuilding CXX object CMakeFiles/nav2_smooth_path_action_bt_node.dir/plugins/action/smooth_path_action.cpp.o[0m
[21.568s] [ 10%] [32mBuilding CXX object CMakeFiles/nav2_assisted_teleop_action_bt_node.dir/plugins/action/assisted_teleop_action.cpp.o[0m
[21.569s] [ 11%] [32mBuilding CXX object CMakeFiles/nav2_wait_action_bt_node.dir/plugins/action/wait_action.cpp.o[0m
[21.577s] [ 12%] [32mBuilding CXX object CMakeFiles/nav2_drive_on_heading_bt_node.dir/plugins/action/drive_on_heading_action.cpp.o[0m
[21.578s] [ 12%] [32mBuilding CXX object CMakeFiles/nav2_spin_action_bt_node.dir/plugins/action/spin_action.cpp.o[0m
[21.649s] [ 15%] [32mBuilding CXX object CMakeFiles/nav2_is_stuck_condition_bt_node.dir/plugins/condition/is_stuck_condition.cpp.o[0m
[21.650s] [ 15%] [32mBuilding CXX object CMakeFiles/nav2_clear_costmap_service_bt_node.dir/plugins/action/clear_costmap_service.cpp.o[0m
[21.653s] [ 15%] [32mBuilding CXX object CMakeFiles/nav2_transform_available_condition_bt_node.dir/plugins/condition/transform_available_condition.cpp.o[0m
[21.670s] [ 15%] [32mBuilding CXX object CMakeFiles/nav2_goal_reached_condition_bt_node.dir/plugins/condition/goal_reached_condition.cpp.o[0m
[50.476s] [ 15%] [32m[1mLinking CXX shared library libnav2_back_up_cancel_bt_node.so[0m
[50.759s] [ 15%] [32m[1mLinking CXX shared library libnav2_behavior_tree.so[0m
[51.048s] [ 15%] Built target nav2_back_up_cancel_bt_node
[51.084s] [ 15%] [32mBuilding CXX object CMakeFiles/nav2_globally_updated_goal_condition_bt_node.dir/plugins/condition/globally_updated_goal_condition.cpp.o[0m
[51.131s] [ 15%] Built target nav2_behavior_tree
[51.158s] [ 15%] [32mBuilding CXX object CMakeFiles/nav2_goal_updated_condition_bt_node.dir/plugins/condition/goal_updated_condition.cpp.o[0m
[52.456s] [ 15%] [32m[1mLinking CXX shared library libnav2_transform_available_condition_bt_node.so[0m
[52.495s] [ 15%] [32m[1mLinking CXX shared library libnav2_controller_cancel_bt_node.so[0m
[52.968s] [ 15%] Built target nav2_controller_cancel_bt_node
[52.989s] [ 15%] Built target nav2_transform_available_condition_bt_node
[52.995s] [ 16%] [32mBuilding CXX object CMakeFiles/nav2_is_path_valid_condition_bt_node.dir/plugins/condition/is_path_valid_condition.cpp.o[0m
[53.015s] [ 17%] [32mBuilding CXX object CMakeFiles/nav2_time_expired_condition_bt_node.dir/plugins/condition/time_expired_condition.cpp.o[0m
[53.122s] [ 17%] [32m[1mLinking CXX shared library libnav2_goal_updated_condition_bt_node.so[0m
[53.483s] [ 17%] Built target nav2_goal_updated_condition_bt_node
[53.514s] [ 18%] [32mBuilding CXX object CMakeFiles/nav2_path_expiring_timer_condition.dir/plugins/condition/path_expiring_timer_condition.cpp.o[0m
[58.411s] [01m[Kc++:[m[K [01;31m[Kfatal error: [m[KKilled signal terminated program cc1plus
[58.415s] compilation terminated.
[58.416s] gmake[2]: *** [CMakeFiles/nav2_back_up_action_bt_node.dir/build.make:76: CMakeFiles/nav2_back_up_action_bt_node.dir/plugins/action/back_up_action.cpp.o] Error 1
[58.425s] gmake[1]: *** [CMakeFiles/Makefile2:724: CMakeFiles/nav2_back_up_action_bt_node.dir/all] Error 2
[58.426s] gmake[1]: *** Waiting for unfinished jobs....
[58.644s] [ 19%] [32m[1mLinking CXX shared library libnav2_goal_reached_condition_bt_node.so[0m
[59.241s] [ 20%] [32m[1mLinking CXX shared library libnav2_globally_updated_goal_condition_bt_node.so[0m
[59.297s] [ 20%] Built target nav2_goal_reached_condition_bt_node
[59.526s] [ 21%] [32m[1mLinking CXX shared library libnav2_drive_on_heading_cancel_bt_node.so[0m
[59.562s] [ 21%] Built target nav2_globally_updated_goal_condition_bt_node
[59.869s] [ 21%] Built target nav2_drive_on_heading_cancel_bt_node
[60.278s] [ 21%] [32m[1mLinking CXX shared library libnav2_spin_cancel_bt_node.so[0m
[60.670s] [ 21%] Built target nav2_spin_cancel_bt_node
[61.265s] [ 21%] [32m[1mLinking CXX shared library libnav2_time_expired_condition_bt_node.so[0m
[61.614s] [ 21%] Built target nav2_time_expired_condition_bt_node
[61.999s] [ 21%] [32m[1mLinking CXX shared library libnav2_path_expiring_timer_condition.so[0m
[62.096s] [ 21%] [32m[1mLinking CXX shared library libnav2_wait_cancel_bt_node.so[0m
[62.344s] [ 21%] Built target nav2_path_expiring_timer_condition
[62.463s] [ 21%] Built target nav2_wait_cancel_bt_node
[62.752s] [ 21%] [32m[1mLinking CXX shared library libnav2_is_path_valid_condition_bt_node.so[0m
[62.914s] [ 21%] [32m[1mLinking CXX shared library libnav2_assisted_teleop_cancel_bt_node.so[0m
[63.068s] [ 21%] Built target nav2_is_path_valid_condition_bt_node
[63.214s] [ 21%] Built target nav2_assisted_teleop_cancel_bt_node
[63.790s] [ 21%] [32m[1mLinking CXX shared library libnav2_clear_costmap_service_bt_node.so[0m
[64.147s] [ 21%] Built target nav2_clear_costmap_service_bt_node
[64.568s] [ 21%] [32m[1mLinking CXX shared library libnav2_spin_action_bt_node.so[0m
[64.649s] [ 22%] [32m[1mLinking CXX shared library libnav2_drive_on_heading_bt_node.so[0m
[64.682s] [ 22%] [32m[1mLinking CXX shared library libnav2_wait_action_bt_node.so[0m
[64.876s] [ 22%] Built target nav2_spin_action_bt_node
[64.937s] [ 22%] Built target nav2_drive_on_heading_bt_node
[65.023s] [ 22%] Built target nav2_wait_action_bt_node
[65.333s] [ 22%] [32m[1mLinking CXX shared library libnav2_compute_path_to_pose_action_bt_node.so[0m
[65.624s] [ 22%] Built target nav2_compute_path_to_pose_action_bt_node
[65.820s] [ 22%] [32m[1mLinking CXX shared library libnav2_compute_path_through_poses_action_bt_node.so[0m
[65.909s] [ 22%] [32m[1mLinking CXX shared library libnav2_smooth_path_action_bt_node.so[0m
[66.092s] [ 22%] Built target nav2_compute_path_through_poses_action_bt_node
[66.183s] [ 22%] Built target nav2_smooth_path_action_bt_node
[67.076s] [ 22%] [32m[1mLinking CXX shared library libnav2_assisted_teleop_action_bt_node.so[0m
[67.432s] [ 22%] Built target nav2_assisted_teleop_action_bt_node
[67.675s] [ 22%] [32m[1mLinking CXX shared library libnav2_is_stuck_condition_bt_node.so[0m
[67.765s] [ 23%] [32m[1mLinking CXX shared library libnav2_follow_path_action_bt_node.so[0m
[68.015s] [ 23%] Built target nav2_is_stuck_condition_bt_node
[68.069s] [ 23%] Built target nav2_follow_path_action_bt_node
[68.080s] gmake: *** [Makefile:146: all] Error 2
