[0.439s] Invoking command in '/home/aurora/RM25/src/build/nav2_velocity_smoother': AMENT_PREFIX_PATH=/home/aurora/RM25/src/install/nav2_util:/home/aurora/RM25/src/install/nav2_msgs:/home/aurora/RM25/src/install/nav2_common:${AMENT_PREFIX_PATH} CMAKE_PREFIX_PATH=/home/aurora/RM25/src/install/nav2_util:/home/aurora/RM25/src/install/nav2_msgs:/home/aurora/RM25/src/install/nav2_common:/home/aurora/RM25/install/rm_robot_description:/home/aurora/RM25/install/nav2_msgs:/home/aurora/RM25/install/nav2_bringup:/home/aurora/RM25/install/four_omniwheel_robot:/home/aurora/ws_helloworld/install/pkg01_helloworld_cpp:/home/aurora/ws_helloworld/install/learning_tf2_cpp:/home/aurora/ws_helloworld/install/pkg02_helloworld_py:/opt/ros/humble LD_LIBRARY_PATH=/home/aurora/RM25/src/install/nav2_util/lib:/home/aurora/RM25/src/install/nav2_msgs/lib:${LD_LIBRARY_PATH} PYTHONPATH=/home/aurora/RM25/src/install/nav2_msgs/local/lib/python3.10/dist-packages:/home/aurora/RM25/src/install/nav2_common/local/lib/python3.10/dist-packages:${PYTHONPATH} /usr/bin/cmake /home/aurora/RM25/src/rm_navigation2/nav2_velocity_smoother -DAMENT_CMAKE_SYMLINK_INSTALL=1 -DCMAKE_INSTALL_PREFIX=/home/aurora/RM25/src/install/nav2_velocity_smoother
[0.644s] -- The C compiler identification is GNU 11.4.0
[2.003s] -- The CXX compiler identification is GNU 11.4.0
[3.278s] -- Detecting C compiler ABI info
[3.583s] -- Detecting C compiler ABI info - done
[3.587s] -- Check for working C compiler: /usr/bin/cc - skipped
[3.587s] -- Detecting C compile features
[3.587s] -- Detecting C compile features - done
[3.589s] -- Detecting CXX compiler ABI info
[3.830s] -- Detecting CXX compiler ABI info - done
[3.834s] -- Check for working CXX compiler: /usr/bin/c++ - skipped
[3.834s] -- Detecting CXX compile features
[3.835s] -- Detecting CXX compile features - done
[3.836s] -- Found ament_cmake: 1.3.10 (/opt/ros/humble/share/ament_cmake/cmake)
[3.934s] -- Found Python3: /usr/bin/python3 (found version "3.10.12") found components: Interpreter 
[3.974s] -- Override CMake install command with custom implementation using symlinks instead of copying resources
[3.992s] -- Found nav2_common: 1.1.16 (/opt/ros/humble/share/nav2_common/cmake)
[3.993s] -- Found rclcpp: 16.0.10 (/opt/ros/humble/share/rclcpp/cmake)
[4.366s] -- Found rosidl_generator_c: 3.1.5 (/opt/ros/humble/share/rosidl_generator_c/cmake)
[4.369s] -- Found rosidl_adapter: 3.1.5 (/opt/ros/humble/share/rosidl_adapter/cmake)
[4.375s] -- Found rosidl_generator_cpp: 3.1.5 (/opt/ros/humble/share/rosidl_generator_cpp/cmake)
[4.382s] -- Using all available rosidl_typesupport_c: rosidl_typesupport_fastrtps_c;rosidl_typesupport_introspection_c
[4.394s] -- Using all available rosidl_typesupport_cpp: rosidl_typesupport_fastrtps_cpp;rosidl_typesupport_introspection_cpp
[4.421s] -- Found rmw_implementation_cmake: 6.1.2 (/opt/ros/humble/share/rmw_implementation_cmake/cmake)
[4.423s] -- Found rmw_fastrtps_cpp: 6.2.7 (/opt/ros/humble/share/rmw_fastrtps_cpp/cmake)
[8.189s] -- Found OpenSSL: /usr/lib/x86_64-linux-gnu/libcrypto.so (found version "3.0.2")  
[12.313s] -- Found FastRTPS: /opt/ros/humble/include  
[22.050s] -- Using RMW implementation 'rmw_fastrtps_cpp' as default
[22.058s] -- Looking for pthread.h
[22.241s] -- Looking for pthread.h - found
[22.241s] -- Performing Test CMAKE_HAVE_LIBC_PTHREAD
[22.454s] -- Performing Test CMAKE_HAVE_LIBC_PTHREAD - Success
[22.455s] -- Found Threads: TRUE  
[22.494s] -- Found rclcpp_components: 16.0.10 (/opt/ros/humble/share/rclcpp_components/cmake)
[22.516s] -- Found geometry_msgs: 4.2.4 (/opt/ros/humble/share/geometry_msgs/cmake)
[22.524s] -- Found nav2_util: 1.1.17 (/home/aurora/RM25/src/install/nav2_util/share/nav2_util/cmake)
[22.689s] -- Found eigen3_cmake_module: 0.1.1 (/opt/ros/humble/share/eigen3_cmake_module/cmake)
[22.690s] -- Found Eigen3: TRUE (found version "3.4.0") 
[22.690s] -- Ensuring Eigen3 include directory is part of orocos-kdl CMake target
[22.725s] -- Setting build type to Release as none was specified.
[22.749s] -- Found ament_lint_auto: 0.12.11 (/opt/ros/humble/share/ament_lint_auto/cmake)
[22.806s] -- Found gtest sources under '/opt/ros/humble/src/gtest_vendor': C++ tests using 'Google Test' will be built
[22.823s] -- Added test 'cppcheck' to perform static code analysis on C / C++ code
[22.823s] -- Configured cppcheck include dirs: /home/aurora/RM25/src/rm_navigation2/nav2_velocity_smoother/include
[22.823s] -- Configured cppcheck exclude dirs and/or files: 
[22.825s] -- Added test 'cpplint' to check C / C++ code against the Google style
[22.825s] -- Configured cpplint exclude dirs and/or files: 
[22.825s] -- Added test 'lint_cmake' to check CMake code style
[22.826s] -- Added test 'uncrustify' to check C / C++ code style
[22.826s] -- Configured uncrustify additional arguments: 
[22.826s] -- Added test 'xmllint' to check XML markup files
[22.829s] -- Configuring done
[22.882s] -- Generating done
[22.885s] -- Build files have been written to: /home/aurora/RM25/src/build/nav2_velocity_smoother
[22.897s] Invoked command in '/home/aurora/RM25/src/build/nav2_velocity_smoother' returned '0': AMENT_PREFIX_PATH=/home/aurora/RM25/src/install/nav2_util:/home/aurora/RM25/src/install/nav2_msgs:/home/aurora/RM25/src/install/nav2_common:${AMENT_PREFIX_PATH} CMAKE_PREFIX_PATH=/home/aurora/RM25/src/install/nav2_util:/home/aurora/RM25/src/install/nav2_msgs:/home/aurora/RM25/src/install/nav2_common:/home/aurora/RM25/install/rm_robot_description:/home/aurora/RM25/install/nav2_msgs:/home/aurora/RM25/install/nav2_bringup:/home/aurora/RM25/install/four_omniwheel_robot:/home/aurora/ws_helloworld/install/pkg01_helloworld_cpp:/home/aurora/ws_helloworld/install/learning_tf2_cpp:/home/aurora/ws_helloworld/install/pkg02_helloworld_py:/opt/ros/humble LD_LIBRARY_PATH=/home/aurora/RM25/src/install/nav2_util/lib:/home/aurora/RM25/src/install/nav2_msgs/lib:${LD_LIBRARY_PATH} PYTHONPATH=/home/aurora/RM25/src/install/nav2_msgs/local/lib/python3.10/dist-packages:/home/aurora/RM25/src/install/nav2_common/local/lib/python3.10/dist-packages:${PYTHONPATH} /usr/bin/cmake /home/aurora/RM25/src/rm_navigation2/nav2_velocity_smoother -DAMENT_CMAKE_SYMLINK_INSTALL=1 -DCMAKE_INSTALL_PREFIX=/home/aurora/RM25/src/install/nav2_velocity_smoother
[22.899s] Invoking command in '/home/aurora/RM25/src/build/nav2_velocity_smoother': AMENT_PREFIX_PATH=/home/aurora/RM25/src/install/nav2_util:/home/aurora/RM25/src/install/nav2_msgs:/home/aurora/RM25/src/install/nav2_common:${AMENT_PREFIX_PATH} CMAKE_PREFIX_PATH=/home/aurora/RM25/src/install/nav2_util:/home/aurora/RM25/src/install/nav2_msgs:/home/aurora/RM25/src/install/nav2_common:/home/aurora/RM25/install/rm_robot_description:/home/aurora/RM25/install/nav2_msgs:/home/aurora/RM25/install/nav2_bringup:/home/aurora/RM25/install/four_omniwheel_robot:/home/aurora/ws_helloworld/install/pkg01_helloworld_cpp:/home/aurora/ws_helloworld/install/learning_tf2_cpp:/home/aurora/ws_helloworld/install/pkg02_helloworld_py:/opt/ros/humble LD_LIBRARY_PATH=/home/aurora/RM25/src/install/nav2_util/lib:/home/aurora/RM25/src/install/nav2_msgs/lib:${LD_LIBRARY_PATH} PYTHONPATH=/home/aurora/RM25/src/install/nav2_msgs/local/lib/python3.10/dist-packages:/home/aurora/RM25/src/install/nav2_common/local/lib/python3.10/dist-packages:${PYTHONPATH} /usr/bin/cmake --build /home/aurora/RM25/src/build/nav2_velocity_smoother -- -j20 -l20
[22.929s] [ 10%] [32mBuilding CXX object CMakeFiles/velocity_smoother_core.dir/src/velocity_smoother.cpp.o[0m
[22.929s] [ 20%] [32mBuilding CXX object gtest/CMakeFiles/gtest_main.dir/src/gtest_main.cc.o[0m
[22.930s] [ 30%] [32mBuilding CXX object gtest/CMakeFiles/gtest.dir/src/gtest-all.cc.o[0m
[23.699s] [ 40%] [32m[1mLinking CXX static library libgtest_main.a[0m
[23.728s] [ 40%] Built target gtest_main
[45.110s] [01m[Kc++:[m[K [01;31m[Kfatal error: [m[KKilled signal terminated program cc1plus
[45.128s] compilation terminated.
[45.128s] gmake[2]: *** [CMakeFiles/velocity_smoother_core.dir/build.make:76: CMakeFiles/velocity_smoother_core.dir/src/velocity_smoother.cpp.o] Error 1
[45.128s] gmake[1]: *** [CMakeFiles/Makefile2:174: CMakeFiles/velocity_smoother_core.dir/all] Error 2
[45.128s] gmake[1]: *** Waiting for unfinished jobs....
[47.041s] [ 50%] [32m[1mLinking CXX static library libgtest.a[0m
[47.159s] [ 50%] Built target gtest
[47.188s] gmake: *** [Makefile:146: all] Error 2
