[0m/usr/include/apr-1.0[0m
[0mapr-1[0m
In file included from [01m[K/home/aurora/RM25/src/rm_driver/livox_ros_driver2/src/include/ros_headers.h:31[m[K,
                 from [01m[K/home/aurora/RM25/src/rm_driver/livox_ros_driver2/src/driver_node.h:28[m[K,
                 from [01m[K/home/aurora/RM25/src/rm_driver/livox_ros_driver2/src/lddc.h:30[m[K,
                 from [01m[K/home/aurora/RM25/src/rm_driver/livox_ros_driver2/src/lddc.cpp:25[m[K:
[01m[K/home/aurora/RM25/src/rm_driver/livox_ros_driver2/src/include/ros2_headers.h:37:10:[m[K [01;31m[Kfatal error: [m[Klivox_ros_driver2/msg/custom_point.hpp: No such file or directory
   37 | #include [01;31m[K"livox_ros_driver2/msg/custom_point.hpp"[m[K
      |          [01;31m[K^~~~~~~~~~~~~~~~~~~~~~~~~~~~~~~~~~~~~~~~[m[K
compilation terminated.
gmake[2]: *** [CMakeFiles/livox_drive_lib.dir/build.make:90: CMakeFiles/livox_drive_lib.dir/src/lddc.cpp.o] Error 1
gmake[2]: *** Waiting for unfinished jobs....
In file included from [01m[K/home/aurora/RM25/src/rm_driver/livox_ros_driver2/src/include/ros_headers.h:31[m[K,
                 from [01m[K/home/aurora/RM25/src/rm_driver/livox_ros_driver2/src/driver_node.h:28[m[K,
                 from [01m[K/home/aurora/RM25/src/rm_driver/livox_ros_driver2/src/driver_node.cpp:25[m[K:
[01m[K/home/aurora/RM25/src/rm_driver/livox_ros_driver2/src/include/ros2_headers.h:37:10:[m[K [01;31m[Kfatal error: [m[Klivox_ros_driver2/msg/custom_point.hpp: No such file or directory
   37 | #include [01;31m[K"livox_ros_driver2/msg/custom_point.hpp"[m[K
      |          [01;31m[K^~~~~~~~~~~~~~~~~~~~~~~~~~~~~~~~~~~~~~~~[m[K
compilation terminated.
In file included from [01m[K/home/aurora/RM25/src/rm_driver/livox_ros_driver2/src/include/ros_headers.h:31[m[K,
                 from [01m[K/home/aurora/RM25/src/rm_driver/livox_ros_driver2/src/livox_ros_driver2.cpp:32[m[K:
[01m[K/home/aurora/RM25/src/rm_driver/livox_ros_driver2/src/include/ros2_headers.h:37:10:[m[K [01;31m[Kfatal error: [m[Klivox_ros_driver2/msg/custom_point.hpp: No such file or directory
   37 | #include [01;31m[K"livox_ros_driver2/msg/custom_point.hpp"[m[K
      |          [01;31m[K^~~~~~~~~~~~~~~~~~~~~~~~~~~~~~~~~~~~~~~~[m[K
compilation terminated.
gmake[2]: *** [CMakeFiles/livox_drive_lib.dir/build.make:104: CMakeFiles/livox_drive_lib.dir/src/driver_node.cpp.o] Error 1
gmake[2]: *** [CMakeFiles/livox_drive_lib.dir/build.make:76: CMakeFiles/livox_drive_lib.dir/src/livox_ros_driver2.cpp.o] Error 1
gmake[1]: *** [CMakeFiles/Makefile2:594: CMakeFiles/livox_drive_lib.dir/all] Error 2
gmake[1]: *** Waiting for unfinished jobs....
gmake: *** [Makefile:146: all] Error 2
