[  5%] [32mBuilding CXX object CMakeFiles/input_at_waypoint.dir/plugins/input_at_waypoint.cpp.o[0m
[ 11%] [32mBuilding CXX object CMakeFiles/waypoint_follower_core.dir/src/waypoint_follower.cpp.o[0m
[ 16%] [32mBuilding CXX object CMakeFiles/photo_at_waypoint.dir/plugins/photo_at_waypoint.cpp.o[0m
[ 27%] Built target wait_at_waypoint
[ 38%] Built target gtest_main
[ 50%] Built target gtest
[01m[Kc++:[m[K [01;31m[Kfatal error: [m[KKilled signal terminated program cc1plus
compilation terminated.
gmake[2]: *** [CMakeFiles/photo_at_waypoint.dir/build.make:76: CMakeFiles/photo_at_waypoint.dir/plugins/photo_at_waypoint.cpp.o] Error 1
gmake[1]: *** [CMakeFiles/Makefile2:260: CMakeFiles/photo_at_waypoint.dir/all] Error 2
gmake[1]: *** Waiting for unfinished jobs....
[ 55%] [32m[1mLinking CXX shared library libinput_at_waypoint.so[0m
[ 55%] Built target input_at_waypoint
[ 61%] [32m[1mLinking CXX shared library libwaypoint_follower_core.so[0m
[ 61%] Built target waypoint_follower_core
gmake: *** [Makefile:146: all] Error 2
