[0.990s] Invoking command in '/home/aurora/RM25/build/nav2_smac_planner': CMAKE_PREFIX_PATH=/home/aurora/RM25/install/nav2_core:/home/aurora/RM25/install/nav2_costmap_2d:/home/aurora/RM25/install/nav2_map_server:/home/aurora/RM25/install/nav2_lifecycle_manager:/home/aurora/RM25/install/nav2_util:/home/aurora/RM25/install/nav2_voxel_grid:/home/aurora/RM25/install/nav2_msgs:/home/aurora/RM25/install/nav2_common:/home/aurora/RM25/install/rm_robot_description:/home/aurora/RM25/install/opennav_docking_core:/home/aurora/RM25/install/nav_2d_utils:/home/aurora/RM25/install/dwb_msgs:/home/aurora/RM25/install/nav_2d_msgs:/home/aurora/RM25/install/costmap_queue:/home/aurora/RM25/install/nav2_velocity_smoother:/home/aurora/RM25/install/nav2_rviz_plugins:/home/aurora/RM25/install/nav2_behavior_tree:/home/aurora/RM25/install/nav2_amcl:/home/aurora/ws_helloworld/install/pkg01_helloworld_cpp:/home/aurora/ws_helloworld/install/learning_tf2_cpp:/home/aurora/RM25/install/nav2_simple_commander:/home/aurora/RM25/install/nav2_loopback_sim:/home/aurora/ws_helloworld/install/pkg02_helloworld_py:/opt/ros/humble LD_LIBRARY_PATH=/home/aurora/RM25/install/nav2_costmap_2d/lib:/home/aurora/RM25/install/nav2_map_server/lib:/home/aurora/RM25/install/nav2_lifecycle_manager/lib:/home/aurora/RM25/install/nav2_util/lib:/home/aurora/RM25/install/nav2_voxel_grid/lib:/home/aurora/RM25/install/nav2_msgs/lib:/home/aurora/RM25/install/nav_2d_utils/lib:/home/aurora/RM25/install/dwb_msgs/lib:/home/aurora/RM25/install/nav_2d_msgs/lib:/home/aurora/RM25/install/costmap_queue/lib:/home/aurora/RM25/install/nav2_velocity_smoother/lib:/home/aurora/RM25/install/nav2_rviz_plugins/lib:/home/aurora/RM25/install/nav2_behavior_tree/lib:/home/aurora/RM25/install/nav2_amcl/lib:/usr/lib/x86_64-linux-gnu/gazebo-11/plugins:/opt/ros/humble/opt/rviz_ogre_vendor/lib:/opt/ros/humble/lib/x86_64-linux-gnu:/opt/ros/humble/lib /usr/bin/cmake --build /home/aurora/RM25/build/nav2_smac_planner -- -j20 -l20
[1.053s] [35m[1mConsolidate compiler generated dependencies of target nav2_smac_planner_lattice[0m
[1.053s] [35m[1mConsolidate compiler generated dependencies of target nav2_smac_planner_2d[0m
[1.054s] [  3%] Built target gtest_main
[1.054s] [  6%] Built target gtest
[1.054s] [35m[1mConsolidate compiler generated dependencies of target nav2_smac_planner[0m
[1.077s] [  8%] [32mBuilding CXX object CMakeFiles/nav2_smac_planner_2d.dir/src/smac_planner_2d.cpp.o[0m
[1.078s] [ 10%] [32mBuilding CXX object CMakeFiles/nav2_smac_planner_2d.dir/src/a_star.cpp.o[0m
[1.078s] [ 11%] [32mBuilding CXX object CMakeFiles/nav2_smac_planner_lattice.dir/src/smac_planner_lattice.cpp.o[0m
[1.078s] [ 13%] [32mBuilding CXX object CMakeFiles/nav2_smac_planner_lattice.dir/src/a_star.cpp.o[0m
[1.090s] [ 15%] [32mBuilding CXX object CMakeFiles/nav2_smac_planner.dir/src/smac_planner_hybrid.cpp.o[0m
[1.091s] [ 16%] [32mBuilding CXX object CMakeFiles/nav2_smac_planner.dir/src/a_star.cpp.o[0m
[1.121s] [ 20%] [32mBuilding CXX object CMakeFiles/nav2_smac_planner_lattice.dir/src/node_2d.cpp.o[0m
[1.122s] [ 20%] [32mBuilding CXX object CMakeFiles/nav2_smac_planner_lattice.dir/src/analytic_expansion.cpp.o[0m
[1.122s] [ 22%] [32mBuilding CXX object CMakeFiles/nav2_smac_planner_lattice.dir/src/costmap_downsampler.cpp.o[0m
[1.122s] [ 23%] [32mBuilding CXX object CMakeFiles/nav2_smac_planner_lattice.dir/src/node_basic.cpp.o[0m
[1.133s] [ 25%] [32mBuilding CXX object CMakeFiles/nav2_smac_planner.dir/src/costmap_downsampler.cpp.o[0m
[1.134s] [ 27%] [32mBuilding CXX object CMakeFiles/nav2_smac_planner_2d.dir/src/node_hybrid.cpp.o[0m
[1.135s] [ 28%] [32mBuilding CXX object CMakeFiles/nav2_smac_planner_2d.dir/src/analytic_expansion.cpp.o[0m
[1.140s] [ 30%] [32mBuilding CXX object CMakeFiles/nav2_smac_planner_lattice.dir/src/node_lattice.cpp.o[0m
[1.150s] [ 32%] [32mBuilding CXX object CMakeFiles/nav2_smac_planner_2d.dir/src/node_lattice.cpp.o[0m
[1.156s] [ 33%] [32mBuilding CXX object CMakeFiles/nav2_smac_planner.dir/src/node_lattice.cpp.o[0m
[1.159s] [ 35%] [32mBuilding CXX object CMakeFiles/nav2_smac_planner_2d.dir/src/costmap_downsampler.cpp.o[0m
[71.797s] [01m[Kc++:[m[K [01;31m[Kfatal error: [m[KKilled signal terminated program cc1plus
[71.803s] compilation terminated.
[71.804s] gmake[2]: *** [CMakeFiles/nav2_smac_planner_lattice.dir/build.make:132: CMakeFiles/nav2_smac_planner_lattice.dir/src/analytic_expansion.cpp.o] Error 1
[71.804s] gmake[2]: *** Waiting for unfinished jobs....
[85.666s] [01m[Kc++:[m[K [01;31m[Kfatal error: [m[KKilled signal terminated program cc1plus
[85.675s] compilation terminated.
[85.676s] gmake[2]: *** [CMakeFiles/nav2_smac_planner_2d.dir/build.make:146: CMakeFiles/nav2_smac_planner_2d.dir/src/node_hybrid.cpp.o] Error 1
[85.676s] gmake[2]: *** Waiting for unfinished jobs....
[111.925s] [01m[Kc++:[m[K [01;31m[Kfatal error: [m[KKilled signal terminated program cc1plus
[111.933s] compilation terminated.
[111.934s] gmake[2]: *** [CMakeFiles/nav2_smac_planner_2d.dir/build.make:160: CMakeFiles/nav2_smac_planner_2d.dir/src/node_lattice.cpp.o] Error 1
[139.103s] [01m[Kc++:[m[K [01;31m[Kfatal error: [m[KKilled signal terminated program cc1plus
[139.110s] compilation terminated.
[139.113s] gmake[2]: *** [CMakeFiles/nav2_smac_planner_lattice.dir/build.make:160: CMakeFiles/nav2_smac_planner_lattice.dir/src/node_lattice.cpp.o] Error 1
[168.469s] [01m[Kc++:[m[K [01;31m[Kfatal error: [m[KKilled signal terminated program cc1plus
[168.475s] compilation terminated.
[168.476s] gmake[2]: *** [CMakeFiles/nav2_smac_planner.dir/build.make:160: CMakeFiles/nav2_smac_planner.dir/src/node_lattice.cpp.o] Error 1
[168.476s] gmake[2]: *** Waiting for unfinished jobs....
[178.043s] [01m[Kc++:[m[K [01;31m[Kfatal error: [m[KKilled signal terminated program cc1plus
[178.051s] compilation terminated.
[178.051s] gmake[2]: *** [CMakeFiles/nav2_smac_planner_2d.dir/build.make:132: CMakeFiles/nav2_smac_planner_2d.dir/src/analytic_expansion.cpp.o] Error 1
[201.596s] [01m[Kc++:[m[K [01;31m[Kfatal error: [m[KKilled signal terminated program cc1plus
[201.600s] compilation terminated.
[201.601s] gmake[2]: *** [CMakeFiles/nav2_smac_planner_2d.dir/build.make:76: CMakeFiles/nav2_smac_planner_2d.dir/src/smac_planner_2d.cpp.o] Error 1
[221.781s] [01m[Kc++:[m[K [01;31m[Kfatal error: [m[KKilled signal terminated program cc1plus
[221.800s] compilation terminated.
[221.800s] gmake[2]: *** [CMakeFiles/nav2_smac_planner.dir/build.make:76: CMakeFiles/nav2_smac_planner.dir/src/smac_planner_hybrid.cpp.o] Error 1
[234.293s] [01m[Kc++:[m[K [01;31m[Kfatal error: [m[KKilled signal terminated program cc1plus
[234.303s] compilation terminated.
[234.304s] gmake[2]: *** [CMakeFiles/nav2_smac_planner_lattice.dir/build.make:76: CMakeFiles/nav2_smac_planner_lattice.dir/src/smac_planner_lattice.cpp.o] Error 1
[283.304s] [01m[Kc++:[m[K [01;31m[Kfatal error: [m[KKilled signal terminated program cc1plus
[283.311s] compilation terminated.
[283.311s] gmake[2]: *** [CMakeFiles/nav2_smac_planner.dir/build.make:90: CMakeFiles/nav2_smac_planner.dir/src/a_star.cpp.o] Error 1
[348.131s] [01m[Kc++:[m[K [01;31m[Kfatal error: [m[KKilled signal terminated program cc1plus
[348.137s] compilation terminated.
[348.138s] gmake[2]: *** [CMakeFiles/nav2_smac_planner_lattice.dir/build.make:202: CMakeFiles/nav2_smac_planner_lattice.dir/src/node_basic.cpp.o] Error 1
[400.046s] gmake[1]: *** [CMakeFiles/Makefile2:196: CMakeFiles/nav2_smac_planner.dir/all] Error 2
[400.049s] gmake[1]: *** Waiting for unfinished jobs....
[446.000s] gmake[1]: *** [CMakeFiles/Makefile2:222: CMakeFiles/nav2_smac_planner_2d.dir/all] Error 2
[446.085s] gmake[1]: *** [CMakeFiles/Makefile2:248: CMakeFiles/nav2_smac_planner_lattice.dir/all] Error 2
[446.093s] gmake: *** [Makefile:146: all] Error 2
