[0.383s] Invoking command in '/home/aurora/RM25/build/nav2_velocity_smoother': AMENT_PREFIX_PATH=/home/aurora/RM25/install/nav2_util:/home/aurora/RM25/install/nav2_common:${AMENT_PREFIX_PATH} CMAKE_PREFIX_PATH=/home/aurora/RM25/install/nav2_util:/home/aurora/RM25/install/nav2_msgs:/home/aurora/RM25/install/nav2_common:/home/aurora/RM25/install/rm_robot_description:/home/aurora/RM25/install/nav2_bringup:/home/aurora/RM25/install/four_omniwheel_robot:/home/aurora/ws_helloworld/install/pkg01_helloworld_cpp:/home/aurora/ws_helloworld/install/learning_tf2_cpp:/home/aurora/ws_helloworld/install/pkg02_helloworld_py:/opt/ros/humble LD_LIBRARY_PATH=/home/aurora/RM25/install/nav2_util/lib:${LD_LIBRARY_PATH} PYTHONPATH=/home/aurora/RM25/install/nav2_common/local/lib/python3.10/dist-packages:${PYTHONPATH} /usr/bin/cmake /home/aurora/RM25/src/rm_navigation2/nav2_velocity_smoother -DAMENT_CMAKE_SYMLINK_INSTALL=1 -DCMAKE_INSTALL_PREFIX=/home/aurora/RM25/install/nav2_velocity_smoother
[0.593s] -- The C compiler identification is GNU 11.4.0
[1.935s] -- The CXX compiler identification is GNU 11.4.0
[2.980s] -- Detecting C compiler ABI info
[3.158s] -- Detecting C compiler ABI info - done
[3.162s] -- Check for working C compiler: /usr/bin/cc - skipped
[3.163s] -- Detecting C compile features
[3.163s] -- Detecting C compile features - done
[3.164s] -- Detecting CXX compiler ABI info
[3.347s] -- Detecting CXX compiler ABI info - done
[3.351s] -- Check for working CXX compiler: /usr/bin/c++ - skipped
[3.352s] -- Detecting CXX compile features
[3.352s] -- Detecting CXX compile features - done
[3.354s] -- Found ament_cmake: 1.3.10 (/opt/ros/humble/share/ament_cmake/cmake)
[3.445s] -- Found Python3: /usr/bin/python3 (found version "3.10.12") found components: Interpreter 
[3.485s] -- Override CMake install command with custom implementation using symlinks instead of copying resources
[3.502s] -- Found nav2_common: 1.1.16 (/opt/ros/humble/share/nav2_common/cmake)
[3.503s] -- Found rclcpp: 16.0.10 (/opt/ros/humble/share/rclcpp/cmake)
[3.676s] -- Found rosidl_generator_c: 3.1.5 (/opt/ros/humble/share/rosidl_generator_c/cmake)
[3.680s] -- Found rosidl_adapter: 3.1.5 (/opt/ros/humble/share/rosidl_adapter/cmake)
[3.686s] -- Found rosidl_generator_cpp: 3.1.5 (/opt/ros/humble/share/rosidl_generator_cpp/cmake)
[3.693s] -- Using all available rosidl_typesupport_c: rosidl_typesupport_fastrtps_c;rosidl_typesupport_introspection_c
[3.703s] -- Using all available rosidl_typesupport_cpp: rosidl_typesupport_fastrtps_cpp;rosidl_typesupport_introspection_cpp
[3.728s] -- Found rmw_implementation_cmake: 6.1.2 (/opt/ros/humble/share/rmw_implementation_cmake/cmake)
[3.730s] -- Found rmw_fastrtps_cpp: 6.2.7 (/opt/ros/humble/share/rmw_fastrtps_cpp/cmake)
[5.634s] -- Found OpenSSL: /usr/lib/x86_64-linux-gnu/libcrypto.so (found version "3.0.2")  
[7.677s] -- Found FastRTPS: /opt/ros/humble/include  
[12.961s] -- Using RMW implementation 'rmw_fastrtps_cpp' as default
[12.967s] -- Looking for pthread.h
[13.383s] -- Looking for pthread.h - found
[13.383s] -- Performing Test CMAKE_HAVE_LIBC_PTHREAD
[13.713s] -- Performing Test CMAKE_HAVE_LIBC_PTHREAD - Success
[13.713s] -- Found Threads: TRUE  
[13.743s] -- Found rclcpp_components: 16.0.10 (/opt/ros/humble/share/rclcpp_components/cmake)
[13.759s] -- Found geometry_msgs: 4.2.4 (/opt/ros/humble/share/geometry_msgs/cmake)
[13.766s] -- Found nav2_util: 1.1.17 (/home/aurora/RM25/install/nav2_util/share/nav2_util/cmake)
[13.936s] -- Found eigen3_cmake_module: 0.1.1 (/opt/ros/humble/share/eigen3_cmake_module/cmake)
[13.936s] -- Found Eigen3: TRUE (found version "3.4.0") 
[13.936s] -- Ensuring Eigen3 include directory is part of orocos-kdl CMake target
[13.965s] -- Setting build type to Release as none was specified.
[13.986s] -- Found ament_lint_auto: 0.12.11 (/opt/ros/humble/share/ament_lint_auto/cmake)
[14.041s] -- Found gtest sources under '/opt/ros/humble/src/gtest_vendor': C++ tests using 'Google Test' will be built
[14.056s] -- Added test 'cppcheck' to perform static code analysis on C / C++ code
[14.056s] -- Configured cppcheck include dirs: /home/aurora/RM25/src/rm_navigation2/nav2_velocity_smoother/include
[14.056s] -- Configured cppcheck exclude dirs and/or files: 
[14.057s] -- Added test 'cpplint' to check C / C++ code against the Google style
[14.057s] -- Configured cpplint exclude dirs and/or files: 
[14.058s] -- Added test 'lint_cmake' to check CMake code style
[14.058s] -- Added test 'uncrustify' to check C / C++ code style
[14.058s] -- Configured uncrustify additional arguments: 
[14.059s] -- Added test 'xmllint' to check XML markup files
[14.061s] -- Configuring done
[14.105s] -- Generating done
[14.107s] -- Build files have been written to: /home/aurora/RM25/build/nav2_velocity_smoother
[14.117s] Invoked command in '/home/aurora/RM25/build/nav2_velocity_smoother' returned '0': AMENT_PREFIX_PATH=/home/aurora/RM25/install/nav2_util:/home/aurora/RM25/install/nav2_common:${AMENT_PREFIX_PATH} CMAKE_PREFIX_PATH=/home/aurora/RM25/install/nav2_util:/home/aurora/RM25/install/nav2_msgs:/home/aurora/RM25/install/nav2_common:/home/aurora/RM25/install/rm_robot_description:/home/aurora/RM25/install/nav2_bringup:/home/aurora/RM25/install/four_omniwheel_robot:/home/aurora/ws_helloworld/install/pkg01_helloworld_cpp:/home/aurora/ws_helloworld/install/learning_tf2_cpp:/home/aurora/ws_helloworld/install/pkg02_helloworld_py:/opt/ros/humble LD_LIBRARY_PATH=/home/aurora/RM25/install/nav2_util/lib:${LD_LIBRARY_PATH} PYTHONPATH=/home/aurora/RM25/install/nav2_common/local/lib/python3.10/dist-packages:${PYTHONPATH} /usr/bin/cmake /home/aurora/RM25/src/rm_navigation2/nav2_velocity_smoother -DAMENT_CMAKE_SYMLINK_INSTALL=1 -DCMAKE_INSTALL_PREFIX=/home/aurora/RM25/install/nav2_velocity_smoother
[14.118s] Invoking command in '/home/aurora/RM25/build/nav2_velocity_smoother': AMENT_PREFIX_PATH=/home/aurora/RM25/install/nav2_util:/home/aurora/RM25/install/nav2_common:${AMENT_PREFIX_PATH} CMAKE_PREFIX_PATH=/home/aurora/RM25/install/nav2_util:/home/aurora/RM25/install/nav2_msgs:/home/aurora/RM25/install/nav2_common:/home/aurora/RM25/install/rm_robot_description:/home/aurora/RM25/install/nav2_bringup:/home/aurora/RM25/install/four_omniwheel_robot:/home/aurora/ws_helloworld/install/pkg01_helloworld_cpp:/home/aurora/ws_helloworld/install/learning_tf2_cpp:/home/aurora/ws_helloworld/install/pkg02_helloworld_py:/opt/ros/humble LD_LIBRARY_PATH=/home/aurora/RM25/install/nav2_util/lib:${LD_LIBRARY_PATH} PYTHONPATH=/home/aurora/RM25/install/nav2_common/local/lib/python3.10/dist-packages:${PYTHONPATH} /usr/bin/cmake --build /home/aurora/RM25/build/nav2_velocity_smoother -- -j20 -l20
[14.145s] [ 20%] [32mBuilding CXX object gtest/CMakeFiles/gtest.dir/src/gtest-all.cc.o[0m
[14.145s] [ 20%] [32mBuilding CXX object gtest/CMakeFiles/gtest_main.dir/src/gtest_main.cc.o[0m
[14.145s] [ 30%] [32mBuilding CXX object CMakeFiles/velocity_smoother_core.dir/src/velocity_smoother.cpp.o[0m
[14.703s] [ 40%] [32m[1mLinking CXX static library libgtest_main.a[0m
[14.722s] [ 40%] Built target gtest_main
[19.830s] [ 50%] [32m[1mLinking CXX static library libgtest.a[0m
[19.864s] [ 50%] Built target gtest
[27.857s] [01m[Kc++:[m[K [01;31m[Kfatal error: [m[KKilled signal terminated program cc1plus
[27.864s] compilation terminated.
[27.864s] gmake[2]: *** [CMakeFiles/velocity_smoother_core.dir/build.make:76: CMakeFiles/velocity_smoother_core.dir/src/velocity_smoother.cpp.o] Error 1
[27.864s] gmake[1]: *** [CMakeFiles/Makefile2:174: CMakeFiles/velocity_smoother_core.dir/all] Error 2
[27.864s] gmake: *** [Makefile:146: all] Error 2
[32.314s] Invoked command in '/home/aurora/RM25/build/nav2_velocity_smoother' returned '2': AMENT_PREFIX_PATH=/home/aurora/RM25/install/nav2_util:/home/aurora/RM25/install/nav2_common:${AMENT_PREFIX_PATH} CMAKE_PREFIX_PATH=/home/aurora/RM25/install/nav2_util:/home/aurora/RM25/install/nav2_msgs:/home/aurora/RM25/install/nav2_common:/home/aurora/RM25/install/rm_robot_description:/home/aurora/RM25/install/nav2_bringup:/home/aurora/RM25/install/four_omniwheel_robot:/home/aurora/ws_helloworld/install/pkg01_helloworld_cpp:/home/aurora/ws_helloworld/install/learning_tf2_cpp:/home/aurora/ws_helloworld/install/pkg02_helloworld_py:/opt/ros/humble LD_LIBRARY_PATH=/home/aurora/RM25/install/nav2_util/lib:${LD_LIBRARY_PATH} PYTHONPATH=/home/aurora/RM25/install/nav2_common/local/lib/python3.10/dist-packages:${PYTHONPATH} /usr/bin/cmake --build /home/aurora/RM25/build/nav2_velocity_smoother -- -j20 -l20
