[01m[Kc++:[m[K [01;31m[Kfatal error: [m[KKilled signal terminated program cc1plus
compilation terminated.
gmake[2]: *** [CMakeFiles/dwb_core.dir/build.make:90: CMakeFiles/dwb_core.dir/src/publisher.cpp.o] Error 1
gmake[2]: *** Waiting for unfinished jobs....
[  9%] [32mBuilding CXX object CMakeFiles/dwb_core.dir/src/dwb_local_planner.cpp.o[0m
[ 18%] [32mBuilding CXX object CMakeFiles/dwb_core.dir/src/publisher.cpp.o[0m
[ 27%] [32mBuilding CXX object CMakeFiles/dwb_core.dir/src/illegal_trajectory_tracker.cpp.o[0m
[ 36%] [32mBuilding CXX object gtest/CMakeFiles/gtest_main.dir/src/gtest_main.cc.o[0m
[ 45%] [32mBuilding CXX object gtest/CMakeFiles/gtest.dir/src/gtest-all.cc.o[0m
[ 54%] [32mBuilding CXX object CMakeFiles/dwb_core.dir/src/trajectory_utils.cpp.o[0m
[ 63%] [32m[1mLinking CXX static library libgtest_main.a[0m
[ 63%] Built target gtest_main
[01m[Kc++:[m[K [01;31m[Kfatal error: [m[KKilled signal terminated program cc1plus
compilation terminated.
gmake[2]: *** [CMakeFiles/dwb_core.dir/build.make:76: CMakeFiles/dwb_core.dir/src/dwb_local_planner.cpp.o] Error 1
[ 72%] [32m[1mLinking CXX static library libgtest.a[0m
[ 72%] Built target gtest
gmake[1]: *** [CMakeFiles/Makefile2:172: CMakeFiles/dwb_core.dir/all] Error 2
gmake: *** [Makefile:146: all] Error 2
