[1.539s] Invoking command in '/home/aurora/RM25/build/dwb_core': AMENT_PREFIX_PATH=/home/aurora/RM25/install/nav2_core:/home/aurora/RM25/install/nav2_costmap_2d:/home/aurora/RM25/install/nav_2d_utils:/home/aurora/RM25/install/nav2_map_server:/home/aurora/RM25/install/nav2_lifecycle_manager:/home/aurora/RM25/install/nav2_util:/home/aurora/RM25/install/nav2_voxel_grid:/home/aurora/RM25/install/dwb_msgs:/home/aurora/RM25/install/nav_2d_msgs:/home/aurora/RM25/install/nav2_common:${AMENT_PREFIX_PATH} CMAKE_PREFIX_PATH=/home/aurora/RM25/install/nav2_core:/home/aurora/RM25/install/nav2_costmap_2d:/home/aurora/RM25/install/nav_2d_utils:/home/aurora/RM25/install/nav2_map_server:/home/aurora/RM25/install/nav2_lifecycle_manager:/home/aurora/RM25/install/nav2_util:/home/aurora/RM25/install/nav2_voxel_grid:/home/aurora/RM25/install/nav2_msgs:/home/aurora/RM25/install/dwb_msgs:/home/aurora/RM25/install/nav_2d_msgs:/home/aurora/RM25/install/nav2_common:/home/aurora/RM25/install/rm_robot_description:/home/aurora/RM25/install/nav2_bringup:/home/aurora/RM25/install/four_omniwheel_robot:/home/aurora/ws_helloworld/install/pkg01_helloworld_cpp:/home/aurora/ws_helloworld/install/learning_tf2_cpp:/home/aurora/ws_helloworld/install/pkg02_helloworld_py:/opt/ros/humble LD_LIBRARY_PATH=/home/aurora/RM25/install/nav2_costmap_2d/lib:/home/aurora/RM25/install/nav_2d_utils/lib:/home/aurora/RM25/install/nav2_map_server/lib:/home/aurora/RM25/install/nav2_lifecycle_manager/lib:/home/aurora/RM25/install/nav2_util/lib:/home/aurora/RM25/install/nav2_voxel_grid/lib:/home/aurora/RM25/install/nav2_msgs/lib:/home/aurora/RM25/install/dwb_msgs/lib:/home/aurora/RM25/install/nav_2d_msgs/lib:/usr/lib/x86_64-linux-gnu/gazebo-11/plugins:/opt/ros/humble/opt/rviz_ogre_vendor/lib:/opt/ros/humble/lib/x86_64-linux-gnu:/opt/ros/humble/lib PYTHONPATH=/home/aurora/RM25/install/dwb_msgs/local/lib/python3.10/dist-packages:/home/aurora/RM25/install/nav_2d_msgs/local/lib/python3.10/dist-packages:/home/aurora/RM25/install/nav2_common/local/lib/python3.10/dist-packages:${PYTHONPATH} /usr/bin/cmake --build /home/aurora/RM25/build/dwb_core -- -j20 -l20
[61.174s] [01m[Kc++:[m[K [01;31m[Kfatal error: [m[KKilled signal terminated program cc1plus
[61.193s] compilation terminated.
[61.194s] gmake[2]: *** [CMakeFiles/dwb_core.dir/build.make:90: CMakeFiles/dwb_core.dir/src/publisher.cpp.o] Error 1
[61.194s] gmake[2]: *** Waiting for unfinished jobs....
[61.195s] [  9%] [32mBuilding CXX object CMakeFiles/dwb_core.dir/src/dwb_local_planner.cpp.o[0m
[61.199s] [ 18%] [32mBuilding CXX object CMakeFiles/dwb_core.dir/src/publisher.cpp.o[0m
[61.199s] [ 27%] [32mBuilding CXX object CMakeFiles/dwb_core.dir/src/illegal_trajectory_tracker.cpp.o[0m
[61.199s] [ 36%] [32mBuilding CXX object gtest/CMakeFiles/gtest_main.dir/src/gtest_main.cc.o[0m
[61.199s] [ 45%] [32mBuilding CXX object gtest/CMakeFiles/gtest.dir/src/gtest-all.cc.o[0m
[61.199s] [ 54%] [32mBuilding CXX object CMakeFiles/dwb_core.dir/src/trajectory_utils.cpp.o[0m
[61.199s] [ 63%] [32m[1mLinking CXX static library libgtest_main.a[0m
[61.199s] [ 63%] Built target gtest_main
[77.283s] [01m[Kc++:[m[K [01;31m[Kfatal error: [m[KKilled signal terminated program cc1plus
[77.286s] compilation terminated.
[77.286s] gmake[2]: *** [CMakeFiles/dwb_core.dir/build.make:76: CMakeFiles/dwb_core.dir/src/dwb_local_planner.cpp.o] Error 1
[166.575s] [ 72%] [32m[1mLinking CXX static library libgtest.a[0m
[166.607s] [ 72%] Built target gtest
[225.464s] gmake[1]: *** [CMakeFiles/Makefile2:172: CMakeFiles/dwb_core.dir/all] Error 2
[225.467s] gmake: *** [Makefile:146: all] Error 2
