-- The CXX compiler identification is GNU 11.4.0
-- Detecting CXX compiler ABI info
-- Detecting CXX compiler ABI info - done
-- Check for working CXX compiler: /usr/bin/c++ - skipped
-- Detecting CXX compile features
-- Detecting CXX compile features - done
-- Found ament_cmake: 1.3.10 (/opt/ros/humble/share/ament_cmake/cmake)
-- Found Python3: /usr/bin/python3 (found version "3.10.12") found components: Interpreter 
-- Override CMake install command with custom implementation using symlinks instead of copying resources
-- Found nav2_common: 1.1.16 (/opt/ros/humble/share/nav2_common/cmake)
-- Found rclcpp: 16.0.10 (/opt/ros/humble/share/rclcpp/cmake)
-- Found rosidl_generator_c: 3.1.5 (/opt/ros/humble/share/rosidl_generator_c/cmake)
-- Found rosidl_adapter: 3.1.5 (/opt/ros/humble/share/rosidl_adapter/cmake)
-- Found rosidl_generator_cpp: 3.1.5 (/opt/ros/humble/share/rosidl_generator_cpp/cmake)
-- Using all available rosidl_typesupport_c: rosidl_typesupport_fastrtps_c;rosidl_typesupport_introspection_c
-- Using all available rosidl_typesupport_cpp: rosidl_typesupport_fastrtps_cpp;rosidl_typesupport_introspection_cpp
-- Found rmw_implementation_cmake: 6.1.2 (/opt/ros/humble/share/rmw_implementation_cmake/cmake)
-- Found rmw_fastrtps_cpp: 6.2.7 (/opt/ros/humble/share/rmw_fastrtps_cpp/cmake)
-- Found OpenSSL: /usr/lib/x86_64-linux-gnu/libcrypto.so (found version "3.0.2")  
-- Found FastRTPS: /opt/ros/humble/include  
-- Using RMW implementation 'rmw_fastrtps_cpp' as default
-- Looking for C++ include pthread.h
-- Looking for C++ include pthread.h - found
-- Performing Test CMAKE_HAVE_LIBC_PTHREAD
-- Performing Test CMAKE_HAVE_LIBC_PTHREAD - Success
-- Found Threads: TRUE  
-- Found rclcpp_action: 16.0.10 (/opt/ros/humble/share/rclcpp_action/cmake)
-- Found rclcpp_lifecycle: 16.0.10 (/opt/ros/humble/share/rclcpp_lifecycle/cmake)
-- Found geometry_msgs: 4.2.4 (/opt/ros/humble/share/geometry_msgs/cmake)
-- Found sensor_msgs: 4.2.4 (/opt/ros/humble/share/sensor_msgs/cmake)
-- Found nav2_msgs: 1.1.17 (/home/aurora/RM25/src/install/nav2_msgs/share/nav2_msgs/cmake)
-- Found tf2_ros: 0.25.8 (/opt/ros/humble/share/tf2_ros/cmake)
-- Found tf2_geometry_msgs: 0.25.8 (/opt/ros/humble/share/tf2_geometry_msgs/cmake)
-- Found eigen3_cmake_module: 0.1.1 (/opt/ros/humble/share/eigen3_cmake_module/cmake)
-- Found Eigen3: TRUE (found version "3.4.0") 
-- Ensuring Eigen3 include directory is part of orocos-kdl CMake target
-- Found std_srvs: 4.2.4 (/opt/ros/humble/share/std_srvs/cmake)
-- Found nav2_util: 1.1.17 (/home/aurora/RM25/src/install/nav2_util/share/nav2_util/cmake)
-- Setting build type to Release as none was specified.
-- Found ament_lint_auto: 0.12.11 (/opt/ros/humble/share/ament_lint_auto/cmake)
-- Found gtest sources under '/opt/ros/humble/src/gtest_vendor': C++ tests using 'Google Test' will be built
-- The C compiler identification is GNU 11.4.0
-- Detecting C compiler ABI info
-- Detecting C compiler ABI info - done
-- Check for working C compiler: /usr/bin/cc - skipped
-- Detecting C compile features
-- Detecting C compile features - done
-- Added test 'copyright' to check source files copyright and LICENSE
-- Added test 'cppcheck' to perform static code analysis on C / C++ code
-- Configured cppcheck include dirs: /home/aurora/RM25/src/rm_navigation2/nav2_behavior_tree/include
-- Configured cppcheck exclude dirs and/or files: 
-- Added test 'cpplint' to check C / C++ code against the Google style
-- Configured cpplint exclude dirs and/or files: 
-- Added test 'lint_cmake' to check CMake code style
-- Added test 'uncrustify' to check C / C++ code style
-- Configured uncrustify additional arguments: 
-- Added test 'xmllint' to check XML markup files
-- Configuring done
-- Generating done
-- Build files have been written to: /home/aurora/RM25/src/build/nav2_behavior_tree
[  1%] [32mBuilding CXX object CMakeFiles/nav2_compute_path_through_poses_action_bt_node.dir/plugins/action/compute_path_through_poses_action.cpp.o[0m
[  2%] [32mBuilding CXX object CMakeFiles/nav2_behavior_tree.dir/src/behavior_tree_engine.cpp.o[0m
[  3%] [32mBuilding CXX object CMakeFiles/nav2_compute_path_to_pose_action_bt_node.dir/plugins/action/compute_path_to_pose_action.cpp.o[0m
[  4%] [32mBuilding CXX object CMakeFiles/nav2_controller_cancel_bt_node.dir/plugins/action/controller_cancel_node.cpp.o[0m
[  5%] [32mBuilding CXX object CMakeFiles/nav2_spin_cancel_bt_node.dir/plugins/action/spin_cancel_node.cpp.o[0m
[  5%] [32mBuilding CXX object CMakeFiles/nav2_drive_on_heading_cancel_bt_node.dir/plugins/action/drive_on_heading_cancel_node.cpp.o[0m
[  5%] [32mBuilding CXX object CMakeFiles/nav2_drive_on_heading_bt_node.dir/plugins/action/drive_on_heading_action.cpp.o[0m
[  6%] [32mBuilding CXX object CMakeFiles/nav2_back_up_action_bt_node.dir/plugins/action/back_up_action.cpp.o[0m
[  7%] [32mBuilding CXX object CMakeFiles/nav2_back_up_cancel_bt_node.dir/plugins/action/back_up_cancel_node.cpp.o[0m
[  8%] [32mBuilding CXX object CMakeFiles/nav2_wait_cancel_bt_node.dir/plugins/action/wait_cancel_node.cpp.o[0m
[  8%] [32mBuilding CXX object CMakeFiles/nav2_smooth_path_action_bt_node.dir/plugins/action/smooth_path_action.cpp.o[0m
[  8%] [32mBuilding CXX object CMakeFiles/nav2_follow_path_action_bt_node.dir/plugins/action/follow_path_action.cpp.o[0m
[  9%] [32mBuilding CXX object CMakeFiles/nav2_spin_action_bt_node.dir/plugins/action/spin_action.cpp.o[0m
[ 11%] [32mBuilding CXX object CMakeFiles/nav2_assisted_teleop_cancel_bt_node.dir/plugins/action/assisted_teleop_cancel_node.cpp.o[0m
[ 11%] [32mBuilding CXX object CMakeFiles/nav2_wait_action_bt_node.dir/plugins/action/wait_action.cpp.o[0m
[ 12%] [32mBuilding CXX object CMakeFiles/nav2_assisted_teleop_action_bt_node.dir/plugins/action/assisted_teleop_action.cpp.o[0m
[ 13%] [32mBuilding CXX object CMakeFiles/nav2_clear_costmap_service_bt_node.dir/plugins/action/clear_costmap_service.cpp.o[0m
[ 14%] [32mBuilding CXX object CMakeFiles/nav2_is_stuck_condition_bt_node.dir/plugins/condition/is_stuck_condition.cpp.o[0m
[ 14%] [32mBuilding CXX object CMakeFiles/nav2_goal_reached_condition_bt_node.dir/plugins/condition/goal_reached_condition.cpp.o[0m
[ 15%] [32mBuilding CXX object CMakeFiles/nav2_transform_available_condition_bt_node.dir/plugins/condition/transform_available_condition.cpp.o[0m
[01m[Kc++:[m[K [01;31m[Kfatal error: [m[KKilled signal terminated program cc1plus
compilation terminated.
gmake[2]: *** [CMakeFiles/nav2_smooth_path_action_bt_node.dir/build.make:76: CMakeFiles/nav2_smooth_path_action_bt_node.dir/plugins/action/smooth_path_action.cpp.o] Error 1
gmake[1]: *** [CMakeFiles/Makefile2:672: CMakeFiles/nav2_smooth_path_action_bt_node.dir/all] Error 2
gmake[1]: *** Waiting for unfinished jobs....
[ 15%] [32m[1mLinking CXX shared library libnav2_behavior_tree.so[0m
[ 15%] Built target nav2_behavior_tree
[ 16%] [32m[1mLinking CXX shared library libnav2_goal_reached_condition_bt_node.so[0m
[ 16%] Built target nav2_goal_reached_condition_bt_node
[ 16%] [32m[1mLinking CXX shared library libnav2_controller_cancel_bt_node.so[0m
[ 16%] Built target nav2_controller_cancel_bt_node
[ 16%] [32m[1mLinking CXX shared library libnav2_wait_cancel_bt_node.so[0m
[ 16%] [32m[1mLinking CXX shared library libnav2_transform_available_condition_bt_node.so[0m
[ 16%] Built target nav2_wait_cancel_bt_node
[ 16%] Built target nav2_transform_available_condition_bt_node
[ 16%] [32m[1mLinking CXX shared library libnav2_spin_cancel_bt_node.so[0m
[ 16%] Built target nav2_spin_cancel_bt_node
[ 16%] [32m[1mLinking CXX shared library libnav2_assisted_teleop_cancel_bt_node.so[0m
[ 16%] Built target nav2_assisted_teleop_cancel_bt_node
[ 16%] [32m[1mLinking CXX shared library libnav2_back_up_action_bt_node.so[0m
[ 17%] [32m[1mLinking CXX shared library libnav2_follow_path_action_bt_node.so[0m
[ 17%] [32m[1mLinking CXX shared library libnav2_back_up_cancel_bt_node.so[0m
[ 17%] Built target nav2_back_up_action_bt_node
[ 18%] [32m[1mLinking CXX shared library libnav2_drive_on_heading_cancel_bt_node.so[0m
[ 18%] Built target nav2_follow_path_action_bt_node
[ 18%] Built target nav2_back_up_cancel_bt_node
[ 18%] Built target nav2_drive_on_heading_cancel_bt_node
[ 18%] [32m[1mLinking CXX shared library libnav2_wait_action_bt_node.so[0m
[ 18%] Built target nav2_wait_action_bt_node
[ 18%] [32m[1mLinking CXX shared library libnav2_spin_action_bt_node.so[0m
[ 19%] [32m[1mLinking CXX shared library libnav2_drive_on_heading_bt_node.so[0m
[ 19%] [32m[1mLinking CXX shared library libnav2_is_stuck_condition_bt_node.so[0m
[ 19%] Built target nav2_spin_action_bt_node
[ 19%] Built target nav2_drive_on_heading_bt_node
[ 19%] Built target nav2_is_stuck_condition_bt_node
[ 19%] [32m[1mLinking CXX shared library libnav2_assisted_teleop_action_bt_node.so[0m
[ 19%] Built target nav2_assisted_teleop_action_bt_node
[ 19%] [32m[1mLinking CXX shared library libnav2_clear_costmap_service_bt_node.so[0m
[ 19%] [32m[1mLinking CXX shared library libnav2_compute_path_to_pose_action_bt_node.so[0m
[ 19%] Built target nav2_clear_costmap_service_bt_node
[ 19%] Built target nav2_compute_path_to_pose_action_bt_node
[ 19%] [32m[1mLinking CXX shared library libnav2_compute_path_through_poses_action_bt_node.so[0m
[ 19%] Built target nav2_compute_path_through_poses_action_bt_node
gmake: *** [Makefile:146: all] Error 2
