[0.411s] Invoking command in '/home/aurora/RM25/src/build/nav2_behavior_tree': AMENT_PREFIX_PATH=/home/aurora/RM25/src/install/nav2_util:/home/aurora/RM25/src/install/nav2_msgs:/home/aurora/RM25/src/install/nav2_common:${AMENT_PREFIX_PATH} CMAKE_PREFIX_PATH=/home/aurora/RM25/src/install/nav2_util:/home/aurora/RM25/src/install/nav2_msgs:/home/aurora/RM25/src/install/nav2_common:/home/aurora/RM25/install/rm_robot_description:/home/aurora/RM25/install/nav2_msgs:/home/aurora/RM25/install/nav2_bringup:/home/aurora/RM25/install/four_omniwheel_robot:/home/aurora/ws_helloworld/install/pkg01_helloworld_cpp:/home/aurora/ws_helloworld/install/learning_tf2_cpp:/home/aurora/ws_helloworld/install/pkg02_helloworld_py:/opt/ros/humble LD_LIBRARY_PATH=/home/aurora/RM25/src/install/nav2_util/lib:/home/aurora/RM25/src/install/nav2_msgs/lib:${LD_LIBRARY_PATH} PYTHONPATH=/home/aurora/RM25/src/install/nav2_msgs/local/lib/python3.10/dist-packages:/home/aurora/RM25/src/install/nav2_common/local/lib/python3.10/dist-packages:${PYTHONPATH} /usr/bin/cmake /home/aurora/RM25/src/rm_navigation2/nav2_behavior_tree -DAMENT_CMAKE_SYMLINK_INSTALL=1 -DCMAKE_INSTALL_PREFIX=/home/aurora/RM25/src/install/nav2_behavior_tree
[0.619s] -- The CXX compiler identification is GNU 11.4.0
[1.456s] -- Detecting CXX compiler ABI info
[1.759s] -- Detecting CXX compiler ABI info - done
[1.764s] -- Check for working CXX compiler: /usr/bin/c++ - skipped
[1.764s] -- Detecting CXX compile features
[1.764s] -- Detecting CXX compile features - done
[1.766s] -- Found ament_cmake: 1.3.10 (/opt/ros/humble/share/ament_cmake/cmake)
[1.860s] -- Found Python3: /usr/bin/python3 (found version "3.10.12") found components: Interpreter 
[1.903s] -- Override CMake install command with custom implementation using symlinks instead of copying resources
[1.920s] -- Found nav2_common: 1.1.16 (/opt/ros/humble/share/nav2_common/cmake)
[1.921s] -- Found rclcpp: 16.0.10 (/opt/ros/humble/share/rclcpp/cmake)
[2.395s] -- Found rosidl_generator_c: 3.1.5 (/opt/ros/humble/share/rosidl_generator_c/cmake)
[2.400s] -- Found rosidl_adapter: 3.1.5 (/opt/ros/humble/share/rosidl_adapter/cmake)
[2.406s] -- Found rosidl_generator_cpp: 3.1.5 (/opt/ros/humble/share/rosidl_generator_cpp/cmake)
[2.414s] -- Using all available rosidl_typesupport_c: rosidl_typesupport_fastrtps_c;rosidl_typesupport_introspection_c
[2.426s] -- Using all available rosidl_typesupport_cpp: rosidl_typesupport_fastrtps_cpp;rosidl_typesupport_introspection_cpp
[2.454s] -- Found rmw_implementation_cmake: 6.1.2 (/opt/ros/humble/share/rmw_implementation_cmake/cmake)
[2.456s] -- Found rmw_fastrtps_cpp: 6.2.7 (/opt/ros/humble/share/rmw_fastrtps_cpp/cmake)
[6.335s] -- Found OpenSSL: /usr/lib/x86_64-linux-gnu/libcrypto.so (found version "3.0.2")  
[10.705s] -- Found FastRTPS: /opt/ros/humble/include  
[21.019s] -- Using RMW implementation 'rmw_fastrtps_cpp' as default
[21.027s] -- Looking for C++ include pthread.h
[21.269s] -- Looking for C++ include pthread.h - found
[21.269s] -- Performing Test CMAKE_HAVE_LIBC_PTHREAD
[21.480s] -- Performing Test CMAKE_HAVE_LIBC_PTHREAD - Success
[21.481s] -- Found Threads: TRUE  
[21.512s] -- Found rclcpp_action: 16.0.10 (/opt/ros/humble/share/rclcpp_action/cmake)
[21.533s] -- Found rclcpp_lifecycle: 16.0.10 (/opt/ros/humble/share/rclcpp_lifecycle/cmake)
[21.546s] -- Found geometry_msgs: 4.2.4 (/opt/ros/humble/share/geometry_msgs/cmake)
[21.556s] -- Found sensor_msgs: 4.2.4 (/opt/ros/humble/share/sensor_msgs/cmake)
[21.567s] -- Found nav2_msgs: 1.1.17 (/home/aurora/RM25/src/install/nav2_msgs/share/nav2_msgs/cmake)
[21.606s] -- Found tf2_ros: 0.25.8 (/opt/ros/humble/share/tf2_ros/cmake)
[21.648s] -- Found tf2_geometry_msgs: 0.25.8 (/opt/ros/humble/share/tf2_geometry_msgs/cmake)
[21.759s] -- Found eigen3_cmake_module: 0.1.1 (/opt/ros/humble/share/eigen3_cmake_module/cmake)
[21.760s] -- Found Eigen3: TRUE (found version "3.4.0") 
[21.760s] -- Ensuring Eigen3 include directory is part of orocos-kdl CMake target
[21.762s] -- Found std_srvs: 4.2.4 (/opt/ros/humble/share/std_srvs/cmake)
[21.768s] -- Found nav2_util: 1.1.17 (/home/aurora/RM25/src/install/nav2_util/share/nav2_util/cmake)
[21.790s] -- Setting build type to Release as none was specified.
[22.641s] -- Found ament_lint_auto: 0.12.11 (/opt/ros/humble/share/ament_lint_auto/cmake)
[22.714s] -- Found gtest sources under '/opt/ros/humble/src/gtest_vendor': C++ tests using 'Google Test' will be built
[22.902s] -- The C compiler identification is GNU 11.4.0
[23.576s] -- Detecting C compiler ABI info
[23.785s] -- Detecting C compiler ABI info - done
[23.792s] -- Check for working C compiler: /usr/bin/cc - skipped
[23.793s] -- Detecting C compile features
[23.793s] -- Detecting C compile features - done
[25.369s] -- Added test 'copyright' to check source files copyright and LICENSE
[25.373s] -- Added test 'cppcheck' to perform static code analysis on C / C++ code
[25.387s] -- Configured cppcheck include dirs: /home/aurora/RM25/src/rm_navigation2/nav2_behavior_tree/include
[25.387s] -- Configured cppcheck exclude dirs and/or files: 
[25.390s] -- Added test 'cpplint' to check C / C++ code against the Google style
[25.390s] -- Configured cpplint exclude dirs and/or files: 
[25.393s] -- Added test 'lint_cmake' to check CMake code style
[25.401s] -- Added test 'uncrustify' to check C / C++ code style
[25.401s] -- Configured uncrustify additional arguments: 
[25.402s] -- Added test 'xmllint' to check XML markup files
[25.409s] -- Configuring done
[27.328s] -- Generating done
[27.348s] -- Build files have been written to: /home/aurora/RM25/src/build/nav2_behavior_tree
[27.405s] Invoked command in '/home/aurora/RM25/src/build/nav2_behavior_tree' returned '0': AMENT_PREFIX_PATH=/home/aurora/RM25/src/install/nav2_util:/home/aurora/RM25/src/install/nav2_msgs:/home/aurora/RM25/src/install/nav2_common:${AMENT_PREFIX_PATH} CMAKE_PREFIX_PATH=/home/aurora/RM25/src/install/nav2_util:/home/aurora/RM25/src/install/nav2_msgs:/home/aurora/RM25/src/install/nav2_common:/home/aurora/RM25/install/rm_robot_description:/home/aurora/RM25/install/nav2_msgs:/home/aurora/RM25/install/nav2_bringup:/home/aurora/RM25/install/four_omniwheel_robot:/home/aurora/ws_helloworld/install/pkg01_helloworld_cpp:/home/aurora/ws_helloworld/install/learning_tf2_cpp:/home/aurora/ws_helloworld/install/pkg02_helloworld_py:/opt/ros/humble LD_LIBRARY_PATH=/home/aurora/RM25/src/install/nav2_util/lib:/home/aurora/RM25/src/install/nav2_msgs/lib:${LD_LIBRARY_PATH} PYTHONPATH=/home/aurora/RM25/src/install/nav2_msgs/local/lib/python3.10/dist-packages:/home/aurora/RM25/src/install/nav2_common/local/lib/python3.10/dist-packages:${PYTHONPATH} /usr/bin/cmake /home/aurora/RM25/src/rm_navigation2/nav2_behavior_tree -DAMENT_CMAKE_SYMLINK_INSTALL=1 -DCMAKE_INSTALL_PREFIX=/home/aurora/RM25/src/install/nav2_behavior_tree
[27.411s] Invoking command in '/home/aurora/RM25/src/build/nav2_behavior_tree': AMENT_PREFIX_PATH=/home/aurora/RM25/src/install/nav2_util:/home/aurora/RM25/src/install/nav2_msgs:/home/aurora/RM25/src/install/nav2_common:${AMENT_PREFIX_PATH} CMAKE_PREFIX_PATH=/home/aurora/RM25/src/install/nav2_util:/home/aurora/RM25/src/install/nav2_msgs:/home/aurora/RM25/src/install/nav2_common:/home/aurora/RM25/install/rm_robot_description:/home/aurora/RM25/install/nav2_msgs:/home/aurora/RM25/install/nav2_bringup:/home/aurora/RM25/install/four_omniwheel_robot:/home/aurora/ws_helloworld/install/pkg01_helloworld_cpp:/home/aurora/ws_helloworld/install/learning_tf2_cpp:/home/aurora/ws_helloworld/install/pkg02_helloworld_py:/opt/ros/humble LD_LIBRARY_PATH=/home/aurora/RM25/src/install/nav2_util/lib:/home/aurora/RM25/src/install/nav2_msgs/lib:${LD_LIBRARY_PATH} PYTHONPATH=/home/aurora/RM25/src/install/nav2_msgs/local/lib/python3.10/dist-packages:/home/aurora/RM25/src/install/nav2_common/local/lib/python3.10/dist-packages:${PYTHONPATH} /usr/bin/cmake --build /home/aurora/RM25/src/build/nav2_behavior_tree -- -j20 -l20
[27.459s] [  1%] [32mBuilding CXX object CMakeFiles/nav2_compute_path_through_poses_action_bt_node.dir/plugins/action/compute_path_through_poses_action.cpp.o[0m
[27.459s] [  2%] [32mBuilding CXX object CMakeFiles/nav2_behavior_tree.dir/src/behavior_tree_engine.cpp.o[0m
[27.464s] [  3%] [32mBuilding CXX object CMakeFiles/nav2_compute_path_to_pose_action_bt_node.dir/plugins/action/compute_path_to_pose_action.cpp.o[0m
[27.465s] [  4%] [32mBuilding CXX object CMakeFiles/nav2_controller_cancel_bt_node.dir/plugins/action/controller_cancel_node.cpp.o[0m
[27.467s] [  5%] [32mBuilding CXX object CMakeFiles/nav2_spin_cancel_bt_node.dir/plugins/action/spin_cancel_node.cpp.o[0m
[27.472s] [  5%] [32mBuilding CXX object CMakeFiles/nav2_drive_on_heading_cancel_bt_node.dir/plugins/action/drive_on_heading_cancel_node.cpp.o[0m
[27.475s] [  5%] [32mBuilding CXX object CMakeFiles/nav2_drive_on_heading_bt_node.dir/plugins/action/drive_on_heading_action.cpp.o[0m
[27.475s] [  6%] [32mBuilding CXX object CMakeFiles/nav2_back_up_action_bt_node.dir/plugins/action/back_up_action.cpp.o[0m
[27.487s] [  7%] [32mBuilding CXX object CMakeFiles/nav2_back_up_cancel_bt_node.dir/plugins/action/back_up_cancel_node.cpp.o[0m
[27.487s] [  8%] [32mBuilding CXX object CMakeFiles/nav2_wait_cancel_bt_node.dir/plugins/action/wait_cancel_node.cpp.o[0m
[27.494s] [  8%] [32mBuilding CXX object CMakeFiles/nav2_smooth_path_action_bt_node.dir/plugins/action/smooth_path_action.cpp.o[0m
[27.516s] [  8%] [32mBuilding CXX object CMakeFiles/nav2_follow_path_action_bt_node.dir/plugins/action/follow_path_action.cpp.o[0m
[27.536s] [  9%] [32mBuilding CXX object CMakeFiles/nav2_spin_action_bt_node.dir/plugins/action/spin_action.cpp.o[0m
[27.549s] [ 11%] [32mBuilding CXX object CMakeFiles/nav2_assisted_teleop_cancel_bt_node.dir/plugins/action/assisted_teleop_cancel_node.cpp.o[0m
[27.559s] [ 11%] [32mBuilding CXX object CMakeFiles/nav2_wait_action_bt_node.dir/plugins/action/wait_action.cpp.o[0m
[27.611s] [ 12%] [32mBuilding CXX object CMakeFiles/nav2_assisted_teleop_action_bt_node.dir/plugins/action/assisted_teleop_action.cpp.o[0m
[27.631s] [ 13%] [32mBuilding CXX object CMakeFiles/nav2_clear_costmap_service_bt_node.dir/plugins/action/clear_costmap_service.cpp.o[0m
[27.661s] [ 14%] [32mBuilding CXX object CMakeFiles/nav2_is_stuck_condition_bt_node.dir/plugins/condition/is_stuck_condition.cpp.o[0m
[27.663s] [ 14%] [32mBuilding CXX object CMakeFiles/nav2_goal_reached_condition_bt_node.dir/plugins/condition/goal_reached_condition.cpp.o[0m
[27.696s] [ 15%] [32mBuilding CXX object CMakeFiles/nav2_transform_available_condition_bt_node.dir/plugins/condition/transform_available_condition.cpp.o[0m
[80.078s] [01m[Kc++:[m[K [01;31m[Kfatal error: [m[KKilled signal terminated program cc1plus
[80.085s] compilation terminated.
[80.085s] gmake[2]: *** [CMakeFiles/nav2_smooth_path_action_bt_node.dir/build.make:76: CMakeFiles/nav2_smooth_path_action_bt_node.dir/plugins/action/smooth_path_action.cpp.o] Error 1
[80.093s] gmake[1]: *** [CMakeFiles/Makefile2:672: CMakeFiles/nav2_smooth_path_action_bt_node.dir/all] Error 2
[80.095s] gmake[1]: *** Waiting for unfinished jobs....
[82.793s] [ 15%] [32m[1mLinking CXX shared library libnav2_behavior_tree.so[0m
[83.531s] [ 15%] Built target nav2_behavior_tree
[91.753s] [ 16%] [32m[1mLinking CXX shared library libnav2_goal_reached_condition_bt_node.so[0m
[92.388s] [ 16%] Built target nav2_goal_reached_condition_bt_node
[92.734s] [ 16%] [32m[1mLinking CXX shared library libnav2_controller_cancel_bt_node.so[0m
[93.148s] [ 16%] Built target nav2_controller_cancel_bt_node
[93.942s] [ 16%] [32m[1mLinking CXX shared library libnav2_wait_cancel_bt_node.so[0m
[94.167s] [ 16%] [32m[1mLinking CXX shared library libnav2_transform_available_condition_bt_node.so[0m
[94.370s] [ 16%] Built target nav2_wait_cancel_bt_node
[94.581s] [ 16%] Built target nav2_transform_available_condition_bt_node
[95.480s] [ 16%] [32m[1mLinking CXX shared library libnav2_spin_cancel_bt_node.so[0m
[95.873s] [ 16%] Built target nav2_spin_cancel_bt_node
[96.002s] [ 16%] [32m[1mLinking CXX shared library libnav2_assisted_teleop_cancel_bt_node.so[0m
[96.395s] [ 16%] Built target nav2_assisted_teleop_cancel_bt_node
[96.427s] [ 16%] [32m[1mLinking CXX shared library libnav2_back_up_action_bt_node.so[0m
[96.604s] [ 17%] [32m[1mLinking CXX shared library libnav2_follow_path_action_bt_node.so[0m
[96.759s] [ 17%] [32m[1mLinking CXX shared library libnav2_back_up_cancel_bt_node.so[0m
[96.798s] [ 17%] Built target nav2_back_up_action_bt_node
[96.934s] [ 18%] [32m[1mLinking CXX shared library libnav2_drive_on_heading_cancel_bt_node.so[0m
[96.949s] [ 18%] Built target nav2_follow_path_action_bt_node
[97.085s] [ 18%] Built target nav2_back_up_cancel_bt_node
[97.234s] [ 18%] Built target nav2_drive_on_heading_cancel_bt_node
[97.538s] [ 18%] [32m[1mLinking CXX shared library libnav2_wait_action_bt_node.so[0m
[97.827s] [ 18%] Built target nav2_wait_action_bt_node
[98.751s] [ 18%] [32m[1mLinking CXX shared library libnav2_spin_action_bt_node.so[0m
[98.794s] [ 19%] [32m[1mLinking CXX shared library libnav2_drive_on_heading_bt_node.so[0m
[98.989s] [ 19%] [32m[1mLinking CXX shared library libnav2_is_stuck_condition_bt_node.so[0m
[99.055s] [ 19%] Built target nav2_spin_action_bt_node
[99.089s] [ 19%] Built target nav2_drive_on_heading_bt_node
[99.256s] [ 19%] Built target nav2_is_stuck_condition_bt_node
[99.416s] [ 19%] [32m[1mLinking CXX shared library libnav2_assisted_teleop_action_bt_node.so[0m
[99.684s] [ 19%] Built target nav2_assisted_teleop_action_bt_node
[99.894s] [ 19%] [32m[1mLinking CXX shared library libnav2_clear_costmap_service_bt_node.so[0m
[100.103s] [ 19%] [32m[1mLinking CXX shared library libnav2_compute_path_to_pose_action_bt_node.so[0m
[100.126s] [ 19%] Built target nav2_clear_costmap_service_bt_node
[100.324s] [ 19%] Built target nav2_compute_path_to_pose_action_bt_node
[101.119s] [ 19%] [32m[1mLinking CXX shared library libnav2_compute_path_through_poses_action_bt_node.so[0m
[101.355s] [ 19%] Built target nav2_compute_path_through_poses_action_bt_node
[101.387s] gmake: *** [Makefile:146: all] Error 2
