[2.270s] Invoking command in '/home/aurora/RM25/build/nav2_navfn_planner': AMENT_PREFIX_PATH=/home/aurora/RM25/install/nav2_core:/home/aurora/RM25/install/nav2_costmap_2d:/home/aurora/RM25/install/nav2_map_server:/home/aurora/RM25/install/nav2_lifecycle_manager:/home/aurora/RM25/install/nav2_util:/home/aurora/RM25/install/nav2_voxel_grid:/home/aurora/RM25/install/nav2_common:${AMENT_PREFIX_PATH} CMAKE_PREFIX_PATH=/home/aurora/RM25/install/nav2_core:/home/aurora/RM25/install/nav2_costmap_2d:/home/aurora/RM25/install/nav2_map_server:/home/aurora/RM25/install/nav2_lifecycle_manager:/home/aurora/RM25/install/nav2_util:/home/aurora/RM25/install/nav2_voxel_grid:/home/aurora/RM25/install/nav2_msgs:/home/aurora/RM25/install/nav2_common:/home/aurora/RM25/install/rm_robot_description:/home/aurora/RM25/install/nav2_bringup:/home/aurora/RM25/install/four_omniwheel_robot:/home/aurora/ws_helloworld/install/pkg01_helloworld_cpp:/home/aurora/ws_helloworld/install/learning_tf2_cpp:/home/aurora/ws_helloworld/install/pkg02_helloworld_py:/opt/ros/humble LD_LIBRARY_PATH=/home/aurora/RM25/install/nav2_costmap_2d/lib:/home/aurora/RM25/install/nav2_map_server/lib:/home/aurora/RM25/install/nav2_lifecycle_manager/lib:/home/aurora/RM25/install/nav2_util/lib:/home/aurora/RM25/install/nav2_voxel_grid/lib:${LD_LIBRARY_PATH} PYTHONPATH=/home/aurora/RM25/install/nav2_common/local/lib/python3.10/dist-packages:${PYTHONPATH} /usr/bin/cmake /home/aurora/RM25/src/rm_navigation2/nav2_navfn_planner -DAMENT_CMAKE_SYMLINK_INSTALL=1 -DCMAKE_INSTALL_PREFIX=/home/aurora/RM25/install/nav2_navfn_planner
[2.531s] -- The C compiler identification is GNU 11.4.0
[3.748s] -- The CXX compiler identification is GNU 11.4.0
[4.919s] -- Detecting C compiler ABI info
[5.171s] -- Detecting C compiler ABI info - done
[5.183s] -- Check for working C compiler: /usr/bin/cc - skipped
[5.184s] -- Detecting C compile features
[5.184s] -- Detecting C compile features - done
[5.188s] -- Detecting CXX compiler ABI info
[5.518s] -- Detecting CXX compiler ABI info - done
[5.519s] -- Check for working CXX compiler: /usr/bin/c++ - skipped
[5.519s] -- Detecting CXX compile features
[5.519s] -- Detecting CXX compile features - done
[5.521s] -- Found ament_cmake: 1.3.10 (/opt/ros/humble/share/ament_cmake/cmake)
[5.775s] -- Found Python3: /usr/bin/python3 (found version "3.10.12") found components: Interpreter 
[5.876s] -- Override CMake install command with custom implementation using symlinks instead of copying resources
[5.911s] -- Found nav2_common: 1.1.16 (/opt/ros/humble/share/nav2_common/cmake)
[5.913s] -- Found rclcpp: 16.0.10 (/opt/ros/humble/share/rclcpp/cmake)
[6.417s] -- Found rosidl_generator_c: 3.1.5 (/opt/ros/humble/share/rosidl_generator_c/cmake)
[6.425s] -- Found rosidl_adapter: 3.1.5 (/opt/ros/humble/share/rosidl_adapter/cmake)
[6.436s] -- Found rosidl_generator_cpp: 3.1.5 (/opt/ros/humble/share/rosidl_generator_cpp/cmake)
[6.454s] -- Using all available rosidl_typesupport_c: rosidl_typesupport_fastrtps_c;rosidl_typesupport_introspection_c
[6.478s] -- Using all available rosidl_typesupport_cpp: rosidl_typesupport_fastrtps_cpp;rosidl_typesupport_introspection_cpp
[6.546s] -- Found rmw_implementation_cmake: 6.1.2 (/opt/ros/humble/share/rmw_implementation_cmake/cmake)
[6.550s] -- Found rmw_fastrtps_cpp: 6.2.7 (/opt/ros/humble/share/rmw_fastrtps_cpp/cmake)
[8.760s] -- Found OpenSSL: /usr/lib/x86_64-linux-gnu/libcrypto.so (found version "3.0.2")  
[11.251s] -- Found FastRTPS: /opt/ros/humble/include  
[15.348s] -- Using RMW implementation 'rmw_fastrtps_cpp' as default
[15.361s] -- Looking for pthread.h
[15.599s] -- Looking for pthread.h - found
[15.599s] -- Performing Test CMAKE_HAVE_LIBC_PTHREAD
[15.876s] -- Performing Test CMAKE_HAVE_LIBC_PTHREAD - Success
[15.877s] -- Found Threads: TRUE  
[15.935s] -- Found rclcpp_action: 16.0.10 (/opt/ros/humble/share/rclcpp_action/cmake)
[15.977s] -- Found rclcpp_lifecycle: 16.0.10 (/opt/ros/humble/share/rclcpp_lifecycle/cmake)
[15.999s] -- Found visualization_msgs: 4.2.4 (/opt/ros/humble/share/visualization_msgs/cmake)
[16.058s] -- Found nav2_util: 1.1.17 (/home/aurora/RM25/install/nav2_util/share/nav2_util/cmake)
[16.314s] -- Found eigen3_cmake_module: 0.1.1 (/opt/ros/humble/share/eigen3_cmake_module/cmake)
[16.315s] -- Found Eigen3: TRUE (found version "3.4.0") 
[16.315s] -- Ensuring Eigen3 include directory is part of orocos-kdl CMake target
[16.341s] -- Found nav2_core: 1.1.17 (/home/aurora/RM25/install/nav2_core/share/nav2_core/cmake)
[19.201s] -- Setting build type to Release as none was specified.
[19.311s] -- Found ament_lint_auto: 0.12.11 (/opt/ros/humble/share/ament_lint_auto/cmake)
[19.315s] -- Found ament_cmake_gtest: 1.3.10 (/opt/ros/humble/share/ament_cmake_gtest/cmake)
[19.512s] -- Found gtest sources under '/opt/ros/humble/src/gtest_vendor': C++ tests using 'Google Test' will be built
[19.679s] -- Added test 'copyright' to check source files copyright and LICENSE
[19.682s] -- Added test 'cppcheck' to perform static code analysis on C / C++ code
[19.683s] -- Configured cppcheck include dirs: /home/aurora/RM25/src/rm_navigation2/nav2_navfn_planner/include
[19.683s] -- Configured cppcheck exclude dirs and/or files: 
[19.685s] -- Added test 'cpplint' to check C / C++ code against the Google style
[19.685s] -- Configured cpplint exclude dirs and/or files: 
[19.686s] -- Added test 'lint_cmake' to check CMake code style
[19.688s] -- Added test 'uncrustify' to check C / C++ code style
[19.689s] -- Configured uncrustify additional arguments: 
[19.689s] -- Added test 'xmllint' to check XML markup files
[19.697s] -- Configuring done
[19.898s] -- Generating done
[19.904s] -- Build files have been written to: /home/aurora/RM25/build/nav2_navfn_planner
[19.936s] Invoked command in '/home/aurora/RM25/build/nav2_navfn_planner' returned '0': AMENT_PREFIX_PATH=/home/aurora/RM25/install/nav2_core:/home/aurora/RM25/install/nav2_costmap_2d:/home/aurora/RM25/install/nav2_map_server:/home/aurora/RM25/install/nav2_lifecycle_manager:/home/aurora/RM25/install/nav2_util:/home/aurora/RM25/install/nav2_voxel_grid:/home/aurora/RM25/install/nav2_common:${AMENT_PREFIX_PATH} CMAKE_PREFIX_PATH=/home/aurora/RM25/install/nav2_core:/home/aurora/RM25/install/nav2_costmap_2d:/home/aurora/RM25/install/nav2_map_server:/home/aurora/RM25/install/nav2_lifecycle_manager:/home/aurora/RM25/install/nav2_util:/home/aurora/RM25/install/nav2_voxel_grid:/home/aurora/RM25/install/nav2_msgs:/home/aurora/RM25/install/nav2_common:/home/aurora/RM25/install/rm_robot_description:/home/aurora/RM25/install/nav2_bringup:/home/aurora/RM25/install/four_omniwheel_robot:/home/aurora/ws_helloworld/install/pkg01_helloworld_cpp:/home/aurora/ws_helloworld/install/learning_tf2_cpp:/home/aurora/ws_helloworld/install/pkg02_helloworld_py:/opt/ros/humble LD_LIBRARY_PATH=/home/aurora/RM25/install/nav2_costmap_2d/lib:/home/aurora/RM25/install/nav2_map_server/lib:/home/aurora/RM25/install/nav2_lifecycle_manager/lib:/home/aurora/RM25/install/nav2_util/lib:/home/aurora/RM25/install/nav2_voxel_grid/lib:${LD_LIBRARY_PATH} PYTHONPATH=/home/aurora/RM25/install/nav2_common/local/lib/python3.10/dist-packages:${PYTHONPATH} /usr/bin/cmake /home/aurora/RM25/src/rm_navigation2/nav2_navfn_planner -DAMENT_CMAKE_SYMLINK_INSTALL=1 -DCMAKE_INSTALL_PREFIX=/home/aurora/RM25/install/nav2_navfn_planner
[19.936s] Invoking command in '/home/aurora/RM25/build/nav2_navfn_planner': AMENT_PREFIX_PATH=/home/aurora/RM25/install/nav2_core:/home/aurora/RM25/install/nav2_costmap_2d:/home/aurora/RM25/install/nav2_map_server:/home/aurora/RM25/install/nav2_lifecycle_manager:/home/aurora/RM25/install/nav2_util:/home/aurora/RM25/install/nav2_voxel_grid:/home/aurora/RM25/install/nav2_common:${AMENT_PREFIX_PATH} CMAKE_PREFIX_PATH=/home/aurora/RM25/install/nav2_core:/home/aurora/RM25/install/nav2_costmap_2d:/home/aurora/RM25/install/nav2_map_server:/home/aurora/RM25/install/nav2_lifecycle_manager:/home/aurora/RM25/install/nav2_util:/home/aurora/RM25/install/nav2_voxel_grid:/home/aurora/RM25/install/nav2_msgs:/home/aurora/RM25/install/nav2_common:/home/aurora/RM25/install/rm_robot_description:/home/aurora/RM25/install/nav2_bringup:/home/aurora/RM25/install/four_omniwheel_robot:/home/aurora/ws_helloworld/install/pkg01_helloworld_cpp:/home/aurora/ws_helloworld/install/learning_tf2_cpp:/home/aurora/ws_helloworld/install/pkg02_helloworld_py:/opt/ros/humble LD_LIBRARY_PATH=/home/aurora/RM25/install/nav2_costmap_2d/lib:/home/aurora/RM25/install/nav2_map_server/lib:/home/aurora/RM25/install/nav2_lifecycle_manager/lib:/home/aurora/RM25/install/nav2_util/lib:/home/aurora/RM25/install/nav2_voxel_grid/lib:${LD_LIBRARY_PATH} PYTHONPATH=/home/aurora/RM25/install/nav2_common/local/lib/python3.10/dist-packages:${PYTHONPATH} /usr/bin/cmake --build /home/aurora/RM25/build/nav2_navfn_planner -- -j20 -l20
[21.536s] [ 11%] [32mBuilding CXX object gtest/CMakeFiles/gtest_main.dir/src/gtest_main.cc.o[0m
[21.536s] [ 22%] [32mBuilding CXX object CMakeFiles/nav2_navfn_planner.dir/src/navfn_planner.cpp.o[0m
[21.536s] [ 33%] [32mBuilding CXX object gtest/CMakeFiles/gtest.dir/src/gtest-all.cc.o[0m
[21.536s] [ 44%] [32mBuilding CXX object CMakeFiles/nav2_navfn_planner.dir/src/navfn.cpp.o[0m
[22.022s] [ 55%] [32m[1mLinking CXX static library libgtest_main.a[0m
[22.230s] [ 55%] Built target gtest_main
[62.179s] [01m[Kc++:[m[K [01;31m[Kfatal error: [m[KKilled signal terminated program cc1plus
[62.182s] compilation terminated.
[62.190s] gmake[2]: *** [CMakeFiles/nav2_navfn_planner.dir/build.make:76: CMakeFiles/nav2_navfn_planner.dir/src/navfn_planner.cpp.o] Error 1
[62.194s] gmake[2]: *** Waiting for unfinished jobs....
[94.478s] [01m[Kc++:[m[K [01;31m[Kfatal error: [m[KKilled signal terminated program cc1plus
[94.481s] compilation terminated.
[94.481s] gmake[2]: *** [CMakeFiles/nav2_navfn_planner.dir/build.make:90: CMakeFiles/nav2_navfn_planner.dir/src/navfn.cpp.o] Error 1
[94.494s] gmake[1]: *** [CMakeFiles/Makefile2:172: CMakeFiles/nav2_navfn_planner.dir/all] Error 2
[94.495s] gmake[1]: *** Waiting for unfinished jobs....
[223.948s] [ 66%] [32m[1mLinking CXX static library libgtest.a[0m
[224.053s] [ 66%] Built target gtest
[224.098s] gmake: *** [Makefile:146: all] Error 2
