[01m[Kc++:[m[K [01;31m[Kfatal error: [m[KKilled signal terminated program cc1plus
compilation terminated.
gmake[2]: *** [CMakeFiles/nav2_smac_planner_lattice.dir/build.make:174: CMakeFiles/nav2_smac_planner_lattice.dir/src/costmap_downsampler.cpp.o] Error 1
gmake[2]: *** Waiting for unfinished jobs....
[01m[Kc++:[m[K [01;31m[Kfatal error: [m[KKilled signal terminated program cc1plus
compilation terminated.
gmake[2]: *** [CMakeFiles/nav2_smac_planner_2d.dir/build.make:174: CMakeFiles/nav2_smac_planner_2d.dir/src/costmap_downsampler.cpp.o] Error 1
gmake[2]: *** Waiting for unfinished jobs....
[01m[Kc++:[m[K [01;31m[Kfatal error: [m[KKilled signal terminated program cc1plus
compilation terminated.
gmake[2]: *** [CMakeFiles/nav2_smac_planner_2d.dir/build.make:146: CMakeFiles/nav2_smac_planner_2d.dir/src/node_hybrid.cpp.o] Error 1
[01m[Kc++:[m[K [01;31m[Kfatal error: [m[KKilled signal terminated program cc1plus
compilation terminated.
gmake[2]: *** [CMakeFiles/nav2_smac_planner_lattice.dir/build.make:132: CMakeFiles/nav2_smac_planner_lattice.dir/src/analytic_expansion.cpp.o] Error 1
[01m[Kc++:[m[K [01;31m[Kfatal error: [m[KKilled signal terminated program cc1plus
compilation terminated.
gmake[2]: *** [CMakeFiles/nav2_smac_planner_2d.dir/build.make:76: CMakeFiles/nav2_smac_planner_2d.dir/src/smac_planner_2d.cpp.o] Error 1
[01m[Kc++:[m[K [01;31m[Kfatal error: [m[KKilled signal terminated program cc1plus
compilation terminated.
gmake[2]: *** [CMakeFiles/nav2_smac_planner_lattice.dir/build.make:160: CMakeFiles/nav2_smac_planner_lattice.dir/src/node_lattice.cpp.o] Error 1
[01m[Kc++:[m[K [01;31m[Kfatal error: [m[KKilled signal terminated program cc1plus
compilation terminated.
gmake[2]: *** [CMakeFiles/nav2_smac_planner_2d.dir/build.make:160: CMakeFiles/nav2_smac_planner_2d.dir/src/node_lattice.cpp.o] Error 1
[01m[Kc++:[m[K [01;31m[Kfatal error: [m[KKilled signal terminated program cc1plus
compilation terminated.
gmake[2]: *** [CMakeFiles/nav2_smac_planner_2d.dir/build.make:132: CMakeFiles/nav2_smac_planner_2d.dir/src/analytic_expansion.cpp.o] Error 1
