[35m[1mConsolidate compiler generated dependencies of target rm_robot_description_sim[0m
[ 50%] [32mBuilding CXX object CMakeFiles/rm_robot_description_sim.dir/src/control_robot_keyboard.cpp.o[0m
[01m[K/home/aurora/RM25/src/rm_simulation/rm_robot_description_sim/src/control_robot_keyboard.cpp:[m[K In function â€˜[01m[Kint main(int, char**)[m[Kâ€™:
[01m[K/home/aurora/RM25/src/rm_simulation/rm_robot_description_sim/src/control_robot_keyboard.cpp:164:25:[m[K [01;31m[Kerror: [m[Kexpected â€˜[01m[K}[m[Kâ€™ at end of input
  164 |     node->controlLoop();[01;31m[K [m[K // å¯åŠ¨æ§åˆ¶å¾ªç¯
      |                         [01;31m[K^[m[K
[01m[K/home/aurora/RM25/src/rm_simulation/rm_robot_description_sim/src/control_robot_keyboard.cpp:160:33:[m[K [01;36m[Knote: [m[Kto match this â€˜[01m[K{[m[Kâ€™
  160 | int main(int argc, char **argv) [01;36m[K{[m[K
      |                                 [01;36m[K^[m[K
gmake[2]: *** [CMakeFiles/rm_robot_description_sim.dir/build.make:76ï¼šCMakeFiles/rm_robot_description_sim.dir/src/control_robot_keyboard.cpp.o] é”™è¯¯ 1
gmake[1]: *** [CMakeFiles/Makefile2:137ï¼šCMakeFiles/rm_robot_description_sim.dir/all] é”™è¯¯ 2
gmake: *** [Makefile:146ï¼šall] é”™è¯¯ 2
