[0.806s] Invoking command in '/home/aurora/RM25/build/nav2_collision_monitor': AMENT_PREFIX_PATH=/home/aurora/RM25/install/nav2_costmap_2d:/home/aurora/RM25/install/nav2_map_server:/home/aurora/RM25/install/nav2_lifecycle_manager:/home/aurora/RM25/install/nav2_util:/home/aurora/RM25/install/nav2_voxel_grid:/home/aurora/RM25/install/nav2_common:${AMENT_PREFIX_PATH} CMAKE_PREFIX_PATH=/home/aurora/RM25/install/nav2_costmap_2d:/home/aurora/RM25/install/nav2_map_server:/home/aurora/RM25/install/nav2_lifecycle_manager:/home/aurora/RM25/install/nav2_util:/home/aurora/RM25/install/nav2_voxel_grid:/home/aurora/RM25/install/nav2_msgs:/home/aurora/RM25/install/nav2_common:/home/aurora/RM25/install/rm_robot_description:/home/aurora/RM25/install/nav2_bringup:/home/aurora/RM25/install/four_omniwheel_robot:/home/aurora/ws_helloworld/install/pkg01_helloworld_cpp:/home/aurora/ws_helloworld/install/learning_tf2_cpp:/home/aurora/ws_helloworld/install/pkg02_helloworld_py:/opt/ros/humble LD_LIBRARY_PATH=/home/aurora/RM25/install/nav2_costmap_2d/lib:/home/aurora/RM25/install/nav2_map_server/lib:/home/aurora/RM25/install/nav2_lifecycle_manager/lib:/home/aurora/RM25/install/nav2_util/lib:/home/aurora/RM25/install/nav2_voxel_grid/lib:${LD_LIBRARY_PATH} PYTHONPATH=/home/aurora/RM25/install/nav2_common/local/lib/python3.10/dist-packages:${PYTHONPATH} /usr/bin/cmake --build /home/aurora/RM25/build/nav2_collision_monitor -- -j20 -l20
[0.838s] [35m[1mConsolidate compiler generated dependencies of target gtest_main[0m
[0.838s] [35m[1mConsolidate compiler generated dependencies of target gtest[0m
[0.847s] [35m[1mConsolidate compiler generated dependencies of target collision_monitor_core[0m
[0.847s] [  8%] Built target gtest
[0.849s] [ 17%] Built target gtest_main
[0.866s] [ 56%] Built target collision_monitor_core
[0.875s] [35m[1mConsolidate compiler generated dependencies of target collision_monitor[0m
[0.876s] [35m[1mConsolidate compiler generated dependencies of target sources_test[0m
[0.876s] [35m[1mConsolidate compiler generated dependencies of target kinematics_test[0m
[0.876s] [35m[1mConsolidate compiler generated dependencies of target polygons_test[0m
[0.881s] [ 60%] [32mBuilding CXX object test/CMakeFiles/collision_monitor_node_test.dir/collision_monitor_node_test.cpp.o[0m
[0.888s] [ 78%] Built target kinematics_test
[0.888s] [ 78%] Built target collision_monitor
[0.889s] [ 86%] Built target sources_test
[0.891s] [ 95%] Built target polygons_test
[61.275s] [01m[Kc++:[m[K [01;31m[Kfatal error: [m[KKilled signal terminated program cc1plus
[61.280s] compilation terminated.
[61.280s] gmake[2]: *** [test/CMakeFiles/collision_monitor_node_test.dir/build.make:76: test/CMakeFiles/collision_monitor_node_test.dir/collision_monitor_node_test.cpp.o] Error 1
[61.280s] gmake[1]: *** [CMakeFiles/Makefile2:318: test/CMakeFiles/collision_monitor_node_test.dir/all] Error 2
[61.292s] gmake: *** [Makefile:146: all] Error 2
[61.999s] Invoked command in '/home/aurora/RM25/build/nav2_collision_monitor' returned '2': AMENT_PREFIX_PATH=/home/aurora/RM25/install/nav2_costmap_2d:/home/aurora/RM25/install/nav2_map_server:/home/aurora/RM25/install/nav2_lifecycle_manager:/home/aurora/RM25/install/nav2_util:/home/aurora/RM25/install/nav2_voxel_grid:/home/aurora/RM25/install/nav2_common:${AMENT_PREFIX_PATH} CMAKE_PREFIX_PATH=/home/aurora/RM25/install/nav2_costmap_2d:/home/aurora/RM25/install/nav2_map_server:/home/aurora/RM25/install/nav2_lifecycle_manager:/home/aurora/RM25/install/nav2_util:/home/aurora/RM25/install/nav2_voxel_grid:/home/aurora/RM25/install/nav2_msgs:/home/aurora/RM25/install/nav2_common:/home/aurora/RM25/install/rm_robot_description:/home/aurora/RM25/install/nav2_bringup:/home/aurora/RM25/install/four_omniwheel_robot:/home/aurora/ws_helloworld/install/pkg01_helloworld_cpp:/home/aurora/ws_helloworld/install/learning_tf2_cpp:/home/aurora/ws_helloworld/install/pkg02_helloworld_py:/opt/ros/humble LD_LIBRARY_PATH=/home/aurora/RM25/install/nav2_costmap_2d/lib:/home/aurora/RM25/install/nav2_map_server/lib:/home/aurora/RM25/install/nav2_lifecycle_manager/lib:/home/aurora/RM25/install/nav2_util/lib:/home/aurora/RM25/install/nav2_voxel_grid/lib:${LD_LIBRARY_PATH} PYTHONPATH=/home/aurora/RM25/install/nav2_common/local/lib/python3.10/dist-packages:${PYTHONPATH} /usr/bin/cmake --build /home/aurora/RM25/build/nav2_collision_monitor -- -j20 -l20
