[2.258s] Invoking command in '/home/aurora/RM25/build/nav2_mppi_controller': AMENT_PREFIX_PATH=/home/aurora/RM25/install/nav2_core:/home/aurora/RM25/install/nav2_costmap_2d:/home/aurora/RM25/install/nav2_map_server:/home/aurora/RM25/install/nav2_lifecycle_manager:/home/aurora/RM25/install/nav2_util:/home/aurora/RM25/install/nav2_voxel_grid:/home/aurora/RM25/install/nav2_common:${AMENT_PREFIX_PATH} CMAKE_PREFIX_PATH=/home/aurora/RM25/install/nav2_core:/home/aurora/RM25/install/nav2_costmap_2d:/home/aurora/RM25/install/nav2_map_server:/home/aurora/RM25/install/nav2_lifecycle_manager:/home/aurora/RM25/install/nav2_util:/home/aurora/RM25/install/nav2_voxel_grid:/home/aurora/RM25/install/nav2_msgs:/home/aurora/RM25/install/nav2_common:/home/aurora/RM25/install/rm_robot_description:/home/aurora/RM25/install/nav2_bringup:/home/aurora/RM25/install/four_omniwheel_robot:/home/aurora/ws_helloworld/install/pkg01_helloworld_cpp:/home/aurora/ws_helloworld/install/learning_tf2_cpp:/home/aurora/ws_helloworld/install/pkg02_helloworld_py:/opt/ros/humble LD_LIBRARY_PATH=/home/aurora/RM25/install/nav2_costmap_2d/lib:/home/aurora/RM25/install/nav2_map_server/lib:/home/aurora/RM25/install/nav2_lifecycle_manager/lib:/home/aurora/RM25/install/nav2_util/lib:/home/aurora/RM25/install/nav2_voxel_grid/lib:${LD_LIBRARY_PATH} PYTHONPATH=/home/aurora/RM25/install/nav2_common/local/lib/python3.10/dist-packages:${PYTHONPATH} /usr/bin/cmake /home/aurora/RM25/src/rm_navigation2/nav2_mppi_controller -DAMENT_CMAKE_SYMLINK_INSTALL=1 -DCMAKE_INSTALL_PREFIX=/home/aurora/RM25/install/nav2_mppi_controller
[2.516s] -- The C compiler identification is GNU 11.4.0
[3.536s] -- The CXX compiler identification is GNU 11.4.0
[4.695s] -- Detecting C compiler ABI info
[5.021s] -- Detecting C compiler ABI info - done
[5.028s] -- Check for working C compiler: /usr/bin/cc - skipped
[5.028s] -- Detecting C compile features
[5.029s] -- Detecting C compile features - done
[5.032s] -- Detecting CXX compiler ABI info
[5.369s] -- Detecting CXX compiler ABI info - done
[5.377s] -- Check for working CXX compiler: /usr/bin/c++ - skipped
[5.378s] -- Detecting CXX compile features
[5.379s] -- Detecting CXX compile features - done
[5.384s] -- Found ament_cmake: 1.3.10 (/opt/ros/humble/share/ament_cmake/cmake)
[5.592s] -- Found Python3: /usr/bin/python3 (found version "3.10.12") found components: Interpreter 
[5.679s] -- Override CMake install command with custom implementation using symlinks instead of copying resources
[5.752s] -- Performing Test arch_native_supported
[6.122s] -- Performing Test arch_native_supported - Success
[6.135s] -- Found rclcpp: 16.0.10 (/opt/ros/humble/share/rclcpp/cmake)
[6.632s] -- Found rosidl_generator_c: 3.1.5 (/opt/ros/humble/share/rosidl_generator_c/cmake)
[6.639s] -- Found rosidl_adapter: 3.1.5 (/opt/ros/humble/share/rosidl_adapter/cmake)
[6.649s] -- Found rosidl_generator_cpp: 3.1.5 (/opt/ros/humble/share/rosidl_generator_cpp/cmake)
[6.665s] -- Using all available rosidl_typesupport_c: rosidl_typesupport_fastrtps_c;rosidl_typesupport_introspection_c
[6.682s] -- Using all available rosidl_typesupport_cpp: rosidl_typesupport_fastrtps_cpp;rosidl_typesupport_introspection_cpp
[6.741s] -- Found rmw_implementation_cmake: 6.1.2 (/opt/ros/humble/share/rmw_implementation_cmake/cmake)
[6.747s] -- Found rmw_fastrtps_cpp: 6.2.7 (/opt/ros/humble/share/rmw_fastrtps_cpp/cmake)
[9.878s] -- Found OpenSSL: /usr/lib/x86_64-linux-gnu/libcrypto.so (found version "3.0.2")  
[11.914s] -- Found FastRTPS: /opt/ros/humble/include  
[15.375s] -- Using RMW implementation 'rmw_fastrtps_cpp' as default
[15.385s] -- Looking for pthread.h
[15.637s] -- Looking for pthread.h - found
[15.637s] -- Performing Test CMAKE_HAVE_LIBC_PTHREAD
[15.898s] -- Performing Test CMAKE_HAVE_LIBC_PTHREAD - Success
[15.899s] -- Found Threads: TRUE  
[15.950s] -- Found nav2_common: 1.1.16 (/opt/ros/humble/share/nav2_common/cmake)
[15.952s] -- Found pluginlib: 5.1.0 (/opt/ros/humble/share/pluginlib/cmake)
[18.286s] -- Found tf2: 0.25.8 (/opt/ros/humble/share/tf2/cmake)
[18.311s] -- Found visualization_msgs: 4.2.4 (/opt/ros/humble/share/visualization_msgs/cmake)
[18.353s] -- Found nav_msgs: 4.2.4 (/opt/ros/humble/share/nav_msgs/cmake)
[18.372s] -- Found nav2_core: 1.1.17 (/home/aurora/RM25/install/nav2_core/share/nav2_core/cmake)
[18.693s] -- Found Eigen3: TRUE (found version "3.4.0") 
[18.693s] -- Ensuring Eigen3 include directory is part of orocos-kdl CMake target
[18.791s] -- Found tf2_eigen: 0.25.8 (/opt/ros/humble/share/tf2_eigen/cmake)
[18.796s] -- Setting build type to Release as none was specified.
[18.798s] -- Performing Test COMPILER_SUPPORTS_AVX512
[19.130s] -- Performing Test COMPILER_SUPPORTS_AVX512 - Success
[19.131s] -- Performing Test COMPILER_SUPPORTS_SSE4
[19.503s] -- Performing Test COMPILER_SUPPORTS_SSE4 - Success
[19.503s] -- Performing Test COMPILER_SUPPORTS_AVX2
[19.893s] -- Performing Test COMPILER_SUPPORTS_AVX2 - Success
[19.893s] -- Performing Test COMPILER_SUPPORTS_FMA
[20.344s] -- Performing Test COMPILER_SUPPORTS_FMA - Success
[20.682s] -- Found ament_lint_auto: 0.12.11 (/opt/ros/humble/share/ament_lint_auto/cmake)
[20.687s] -- Found ament_cmake_gtest: 1.3.10 (/opt/ros/humble/share/ament_cmake_gtest/cmake)
[20.999s] -- Found gtest sources under '/opt/ros/humble/src/gtest_vendor': C++ tests using 'Google Test' will be built
[22.873s] -- Added test 'cppcheck' to perform static code analysis on C / C++ code
[22.874s] -- Configured cppcheck include dirs: /home/aurora/RM25/src/rm_navigation2/nav2_mppi_controller/include
[22.875s] -- Configured cppcheck exclude dirs and/or files: 
[22.878s] -- Added test 'cpplint' to check C / C++ code against the Google style
[22.878s] -- Configured cpplint exclude dirs and/or files: 
[22.879s] -- Added test 'lint_cmake' to check CMake code style
[22.888s] -- Added test 'uncrustify' to check C / C++ code style
[22.888s] -- Configured uncrustify additional arguments: 
[22.890s] -- Added test 'xmllint' to check XML markup files
[22.896s] -- Configuring done
[24.760s] -- Generating done
[25.093s] -- Build files have been written to: /home/aurora/RM25/build/nav2_mppi_controller
[26.702s] Invoked command in '/home/aurora/RM25/build/nav2_mppi_controller' returned '0': AMENT_PREFIX_PATH=/home/aurora/RM25/install/nav2_core:/home/aurora/RM25/install/nav2_costmap_2d:/home/aurora/RM25/install/nav2_map_server:/home/aurora/RM25/install/nav2_lifecycle_manager:/home/aurora/RM25/install/nav2_util:/home/aurora/RM25/install/nav2_voxel_grid:/home/aurora/RM25/install/nav2_common:${AMENT_PREFIX_PATH} CMAKE_PREFIX_PATH=/home/aurora/RM25/install/nav2_core:/home/aurora/RM25/install/nav2_costmap_2d:/home/aurora/RM25/install/nav2_map_server:/home/aurora/RM25/install/nav2_lifecycle_manager:/home/aurora/RM25/install/nav2_util:/home/aurora/RM25/install/nav2_voxel_grid:/home/aurora/RM25/install/nav2_msgs:/home/aurora/RM25/install/nav2_common:/home/aurora/RM25/install/rm_robot_description:/home/aurora/RM25/install/nav2_bringup:/home/aurora/RM25/install/four_omniwheel_robot:/home/aurora/ws_helloworld/install/pkg01_helloworld_cpp:/home/aurora/ws_helloworld/install/learning_tf2_cpp:/home/aurora/ws_helloworld/install/pkg02_helloworld_py:/opt/ros/humble LD_LIBRARY_PATH=/home/aurora/RM25/install/nav2_costmap_2d/lib:/home/aurora/RM25/install/nav2_map_server/lib:/home/aurora/RM25/install/nav2_lifecycle_manager/lib:/home/aurora/RM25/install/nav2_util/lib:/home/aurora/RM25/install/nav2_voxel_grid/lib:${LD_LIBRARY_PATH} PYTHONPATH=/home/aurora/RM25/install/nav2_common/local/lib/python3.10/dist-packages:${PYTHONPATH} /usr/bin/cmake /home/aurora/RM25/src/rm_navigation2/nav2_mppi_controller -DAMENT_CMAKE_SYMLINK_INSTALL=1 -DCMAKE_INSTALL_PREFIX=/home/aurora/RM25/install/nav2_mppi_controller
[26.704s] Invoking command in '/home/aurora/RM25/build/nav2_mppi_controller': AMENT_PREFIX_PATH=/home/aurora/RM25/install/nav2_core:/home/aurora/RM25/install/nav2_costmap_2d:/home/aurora/RM25/install/nav2_map_server:/home/aurora/RM25/install/nav2_lifecycle_manager:/home/aurora/RM25/install/nav2_util:/home/aurora/RM25/install/nav2_voxel_grid:/home/aurora/RM25/install/nav2_common:${AMENT_PREFIX_PATH} CMAKE_PREFIX_PATH=/home/aurora/RM25/install/nav2_core:/home/aurora/RM25/install/nav2_costmap_2d:/home/aurora/RM25/install/nav2_map_server:/home/aurora/RM25/install/nav2_lifecycle_manager:/home/aurora/RM25/install/nav2_util:/home/aurora/RM25/install/nav2_voxel_grid:/home/aurora/RM25/install/nav2_msgs:/home/aurora/RM25/install/nav2_common:/home/aurora/RM25/install/rm_robot_description:/home/aurora/RM25/install/nav2_bringup:/home/aurora/RM25/install/four_omniwheel_robot:/home/aurora/ws_helloworld/install/pkg01_helloworld_cpp:/home/aurora/ws_helloworld/install/learning_tf2_cpp:/home/aurora/ws_helloworld/install/pkg02_helloworld_py:/opt/ros/humble LD_LIBRARY_PATH=/home/aurora/RM25/install/nav2_costmap_2d/lib:/home/aurora/RM25/install/nav2_map_server/lib:/home/aurora/RM25/install/nav2_lifecycle_manager/lib:/home/aurora/RM25/install/nav2_util/lib:/home/aurora/RM25/install/nav2_voxel_grid/lib:${LD_LIBRARY_PATH} PYTHONPATH=/home/aurora/RM25/install/nav2_common/local/lib/python3.10/dist-packages:${PYTHONPATH} /usr/bin/cmake --build /home/aurora/RM25/build/nav2_mppi_controller -- -j20 -l20
[38.997s] [  2%] [32mBuilding CXX object gtest/CMakeFiles/gtest.dir/src/gtest-all.cc.o[0m
[39.032s] [  4%] [32mBuilding CXX object CMakeFiles/mppi_controller.dir/src/critic_manager.cpp.o[0m
[39.032s] [  6%] [32mBuilding CXX object CMakeFiles/mppi_controller.dir/src/controller.cpp.o[0m
[39.032s] [  8%] [32mBuilding CXX object gtest/CMakeFiles/gtest_main.dir/src/gtest_main.cc.o[0m
[39.032s] [ 14%] [32mBuilding CXX object CMakeFiles/mppi_controller.dir/src/optimizer.cpp.o[0m
[39.032s] [ 16%] [32mBuilding CXX object CMakeFiles/mppi_critics.dir/src/critics/path_follow_critic.cpp.o[0m
[39.032s] [ 18%] [32mBuilding CXX object CMakeFiles/mppi_critics.dir/src/critics/path_align_critic.cpp.o[0m
[39.032s] [ 18%] [32mBuilding CXX object CMakeFiles/mppi_controller.dir/src/trajectory_visualizer.cpp.o[0m
[39.032s] [ 20%] [32mBuilding CXX object CMakeFiles/mppi_critics.dir/src/critics/goal_critic.cpp.o[0m
[39.032s] [ 20%] [32mBuilding CXX object CMakeFiles/mppi_critics.dir/src/critics/velocity_deadband_critic.cpp.o[0m
[39.032s] [ 22%] [32mBuilding CXX object CMakeFiles/mppi_critics.dir/src/critics/obstacles_critic.cpp.o[0m
[39.032s] [ 24%] [32mBuilding CXX object CMakeFiles/mppi_controller.dir/src/path_handler.cpp.o[0m
[39.032s] [ 26%] [32mBuilding CXX object CMakeFiles/mppi_critics.dir/src/critics/constraint_critic.cpp.o[0m
[39.032s] [ 28%] [32mBuilding CXX object CMakeFiles/mppi_critics.dir/src/critics/goal_angle_critic.cpp.o[0m
[39.032s] [ 30%] [32mBuilding CXX object CMakeFiles/mppi_critics.dir/src/critics/prefer_forward_critic.cpp.o[0m
[39.033s] [ 32%] [32mBuilding CXX object CMakeFiles/mppi_critics.dir/src/critics/path_align_legacy_critic.cpp.o[0m
[39.033s] [ 34%] [32mBuilding CXX object CMakeFiles/mppi_critics.dir/src/critics/cost_critic.cpp.o[0m
[39.033s] [ 36%] [32mBuilding CXX object CMakeFiles/mppi_controller.dir/src/parameters_handler.cpp.o[0m
[39.033s] [ 38%] [32mBuilding CXX object CMakeFiles/mppi_critics.dir/src/critics/twirling_critic.cpp.o[0m
[39.033s] [ 40%] [32mBuilding CXX object CMakeFiles/mppi_critics.dir/src/critics/path_angle_critic.cpp.o[0m
[39.033s] [ 42%] [32m[1mLinking CXX static library libgtest_main.a[0m
[41.804s] [ 42%] Built target gtest_main
[110.117s] [01m[Kc++:[m[K [01;31m[Kfatal error: [m[KKilled signal terminated program cc1plus
[110.121s] compilation terminated.
[110.126s] gmake[2]: *** [CMakeFiles/mppi_controller.dir/build.make:146: CMakeFiles/mppi_controller.dir/src/parameters_handler.cpp.o] Error 1
[110.129s] gmake[2]: *** Waiting for unfinished jobs....
[112.539s] [01m[Kc++:[m[K [01;31m[Kfatal error: [m[KKilled signal terminated program cc1plus
[112.541s] compilation terminated.
[112.541s] gmake[2]: *** [CMakeFiles/mppi_controller.dir/build.make:118: CMakeFiles/mppi_controller.dir/src/trajectory_visualizer.cpp.o] Error 1
[116.724s] [01m[Kc++:[m[K [01;31m[Kfatal error: [m[KKilled signal terminated program cc1plus
[116.727s] compilation terminated.
[116.727s] gmake[2]: *** [CMakeFiles/mppi_controller.dir/build.make:104: CMakeFiles/mppi_controller.dir/src/critic_manager.cpp.o] Error 1
[228.492s] [ 44%] [32m[1mLinking CXX static library libgtest.a[0m
[228.567s] [ 44%] Built target gtest
[274.644s] [01m[Kc++:[m[K [01;31m[Kfatal error: [m[KKilled signal terminated program cc1plus
[274.652s] compilation terminated.
[274.652s] gmake[2]: *** [CMakeFiles/mppi_controller.dir/build.make:90: CMakeFiles/mppi_controller.dir/src/optimizer.cpp.o] Error 1
[333.573s] gmake[1]: *** [CMakeFiles/Makefile2:196: CMakeFiles/mppi_controller.dir/all] Error 2
[333.579s] gmake[1]: *** Waiting for unfinished jobs....
[336.878s] [ 46%] [32m[1mLinking CXX shared library libmppi_critics.so[0m
[337.509s] [ 46%] Built target mppi_critics
[337.515s] gmake: *** [Makefile:146: all] Error 2
