[0.443s] Invoking command in '/home/aurora/RM25/src/build/nav2_amcl': AMENT_PREFIX_PATH=/home/aurora/RM25/src/install/nav2_util:/home/aurora/RM25/src/install/nav2_msgs:/home/aurora/RM25/src/install/nav2_common:${AMENT_PREFIX_PATH} CMAKE_PREFIX_PATH=/home/aurora/RM25/src/install/nav2_util:/home/aurora/RM25/src/install/nav2_msgs:/home/aurora/RM25/src/install/nav2_common:/home/aurora/RM25/install/rm_robot_description:/home/aurora/RM25/install/nav2_msgs:/home/aurora/RM25/install/nav2_bringup:/home/aurora/RM25/install/four_omniwheel_robot:/home/aurora/ws_helloworld/install/pkg01_helloworld_cpp:/home/aurora/ws_helloworld/install/learning_tf2_cpp:/home/aurora/ws_helloworld/install/pkg02_helloworld_py:/opt/ros/humble LD_LIBRARY_PATH=/home/aurora/RM25/src/install/nav2_util/lib:/home/aurora/RM25/src/install/nav2_msgs/lib:${LD_LIBRARY_PATH} PYTHONPATH=/home/aurora/RM25/src/install/nav2_msgs/local/lib/python3.10/dist-packages:/home/aurora/RM25/src/install/nav2_common/local/lib/python3.10/dist-packages:${PYTHONPATH} /usr/bin/cmake /home/aurora/RM25/src/rm_navigation2/nav2_amcl -DAMENT_CMAKE_SYMLINK_INSTALL=1 -DCMAKE_INSTALL_PREFIX=/home/aurora/RM25/src/install/nav2_amcl
[0.694s] -- The C compiler identification is GNU 11.4.0
[2.006s] -- The CXX compiler identification is GNU 11.4.0
[3.244s] -- Detecting C compiler ABI info
[3.541s] -- Detecting C compiler ABI info - done
[3.545s] -- Check for working C compiler: /usr/bin/cc - skipped
[3.546s] -- Detecting C compile features
[3.546s] -- Detecting C compile features - done
[3.547s] -- Detecting CXX compiler ABI info
[3.764s] -- Detecting CXX compiler ABI info - done
[3.768s] -- Check for working CXX compiler: /usr/bin/c++ - skipped
[3.768s] -- Detecting CXX compile features
[3.769s] -- Detecting CXX compile features - done
[3.770s] -- Found ament_cmake: 1.3.10 (/opt/ros/humble/share/ament_cmake/cmake)
[3.865s] -- Found Python3: /usr/bin/python3 (found version "3.10.12") found components: Interpreter 
[3.908s] -- Override CMake install command with custom implementation using symlinks instead of copying resources
[3.924s] -- Found nav2_common: 1.1.16 (/opt/ros/humble/share/nav2_common/cmake)
[3.925s] -- Found rclcpp: 16.0.10 (/opt/ros/humble/share/rclcpp/cmake)
[4.244s] -- Found rosidl_generator_c: 3.1.5 (/opt/ros/humble/share/rosidl_generator_c/cmake)
[4.248s] -- Found rosidl_adapter: 3.1.5 (/opt/ros/humble/share/rosidl_adapter/cmake)
[4.253s] -- Found rosidl_generator_cpp: 3.1.5 (/opt/ros/humble/share/rosidl_generator_cpp/cmake)
[4.260s] -- Using all available rosidl_typesupport_c: rosidl_typesupport_fastrtps_c;rosidl_typesupport_introspection_c
[4.270s] -- Using all available rosidl_typesupport_cpp: rosidl_typesupport_fastrtps_cpp;rosidl_typesupport_introspection_cpp
[4.301s] -- Found rmw_implementation_cmake: 6.1.2 (/opt/ros/humble/share/rmw_implementation_cmake/cmake)
[4.303s] -- Found rmw_fastrtps_cpp: 6.2.7 (/opt/ros/humble/share/rmw_fastrtps_cpp/cmake)
[8.175s] -- Found OpenSSL: /usr/lib/x86_64-linux-gnu/libcrypto.so (found version "3.0.2")  
[10.647s] -- Found FastRTPS: /opt/ros/humble/include  
[20.527s] -- Using RMW implementation 'rmw_fastrtps_cpp' as default
[20.533s] -- Looking for pthread.h
[20.751s] -- Looking for pthread.h - found
[20.751s] -- Performing Test CMAKE_HAVE_LIBC_PTHREAD
[20.951s] -- Performing Test CMAKE_HAVE_LIBC_PTHREAD - Success
[20.952s] -- Found Threads: TRUE  
[20.988s] -- Found rclcpp_lifecycle: 16.0.10 (/opt/ros/humble/share/rclcpp_lifecycle/cmake)
[21.003s] -- Found rclcpp_components: 16.0.10 (/opt/ros/humble/share/rclcpp_components/cmake)
[21.023s] -- Found message_filters: 4.3.5 (/opt/ros/humble/share/message_filters/cmake)
[21.028s] -- Found tf2_geometry_msgs: 0.25.8 (/opt/ros/humble/share/tf2_geometry_msgs/cmake)
[21.116s] -- Found eigen3_cmake_module: 0.1.1 (/opt/ros/humble/share/eigen3_cmake_module/cmake)
[21.117s] -- Found Eigen3: TRUE (found version "3.4.0") 
[21.117s] -- Ensuring Eigen3 include directory is part of orocos-kdl CMake target
[21.165s] -- Found nav_msgs: 4.2.4 (/opt/ros/humble/share/nav_msgs/cmake)
[21.180s] -- Found sensor_msgs: 4.2.4 (/opt/ros/humble/share/sensor_msgs/cmake)
[21.201s] -- Found std_srvs: 4.2.4 (/opt/ros/humble/share/std_srvs/cmake)
[21.207s] -- Found nav2_util: 1.1.17 (/home/aurora/RM25/src/install/nav2_util/share/nav2_util/cmake)
[21.247s] -- Found pluginlib: 5.1.0 (/opt/ros/humble/share/pluginlib/cmake)
[24.034s] -- Setting build type to Release as none was specified.
[24.036s] -- Looking for drand48
[24.278s] -- Looking for drand48 - found
[24.390s] -- Found ament_lint_auto: 0.12.11 (/opt/ros/humble/share/ament_lint_auto/cmake)
[24.503s] -- Added test 'cppcheck' to perform static code analysis on C / C++ code
[24.503s] -- Configured cppcheck include dirs: /home/aurora/RM25/src/rm_navigation2/nav2_amcl/include;/home/aurora/RM25/src/rm_navigation2/nav2_amcl/src/include
[24.503s] -- Configured cppcheck exclude dirs and/or files: 
[24.505s] -- Added test 'lint_cmake' to check CMake code style
[24.509s] -- Added test 'uncrustify' to check C / C++ code style
[24.509s] -- Configured uncrustify additional arguments: 
[24.511s] -- Added test 'xmllint' to check XML markup files
[24.517s] -- Configuring done
[24.626s] -- Generating done
[24.629s] -- Build files have been written to: /home/aurora/RM25/src/build/nav2_amcl
[24.650s] Invoked command in '/home/aurora/RM25/src/build/nav2_amcl' returned '0': AMENT_PREFIX_PATH=/home/aurora/RM25/src/install/nav2_util:/home/aurora/RM25/src/install/nav2_msgs:/home/aurora/RM25/src/install/nav2_common:${AMENT_PREFIX_PATH} CMAKE_PREFIX_PATH=/home/aurora/RM25/src/install/nav2_util:/home/aurora/RM25/src/install/nav2_msgs:/home/aurora/RM25/src/install/nav2_common:/home/aurora/RM25/install/rm_robot_description:/home/aurora/RM25/install/nav2_msgs:/home/aurora/RM25/install/nav2_bringup:/home/aurora/RM25/install/four_omniwheel_robot:/home/aurora/ws_helloworld/install/pkg01_helloworld_cpp:/home/aurora/ws_helloworld/install/learning_tf2_cpp:/home/aurora/ws_helloworld/install/pkg02_helloworld_py:/opt/ros/humble LD_LIBRARY_PATH=/home/aurora/RM25/src/install/nav2_util/lib:/home/aurora/RM25/src/install/nav2_msgs/lib:${LD_LIBRARY_PATH} PYTHONPATH=/home/aurora/RM25/src/install/nav2_msgs/local/lib/python3.10/dist-packages:/home/aurora/RM25/src/install/nav2_common/local/lib/python3.10/dist-packages:${PYTHONPATH} /usr/bin/cmake /home/aurora/RM25/src/rm_navigation2/nav2_amcl -DAMENT_CMAKE_SYMLINK_INSTALL=1 -DCMAKE_INSTALL_PREFIX=/home/aurora/RM25/src/install/nav2_amcl
[24.653s] Invoking command in '/home/aurora/RM25/src/build/nav2_amcl': AMENT_PREFIX_PATH=/home/aurora/RM25/src/install/nav2_util:/home/aurora/RM25/src/install/nav2_msgs:/home/aurora/RM25/src/install/nav2_common:${AMENT_PREFIX_PATH} CMAKE_PREFIX_PATH=/home/aurora/RM25/src/install/nav2_util:/home/aurora/RM25/src/install/nav2_msgs:/home/aurora/RM25/src/install/nav2_common:/home/aurora/RM25/install/rm_robot_description:/home/aurora/RM25/install/nav2_msgs:/home/aurora/RM25/install/nav2_bringup:/home/aurora/RM25/install/four_omniwheel_robot:/home/aurora/ws_helloworld/install/pkg01_helloworld_cpp:/home/aurora/ws_helloworld/install/learning_tf2_cpp:/home/aurora/ws_helloworld/install/pkg02_helloworld_py:/opt/ros/humble LD_LIBRARY_PATH=/home/aurora/RM25/src/install/nav2_util/lib:/home/aurora/RM25/src/install/nav2_msgs/lib:${LD_LIBRARY_PATH} PYTHONPATH=/home/aurora/RM25/src/install/nav2_msgs/local/lib/python3.10/dist-packages:/home/aurora/RM25/src/install/nav2_common/local/lib/python3.10/dist-packages:${PYTHONPATH} /usr/bin/cmake --build /home/aurora/RM25/src/build/nav2_amcl -- -j20 -l20
[24.702s] [  8%] [32mBuilding C object src/map/CMakeFiles/map_lib.dir/map.c.o[0m
[24.703s] [  8%] [32mBuilding C object src/map/CMakeFiles/map_lib.dir/map_range.c.o[0m
[24.703s] [ 12%] [32mBuilding C object src/pf/CMakeFiles/pf_lib.dir/pf.c.o[0m
[24.704s] [ 16%] [32mBuilding C object src/pf/CMakeFiles/pf_lib.dir/pf_kdtree.c.o[0m
[24.704s] [ 20%] [32mBuilding C object src/pf/CMakeFiles/pf_lib.dir/pf_vector.c.o[0m
[24.704s] [ 25%] [32mBuilding C object src/pf/CMakeFiles/pf_lib.dir/eig3.c.o[0m
[24.704s] [ 29%] [32mBuilding C object src/map/CMakeFiles/map_lib.dir/map_draw.c.o[0m
[24.707s] [ 33%] [32mBuilding CXX object src/map/CMakeFiles/map_lib.dir/map_cspace.cpp.o[0m
[24.707s] [ 41%] [32mBuilding C object src/pf/CMakeFiles/pf_lib.dir/pf_pdf.c.o[0m
[24.707s] [ 41%] [32mBuilding C object src/pf/CMakeFiles/pf_lib.dir/pf_draw.c.o[0m
[24.900s] [ 45%] [32m[1mLinking C shared library libpf_lib.so[0m
[25.116s] [ 50%] [32m[1mLinking CXX shared library libmap_lib.so[0m
[25.121s] [ 50%] Built target pf_lib
[25.144s] [ 54%] [32mBuilding CXX object src/motion_model/CMakeFiles/motions_lib.dir/omni_motion_model.cpp.o[0m
[25.146s] [ 58%] [32mBuilding CXX object src/motion_model/CMakeFiles/motions_lib.dir/differential_motion_model.cpp.o[0m
[25.375s] [ 58%] Built target map_lib
[25.399s] [ 66%] [32mBuilding CXX object src/sensors/CMakeFiles/sensors_lib.dir/laser/beam_model.cpp.o[0m
[25.399s] [ 66%] [32mBuilding CXX object src/sensors/CMakeFiles/sensors_lib.dir/laser/likelihood_field_model.cpp.o[0m
[25.400s] [ 75%] [32mBuilding CXX object src/sensors/CMakeFiles/sensors_lib.dir/laser/laser.cpp.o[0m
[25.400s] [ 75%] [32mBuilding CXX object src/sensors/CMakeFiles/sensors_lib.dir/laser/likelihood_field_model_prob.cpp.o[0m
[25.807s] [ 79%] [32m[1mLinking CXX shared library libsensors_lib.so[0m
[26.058s] [ 79%] Built target sensors_lib
[26.080s] [ 83%] [32mBuilding CXX object CMakeFiles/amcl_core.dir/src/amcl_node.cpp.o[0m
[26.144s] [ 87%] [32m[1mLinking CXX shared library libmotions_lib.so[0m
[26.505s] [ 87%] Built target motions_lib
[46.423s] [01m[Kc++:[m[K [01;31m[Kfatal error: [m[KKilled signal terminated program cc1plus
[46.428s] compilation terminated.
[46.432s] gmake[2]: *** [CMakeFiles/amcl_core.dir/build.make:76: CMakeFiles/amcl_core.dir/src/amcl_node.cpp.o] Error 1
[46.459s] gmake[1]: *** [CMakeFiles/Makefile2:241: CMakeFiles/amcl_core.dir/all] Error 2
[46.466s] gmake: *** [Makefile:146: all] Error 2
[46.591s] Invoked command in '/home/aurora/RM25/src/build/nav2_amcl' returned '2': AMENT_PREFIX_PATH=/home/aurora/RM25/src/install/nav2_util:/home/aurora/RM25/src/install/nav2_msgs:/home/aurora/RM25/src/install/nav2_common:${AMENT_PREFIX_PATH} CMAKE_PREFIX_PATH=/home/aurora/RM25/src/install/nav2_util:/home/aurora/RM25/src/install/nav2_msgs:/home/aurora/RM25/src/install/nav2_common:/home/aurora/RM25/install/rm_robot_description:/home/aurora/RM25/install/nav2_msgs:/home/aurora/RM25/install/nav2_bringup:/home/aurora/RM25/install/four_omniwheel_robot:/home/aurora/ws_helloworld/install/pkg01_helloworld_cpp:/home/aurora/ws_helloworld/install/learning_tf2_cpp:/home/aurora/ws_helloworld/install/pkg02_helloworld_py:/opt/ros/humble LD_LIBRARY_PATH=/home/aurora/RM25/src/install/nav2_util/lib:/home/aurora/RM25/src/install/nav2_msgs/lib:${LD_LIBRARY_PATH} PYTHONPATH=/home/aurora/RM25/src/install/nav2_msgs/local/lib/python3.10/dist-packages:/home/aurora/RM25/src/install/nav2_common/local/lib/python3.10/dist-packages:${PYTHONPATH} /usr/bin/cmake --build /home/aurora/RM25/src/build/nav2_amcl -- -j20 -l20
