[2.498s] Invoking command in '/home/aurora/RM25/build/nav2_bt_navigator': AMENT_PREFIX_PATH=/home/aurora/RM25/install/nav2_core:/home/aurora/RM25/install/nav2_costmap_2d:/home/aurora/RM25/install/nav2_map_server:/home/aurora/RM25/install/nav2_lifecycle_manager:/home/aurora/RM25/install/nav2_behavior_tree:/home/aurora/RM25/install/nav2_util:/home/aurora/RM25/install/nav2_voxel_grid:/home/aurora/RM25/install/nav2_common:${AMENT_PREFIX_PATH} CMAKE_PREFIX_PATH=/home/aurora/RM25/install/nav2_core:/home/aurora/RM25/install/nav2_costmap_2d:/home/aurora/RM25/install/nav2_map_server:/home/aurora/RM25/install/nav2_lifecycle_manager:/home/aurora/RM25/install/nav2_behavior_tree:/home/aurora/RM25/install/nav2_util:/home/aurora/RM25/install/nav2_voxel_grid:/home/aurora/RM25/install/nav2_msgs:/home/aurora/RM25/install/nav2_common:/home/aurora/RM25/install/rm_robot_description:/home/aurora/RM25/install/nav2_bringup:/home/aurora/RM25/install/four_omniwheel_robot:/home/aurora/ws_helloworld/install/pkg01_helloworld_cpp:/home/aurora/ws_helloworld/install/learning_tf2_cpp:/home/aurora/ws_helloworld/install/pkg02_helloworld_py:/opt/ros/humble LD_LIBRARY_PATH=/home/aurora/RM25/install/nav2_costmap_2d/lib:/home/aurora/RM25/install/nav2_map_server/lib:/home/aurora/RM25/install/nav2_lifecycle_manager/lib:/home/aurora/RM25/install/nav2_behavior_tree/lib:/home/aurora/RM25/install/nav2_util/lib:/home/aurora/RM25/install/nav2_voxel_grid/lib:${LD_LIBRARY_PATH} PYTHONPATH=/home/aurora/RM25/install/nav2_common/local/lib/python3.10/dist-packages:${PYTHONPATH} /usr/bin/cmake /home/aurora/RM25/src/rm_navigation2/nav2_bt_navigator -DAMENT_CMAKE_SYMLINK_INSTALL=1 -DCMAKE_INSTALL_PREFIX=/home/aurora/RM25/install/nav2_bt_navigator
[2.757s] -- The C compiler identification is GNU 11.4.0
[3.948s] -- The CXX compiler identification is GNU 11.4.0
[5.086s] -- Detecting C compiler ABI info
[5.376s] -- Detecting C compiler ABI info - done
[5.386s] -- Check for working C compiler: /usr/bin/cc - skipped
[5.387s] -- Detecting C compile features
[5.388s] -- Detecting C compile features - done
[5.392s] -- Detecting CXX compiler ABI info
[5.742s] -- Detecting CXX compiler ABI info - done
[5.751s] -- Check for working CXX compiler: /usr/bin/c++ - skipped
[5.752s] -- Detecting CXX compile features
[5.753s] -- Detecting CXX compile features - done
[5.759s] -- Found ament_cmake: 1.3.10 (/opt/ros/humble/share/ament_cmake/cmake)
[5.972s] -- Found Python3: /usr/bin/python3 (found version "3.10.12") found components: Interpreter 
[6.056s] -- Override CMake install command with custom implementation using symlinks instead of copying resources
[6.106s] -- Found nav2_common: 1.1.16 (/opt/ros/humble/share/nav2_common/cmake)
[6.109s] -- Found rclcpp: 16.0.10 (/opt/ros/humble/share/rclcpp/cmake)
[6.499s] -- Found rosidl_generator_c: 3.1.5 (/opt/ros/humble/share/rosidl_generator_c/cmake)
[6.507s] -- Found rosidl_adapter: 3.1.5 (/opt/ros/humble/share/rosidl_adapter/cmake)
[6.519s] -- Found rosidl_generator_cpp: 3.1.5 (/opt/ros/humble/share/rosidl_generator_cpp/cmake)
[6.539s] -- Using all available rosidl_typesupport_c: rosidl_typesupport_fastrtps_c;rosidl_typesupport_introspection_c
[6.568s] -- Using all available rosidl_typesupport_cpp: rosidl_typesupport_fastrtps_cpp;rosidl_typesupport_introspection_cpp
[6.636s] -- Found rmw_implementation_cmake: 6.1.2 (/opt/ros/humble/share/rmw_implementation_cmake/cmake)
[6.641s] -- Found rmw_fastrtps_cpp: 6.2.7 (/opt/ros/humble/share/rmw_fastrtps_cpp/cmake)
[8.800s] -- Found OpenSSL: /usr/lib/x86_64-linux-gnu/libcrypto.so (found version "3.0.2")  
[11.260s] -- Found FastRTPS: /opt/ros/humble/include  
[14.865s] -- Using RMW implementation 'rmw_fastrtps_cpp' as default
[14.873s] -- Looking for pthread.h
[15.130s] -- Looking for pthread.h - found
[15.130s] -- Performing Test CMAKE_HAVE_LIBC_PTHREAD
[15.409s] -- Performing Test CMAKE_HAVE_LIBC_PTHREAD - Success
[15.410s] -- Found Threads: TRUE  
[15.466s] -- Found rclcpp_action: 16.0.10 (/opt/ros/humble/share/rclcpp_action/cmake)
[15.497s] -- Found rclcpp_lifecycle: 16.0.10 (/opt/ros/humble/share/rclcpp_lifecycle/cmake)
[15.521s] -- Found rclcpp_components: 16.0.10 (/opt/ros/humble/share/rclcpp_components/cmake)
[15.547s] -- Found geometry_msgs: 4.2.4 (/opt/ros/humble/share/geometry_msgs/cmake)
[15.562s] -- Found nav2_behavior_tree: 1.1.17 (/home/aurora/RM25/install/nav2_behavior_tree/share/nav2_behavior_tree/cmake)
[15.804s] -- Found eigen3_cmake_module: 0.1.1 (/opt/ros/humble/share/eigen3_cmake_module/cmake)
[15.805s] -- Found Eigen3: TRUE (found version "3.4.0") 
[15.805s] -- Ensuring Eigen3 include directory is part of orocos-kdl CMake target
[15.855s] -- Found nav2_core: 1.1.17 (/home/aurora/RM25/install/nav2_core/share/nav2_core/cmake)
[18.201s] -- Setting build type to Release as none was specified.
[18.510s] -- Found ament_lint_auto: 0.12.11 (/opt/ros/humble/share/ament_lint_auto/cmake)
[18.619s] -- Added test 'copyright' to check source files copyright and LICENSE
[18.623s] -- Added test 'cppcheck' to perform static code analysis on C / C++ code
[18.624s] -- Configured cppcheck include dirs: /home/aurora/RM25/src/rm_navigation2/nav2_bt_navigator/include
[18.624s] -- Configured cppcheck exclude dirs and/or files: 
[18.626s] -- Added test 'cpplint' to check C / C++ code against the Google style
[18.626s] -- Configured cpplint exclude dirs and/or files: 
[18.627s] -- Added test 'lint_cmake' to check CMake code style
[18.630s] -- Added test 'uncrustify' to check C / C++ code style
[18.630s] -- Configured uncrustify additional arguments: 
[18.631s] -- Added test 'xmllint' to check XML markup files
[18.635s] -- Configuring done
[18.816s] -- Generating done
[18.819s] -- Build files have been written to: /home/aurora/RM25/build/nav2_bt_navigator
[18.839s] Invoked command in '/home/aurora/RM25/build/nav2_bt_navigator' returned '0': AMENT_PREFIX_PATH=/home/aurora/RM25/install/nav2_core:/home/aurora/RM25/install/nav2_costmap_2d:/home/aurora/RM25/install/nav2_map_server:/home/aurora/RM25/install/nav2_lifecycle_manager:/home/aurora/RM25/install/nav2_behavior_tree:/home/aurora/RM25/install/nav2_util:/home/aurora/RM25/install/nav2_voxel_grid:/home/aurora/RM25/install/nav2_common:${AMENT_PREFIX_PATH} CMAKE_PREFIX_PATH=/home/aurora/RM25/install/nav2_core:/home/aurora/RM25/install/nav2_costmap_2d:/home/aurora/RM25/install/nav2_map_server:/home/aurora/RM25/install/nav2_lifecycle_manager:/home/aurora/RM25/install/nav2_behavior_tree:/home/aurora/RM25/install/nav2_util:/home/aurora/RM25/install/nav2_voxel_grid:/home/aurora/RM25/install/nav2_msgs:/home/aurora/RM25/install/nav2_common:/home/aurora/RM25/install/rm_robot_description:/home/aurora/RM25/install/nav2_bringup:/home/aurora/RM25/install/four_omniwheel_robot:/home/aurora/ws_helloworld/install/pkg01_helloworld_cpp:/home/aurora/ws_helloworld/install/learning_tf2_cpp:/home/aurora/ws_helloworld/install/pkg02_helloworld_py:/opt/ros/humble LD_LIBRARY_PATH=/home/aurora/RM25/install/nav2_costmap_2d/lib:/home/aurora/RM25/install/nav2_map_server/lib:/home/aurora/RM25/install/nav2_lifecycle_manager/lib:/home/aurora/RM25/install/nav2_behavior_tree/lib:/home/aurora/RM25/install/nav2_util/lib:/home/aurora/RM25/install/nav2_voxel_grid/lib:${LD_LIBRARY_PATH} PYTHONPATH=/home/aurora/RM25/install/nav2_common/local/lib/python3.10/dist-packages:${PYTHONPATH} /usr/bin/cmake /home/aurora/RM25/src/rm_navigation2/nav2_bt_navigator -DAMENT_CMAKE_SYMLINK_INSTALL=1 -DCMAKE_INSTALL_PREFIX=/home/aurora/RM25/install/nav2_bt_navigator
[18.844s] Invoking command in '/home/aurora/RM25/build/nav2_bt_navigator': AMENT_PREFIX_PATH=/home/aurora/RM25/install/nav2_core:/home/aurora/RM25/install/nav2_costmap_2d:/home/aurora/RM25/install/nav2_map_server:/home/aurora/RM25/install/nav2_lifecycle_manager:/home/aurora/RM25/install/nav2_behavior_tree:/home/aurora/RM25/install/nav2_util:/home/aurora/RM25/install/nav2_voxel_grid:/home/aurora/RM25/install/nav2_common:${AMENT_PREFIX_PATH} CMAKE_PREFIX_PATH=/home/aurora/RM25/install/nav2_core:/home/aurora/RM25/install/nav2_costmap_2d:/home/aurora/RM25/install/nav2_map_server:/home/aurora/RM25/install/nav2_lifecycle_manager:/home/aurora/RM25/install/nav2_behavior_tree:/home/aurora/RM25/install/nav2_util:/home/aurora/RM25/install/nav2_voxel_grid:/home/aurora/RM25/install/nav2_msgs:/home/aurora/RM25/install/nav2_common:/home/aurora/RM25/install/rm_robot_description:/home/aurora/RM25/install/nav2_bringup:/home/aurora/RM25/install/four_omniwheel_robot:/home/aurora/ws_helloworld/install/pkg01_helloworld_cpp:/home/aurora/ws_helloworld/install/learning_tf2_cpp:/home/aurora/ws_helloworld/install/pkg02_helloworld_py:/opt/ros/humble LD_LIBRARY_PATH=/home/aurora/RM25/install/nav2_costmap_2d/lib:/home/aurora/RM25/install/nav2_map_server/lib:/home/aurora/RM25/install/nav2_lifecycle_manager/lib:/home/aurora/RM25/install/nav2_behavior_tree/lib:/home/aurora/RM25/install/nav2_util/lib:/home/aurora/RM25/install/nav2_voxel_grid/lib:${LD_LIBRARY_PATH} PYTHONPATH=/home/aurora/RM25/install/nav2_common/local/lib/python3.10/dist-packages:${PYTHONPATH} /usr/bin/cmake --build /home/aurora/RM25/build/nav2_bt_navigator -- -j20 -l20
[19.344s] [ 16%] [32mBuilding CXX object CMakeFiles/bt_navigator_core.dir/src/navigators/navigate_through_poses.cpp.o[0m
[19.345s] [ 33%] [32mBuilding CXX object CMakeFiles/bt_navigator_core.dir/src/bt_navigator.cpp.o[0m
[19.345s] [ 50%] [32mBuilding CXX object CMakeFiles/bt_navigator_core.dir/src/navigators/navigate_to_pose.cpp.o[0m
[41.812s] [01m[Kc++:[m[K [01;31m[Kfatal error: [m[KKilled signal terminated program cc1plus
[41.819s] compilation terminated.
[41.824s] gmake[2]: *** [CMakeFiles/bt_navigator_core.dir/build.make:76: CMakeFiles/bt_navigator_core.dir/src/bt_navigator.cpp.o] Error 1
[41.824s] gmake[2]: *** Waiting for unfinished jobs....
[53.279s] [01m[Kc++:[m[K [01;31m[Kfatal error: [m[KKilled signal terminated program cc1plus
[53.281s] compilation terminated.
[53.281s] gmake[2]: *** [CMakeFiles/bt_navigator_core.dir/build.make:104: CMakeFiles/bt_navigator_core.dir/src/navigators/navigate_through_poses.cpp.o] Error 1
[55.543s] [01m[Kc++:[m[K [01;31m[Kfatal error: [m[KKilled signal terminated program cc1plus
[55.545s] compilation terminated.
[55.545s] gmake[2]: *** [CMakeFiles/bt_navigator_core.dir/build.make:90: CMakeFiles/bt_navigator_core.dir/src/navigators/navigate_to_pose.cpp.o] Error 1
[55.546s] gmake[1]: *** [CMakeFiles/Makefile2:165: CMakeFiles/bt_navigator_core.dir/all] Error 2
[55.546s] gmake: *** [Makefile:146: all] Error 2
