[0.435s] Invoking command in '/home/aurora/RM25/src/build/nav2_lifecycle_manager': AMENT_PREFIX_PATH=/home/aurora/RM25/src/install/nav2_util:/home/aurora/RM25/src/install/nav2_msgs:/home/aurora/RM25/src/install/nav2_common:${AMENT_PREFIX_PATH} CMAKE_PREFIX_PATH=/home/aurora/RM25/src/install/nav2_util:/home/aurora/RM25/src/install/nav2_msgs:/home/aurora/RM25/src/install/nav2_common:/home/aurora/RM25/install/rm_robot_description:/home/aurora/RM25/install/nav2_msgs:/home/aurora/RM25/install/nav2_bringup:/home/aurora/RM25/install/four_omniwheel_robot:/home/aurora/ws_helloworld/install/pkg01_helloworld_cpp:/home/aurora/ws_helloworld/install/learning_tf2_cpp:/home/aurora/ws_helloworld/install/pkg02_helloworld_py:/opt/ros/humble LD_LIBRARY_PATH=/home/aurora/RM25/src/install/nav2_util/lib:/home/aurora/RM25/src/install/nav2_msgs/lib:${LD_LIBRARY_PATH} PYTHONPATH=/home/aurora/RM25/src/install/nav2_msgs/local/lib/python3.10/dist-packages:/home/aurora/RM25/src/install/nav2_common/local/lib/python3.10/dist-packages:${PYTHONPATH} /usr/bin/cmake /home/aurora/RM25/src/rm_navigation2/nav2_lifecycle_manager -DAMENT_CMAKE_SYMLINK_INSTALL=1 -DCMAKE_INSTALL_PREFIX=/home/aurora/RM25/src/install/nav2_lifecycle_manager
[0.665s] -- The C compiler identification is GNU 11.4.0
[1.933s] -- The CXX compiler identification is GNU 11.4.0
[3.027s] -- Detecting C compiler ABI info
[3.328s] -- Detecting C compiler ABI info - done
[3.332s] -- Check for working C compiler: /usr/bin/cc - skipped
[3.332s] -- Detecting C compile features
[3.333s] -- Detecting C compile features - done
[3.335s] -- Detecting CXX compiler ABI info
[3.633s] -- Detecting CXX compiler ABI info - done
[3.638s] -- Check for working CXX compiler: /usr/bin/c++ - skipped
[3.638s] -- Detecting CXX compile features
[3.638s] -- Detecting CXX compile features - done
[3.640s] -- Found ament_cmake: 1.3.10 (/opt/ros/humble/share/ament_cmake/cmake)
[3.735s] -- Found Python3: /usr/bin/python3 (found version "3.10.12") found components: Interpreter 
[3.779s] -- Override CMake install command with custom implementation using symlinks instead of copying resources
[3.797s] -- Found geometry_msgs: 4.2.4 (/opt/ros/humble/share/geometry_msgs/cmake)
[4.014s] -- Found rosidl_generator_c: 3.1.5 (/opt/ros/humble/share/rosidl_generator_c/cmake)
[4.017s] -- Found rosidl_adapter: 3.1.5 (/opt/ros/humble/share/rosidl_adapter/cmake)
[4.022s] -- Found rosidl_generator_cpp: 3.1.5 (/opt/ros/humble/share/rosidl_generator_cpp/cmake)
[4.030s] -- Using all available rosidl_typesupport_c: rosidl_typesupport_fastrtps_c;rosidl_typesupport_introspection_c
[4.040s] -- Using all available rosidl_typesupport_cpp: rosidl_typesupport_fastrtps_cpp;rosidl_typesupport_introspection_cpp
[4.065s] -- Found lifecycle_msgs: 1.2.1 (/opt/ros/humble/share/lifecycle_msgs/cmake)
[4.071s] -- Found nav2_common: 1.1.16 (/opt/ros/humble/share/nav2_common/cmake)
[4.071s] -- Found nav2_msgs: 1.1.17 (/home/aurora/RM25/src/install/nav2_msgs/share/nav2_msgs/cmake)
[4.112s] -- Found nav2_util: 1.1.17 (/home/aurora/RM25/src/install/nav2_util/share/nav2_util/cmake)
[4.158s] -- Found rmw_implementation_cmake: 6.1.2 (/opt/ros/humble/share/rmw_implementation_cmake/cmake)
[4.162s] -- Found rmw_fastrtps_cpp: 6.2.7 (/opt/ros/humble/share/rmw_fastrtps_cpp/cmake)
[6.350s] -- Found OpenSSL: /usr/lib/x86_64-linux-gnu/libcrypto.so (found version "3.0.2")  
[9.065s] -- Found FastRTPS: /opt/ros/humble/include  
[19.610s] -- Using RMW implementation 'rmw_fastrtps_cpp' as default
[19.616s] -- Looking for pthread.h
[19.899s] -- Looking for pthread.h - found
[19.899s] -- Performing Test CMAKE_HAVE_LIBC_PTHREAD
[20.174s] -- Performing Test CMAKE_HAVE_LIBC_PTHREAD - Success
[20.175s] -- Found Threads: TRUE  
[20.343s] -- Found eigen3_cmake_module: 0.1.1 (/opt/ros/humble/share/eigen3_cmake_module/cmake)
[20.344s] -- Found Eigen3: TRUE (found version "3.4.0") 
[20.344s] -- Ensuring Eigen3 include directory is part of orocos-kdl CMake target
[20.371s] -- Found std_srvs: 4.2.4 (/opt/ros/humble/share/std_srvs/cmake)
[20.386s] -- Found diagnostic_updater: 4.0.0 (/opt/ros/humble/share/diagnostic_updater/cmake)
[20.406s] -- Setting build type to Release as none was specified.
[20.438s] -- Found ament_lint_auto: 0.12.11 (/opt/ros/humble/share/ament_lint_auto/cmake)
[20.494s] -- Found gtest sources under '/opt/ros/humble/src/gtest_vendor': C++ tests using 'Google Test' will be built
[20.530s] -- Added test 'copyright' to check source files copyright and LICENSE
[20.531s] -- Added test 'cppcheck' to perform static code analysis on C / C++ code
[20.531s] -- Configured cppcheck include dirs: /home/aurora/RM25/src/rm_navigation2/nav2_lifecycle_manager/include
[20.531s] -- Configured cppcheck exclude dirs and/or files: 
[20.532s] -- Added test 'cpplint' to check C / C++ code against the Google style
[20.532s] -- Configured cpplint exclude dirs and/or files: 
[20.533s] -- Added test 'flake8' to check Python code syntax and style conventions
[20.533s] -- Added test 'lint_cmake' to check CMake code style
[20.534s] -- Added test 'pep257' to check Python code against some of the docstring style conventions in PEP 257
[20.534s] -- Added test 'uncrustify' to check C / C++ code style
[20.534s] -- Configured uncrustify additional arguments: 
[20.535s] -- Added test 'xmllint' to check XML markup files
[20.537s] -- Configuring done
[20.598s] -- Generating done
[20.600s] -- Build files have been written to: /home/aurora/RM25/src/build/nav2_lifecycle_manager
[20.609s] Invoked command in '/home/aurora/RM25/src/build/nav2_lifecycle_manager' returned '0': AMENT_PREFIX_PATH=/home/aurora/RM25/src/install/nav2_util:/home/aurora/RM25/src/install/nav2_msgs:/home/aurora/RM25/src/install/nav2_common:${AMENT_PREFIX_PATH} CMAKE_PREFIX_PATH=/home/aurora/RM25/src/install/nav2_util:/home/aurora/RM25/src/install/nav2_msgs:/home/aurora/RM25/src/install/nav2_common:/home/aurora/RM25/install/rm_robot_description:/home/aurora/RM25/install/nav2_msgs:/home/aurora/RM25/install/nav2_bringup:/home/aurora/RM25/install/four_omniwheel_robot:/home/aurora/ws_helloworld/install/pkg01_helloworld_cpp:/home/aurora/ws_helloworld/install/learning_tf2_cpp:/home/aurora/ws_helloworld/install/pkg02_helloworld_py:/opt/ros/humble LD_LIBRARY_PATH=/home/aurora/RM25/src/install/nav2_util/lib:/home/aurora/RM25/src/install/nav2_msgs/lib:${LD_LIBRARY_PATH} PYTHONPATH=/home/aurora/RM25/src/install/nav2_msgs/local/lib/python3.10/dist-packages:/home/aurora/RM25/src/install/nav2_common/local/lib/python3.10/dist-packages:${PYTHONPATH} /usr/bin/cmake /home/aurora/RM25/src/rm_navigation2/nav2_lifecycle_manager -DAMENT_CMAKE_SYMLINK_INSTALL=1 -DCMAKE_INSTALL_PREFIX=/home/aurora/RM25/src/install/nav2_lifecycle_manager
[20.610s] Invoking command in '/home/aurora/RM25/src/build/nav2_lifecycle_manager': AMENT_PREFIX_PATH=/home/aurora/RM25/src/install/nav2_util:/home/aurora/RM25/src/install/nav2_msgs:/home/aurora/RM25/src/install/nav2_common:${AMENT_PREFIX_PATH} CMAKE_PREFIX_PATH=/home/aurora/RM25/src/install/nav2_util:/home/aurora/RM25/src/install/nav2_msgs:/home/aurora/RM25/src/install/nav2_common:/home/aurora/RM25/install/rm_robot_description:/home/aurora/RM25/install/nav2_msgs:/home/aurora/RM25/install/nav2_bringup:/home/aurora/RM25/install/four_omniwheel_robot:/home/aurora/ws_helloworld/install/pkg01_helloworld_cpp:/home/aurora/ws_helloworld/install/learning_tf2_cpp:/home/aurora/ws_helloworld/install/pkg02_helloworld_py:/opt/ros/humble LD_LIBRARY_PATH=/home/aurora/RM25/src/install/nav2_util/lib:/home/aurora/RM25/src/install/nav2_msgs/lib:${LD_LIBRARY_PATH} PYTHONPATH=/home/aurora/RM25/src/install/nav2_msgs/local/lib/python3.10/dist-packages:/home/aurora/RM25/src/install/nav2_common/local/lib/python3.10/dist-packages:${PYTHONPATH} /usr/bin/cmake --build /home/aurora/RM25/src/build/nav2_lifecycle_manager -- -j20 -l20
[20.637s] [ 15%] [32mBuilding CXX object gtest/CMakeFiles/gtest.dir/src/gtest-all.cc.o[0m
[20.637s] [ 15%] [32mBuilding CXX object gtest/CMakeFiles/gtest_main.dir/src/gtest_main.cc.o[0m
[20.641s] [ 23%] [32mBuilding CXX object CMakeFiles/nav2_lifecycle_manager_core.dir/src/lifecycle_manager.cpp.o[0m
[20.642s] [ 30%] [32mBuilding CXX object CMakeFiles/nav2_lifecycle_manager_core.dir/src/lifecycle_manager_client.cpp.o[0m
[21.282s] [ 38%] [32m[1mLinking CXX static library libgtest_main.a[0m
[21.302s] [ 38%] Built target gtest_main
[27.598s] [ 46%] [32m[1mLinking CXX static library libgtest.a[0m
[27.728s] [ 46%] Built target gtest
[43.633s] [01m[Kc++:[m[K [01;31m[Kfatal error: [m[KKilled signal terminated program cc1plus
[43.889s] compilation terminated.
[43.889s] gmake[2]: *** [CMakeFiles/nav2_lifecycle_manager_core.dir/build.make:76: CMakeFiles/nav2_lifecycle_manager_core.dir/src/lifecycle_manager.cpp.o] Error 1
[43.889s] gmake[1]: *** [CMakeFiles/Makefile2:176: CMakeFiles/nav2_lifecycle_manager_core.dir/all] Error 2
[43.889s] gmake: *** [Makefile:146: all] Error 2
[45.460s] Invoked command in '/home/aurora/RM25/src/build/nav2_lifecycle_manager' returned '2': AMENT_PREFIX_PATH=/home/aurora/RM25/src/install/nav2_util:/home/aurora/RM25/src/install/nav2_msgs:/home/aurora/RM25/src/install/nav2_common:${AMENT_PREFIX_PATH} CMAKE_PREFIX_PATH=/home/aurora/RM25/src/install/nav2_util:/home/aurora/RM25/src/install/nav2_msgs:/home/aurora/RM25/src/install/nav2_common:/home/aurora/RM25/install/rm_robot_description:/home/aurora/RM25/install/nav2_msgs:/home/aurora/RM25/install/nav2_bringup:/home/aurora/RM25/install/four_omniwheel_robot:/home/aurora/ws_helloworld/install/pkg01_helloworld_cpp:/home/aurora/ws_helloworld/install/learning_tf2_cpp:/home/aurora/ws_helloworld/install/pkg02_helloworld_py:/opt/ros/humble LD_LIBRARY_PATH=/home/aurora/RM25/src/install/nav2_util/lib:/home/aurora/RM25/src/install/nav2_msgs/lib:${LD_LIBRARY_PATH} PYTHONPATH=/home/aurora/RM25/src/install/nav2_msgs/local/lib/python3.10/dist-packages:/home/aurora/RM25/src/install/nav2_common/local/lib/python3.10/dist-packages:${PYTHONPATH} /usr/bin/cmake --build /home/aurora/RM25/src/build/nav2_lifecycle_manager -- -j20 -l20
