[01m[Kc++:[m[K [01;31m[Kfatal error: [m[KKilled signal terminated program cc1plus
compilation terminated.
gmake[2]: *** [CMakeFiles/nav2_regulated_pure_pursuit_controller.dir/build.make:76: CMakeFiles/nav2_regulated_pure_pursuit_controller.dir/src/regulated_pure_pursuit_controller.cpp.o] Error 1
gmake[1]: *** [CMakeFiles/Makefile2:174: CMakeFiles/nav2_regulated_pure_pursuit_controller.dir/all] Error 2
gmake[1]: *** Waiting for unfinished jobs....
[01m[Kc++:[m[K [01;31m[Kfatal error: [m[KKilled signal terminated program cc1plus
compilation terminated.
gmake[2]: *** [gtest/CMakeFiles/gtest.dir/build.make:76: gtest/CMakeFiles/gtest.dir/src/gtest-all.cc.o] Error 1
gmake[1]: *** [CMakeFiles/Makefile2:255: gtest/CMakeFiles/gtest.dir/all] Error 2
gmake: *** [Makefile:146: all] Error 2
