[2.214s] Invoking command in '/home/aurora/RM25/build/nav2_smac_planner': AMENT_PREFIX_PATH=/home/aurora/RM25/install/nav2_core:/home/aurora/RM25/install/nav2_costmap_2d:/home/aurora/RM25/install/nav2_map_server:/home/aurora/RM25/install/nav2_lifecycle_manager:/home/aurora/RM25/install/nav2_util:/home/aurora/RM25/install/nav2_voxel_grid:/home/aurora/RM25/install/nav2_common:${AMENT_PREFIX_PATH} CMAKE_PREFIX_PATH=/home/aurora/RM25/install/nav2_core:/home/aurora/RM25/install/nav2_costmap_2d:/home/aurora/RM25/install/nav2_map_server:/home/aurora/RM25/install/nav2_lifecycle_manager:/home/aurora/RM25/install/nav2_util:/home/aurora/RM25/install/nav2_voxel_grid:/home/aurora/RM25/install/nav2_msgs:/home/aurora/RM25/install/nav2_common:/home/aurora/RM25/install/rm_robot_description:/home/aurora/RM25/install/nav2_bringup:/home/aurora/RM25/install/four_omniwheel_robot:/home/aurora/ws_helloworld/install/pkg01_helloworld_cpp:/home/aurora/ws_helloworld/install/learning_tf2_cpp:/home/aurora/ws_helloworld/install/pkg02_helloworld_py:/opt/ros/humble LD_LIBRARY_PATH=/home/aurora/RM25/install/nav2_costmap_2d/lib:/home/aurora/RM25/install/nav2_map_server/lib:/home/aurora/RM25/install/nav2_lifecycle_manager/lib:/home/aurora/RM25/install/nav2_util/lib:/home/aurora/RM25/install/nav2_voxel_grid/lib:${LD_LIBRARY_PATH} PYTHONPATH=/home/aurora/RM25/install/nav2_common/local/lib/python3.10/dist-packages:${PYTHONPATH} /usr/bin/cmake /home/aurora/RM25/src/rm_navigation2/nav2_smac_planner -DAMENT_CMAKE_SYMLINK_INSTALL=1 -DCMAKE_INSTALL_PREFIX=/home/aurora/RM25/install/nav2_smac_planner
[2.478s] -- The C compiler identification is GNU 11.4.0
[3.543s] -- The CXX compiler identification is GNU 11.4.0
[4.560s] -- Detecting C compiler ABI info
[4.884s] -- Detecting C compiler ABI info - done
[4.889s] -- Check for working C compiler: /usr/bin/cc - skipped
[4.890s] -- Detecting C compile features
[4.890s] -- Detecting C compile features - done
[4.896s] -- Detecting CXX compiler ABI info
[5.153s] -- Detecting CXX compiler ABI info - done
[5.164s] -- Check for working CXX compiler: /usr/bin/c++ - skipped
[5.165s] -- Detecting CXX compile features
[5.165s] -- Detecting CXX compile features - done
[5.169s] -- Found ament_cmake: 1.3.10 (/opt/ros/humble/share/ament_cmake/cmake)
[5.376s] -- Found Python3: /usr/bin/python3 (found version "3.10.12") found components: Interpreter 
[5.474s] -- Override CMake install command with custom implementation using symlinks instead of copying resources
[5.510s] -- Found nav2_common: 1.1.16 (/opt/ros/humble/share/nav2_common/cmake)
[5.512s] -- Found rclcpp: 16.0.10 (/opt/ros/humble/share/rclcpp/cmake)
[5.890s] -- Found rosidl_generator_c: 3.1.5 (/opt/ros/humble/share/rosidl_generator_c/cmake)
[5.897s] -- Found rosidl_adapter: 3.1.5 (/opt/ros/humble/share/rosidl_adapter/cmake)
[5.909s] -- Found rosidl_generator_cpp: 3.1.5 (/opt/ros/humble/share/rosidl_generator_cpp/cmake)
[5.922s] -- Using all available rosidl_typesupport_c: rosidl_typesupport_fastrtps_c;rosidl_typesupport_introspection_c
[5.945s] -- Using all available rosidl_typesupport_cpp: rosidl_typesupport_fastrtps_cpp;rosidl_typesupport_introspection_cpp
[6.005s] -- Found rmw_implementation_cmake: 6.1.2 (/opt/ros/humble/share/rmw_implementation_cmake/cmake)
[6.008s] -- Found rmw_fastrtps_cpp: 6.2.7 (/opt/ros/humble/share/rmw_fastrtps_cpp/cmake)
[7.952s] -- Found OpenSSL: /usr/lib/x86_64-linux-gnu/libcrypto.so (found version "3.0.2")  
[10.663s] -- Found FastRTPS: /opt/ros/humble/include  
[14.345s] -- Using RMW implementation 'rmw_fastrtps_cpp' as default
[14.352s] -- Looking for pthread.h
[14.680s] -- Looking for pthread.h - found
[14.680s] -- Performing Test CMAKE_HAVE_LIBC_PTHREAD
[15.015s] -- Performing Test CMAKE_HAVE_LIBC_PTHREAD - Success
[15.016s] -- Found Threads: TRUE  
[15.081s] -- Found rclcpp_action: 16.0.10 (/opt/ros/humble/share/rclcpp_action/cmake)
[15.112s] -- Found rclcpp_lifecycle: 16.0.10 (/opt/ros/humble/share/rclcpp_lifecycle/cmake)
[15.131s] -- Found visualization_msgs: 4.2.4 (/opt/ros/humble/share/visualization_msgs/cmake)
[15.194s] -- Found nav2_util: 1.1.17 (/home/aurora/RM25/install/nav2_util/share/nav2_util/cmake)
[15.426s] -- Found eigen3_cmake_module: 0.1.1 (/opt/ros/humble/share/eigen3_cmake_module/cmake)
[15.427s] -- Found Eigen3: TRUE (found version "3.4.0") 
[15.427s] -- Ensuring Eigen3 include directory is part of orocos-kdl CMake target
[15.460s] -- Found nav2_core: 1.1.17 (/home/aurora/RM25/install/nav2_core/share/nav2_core/cmake)
[18.204s] -- Found ompl: /opt/ros/humble/include/ompl-1.6;/usr/include;/usr/include/eigen3  
[19.161s] -- Found OpenMP_C: -fopenmp (found version "4.5") 
[19.540s] -- Found OpenMP_CXX: -fopenmp (found version "4.5") 
[19.540s] -- Found OpenMP: TRUE (found version "4.5")  
[19.540s] -- Found OpenMP_C: -fopenmp (found version "4.5") 
[19.541s] -- Found OpenMP_CXX: -fopenmp (found version "4.5") 
[19.869s] -- Found ament_lint_auto: 0.12.11 (/opt/ros/humble/share/ament_lint_auto/cmake)
[20.225s] -- Found gtest sources under '/opt/ros/humble/src/gtest_vendor': C++ tests using 'Google Test' will be built
[22.216s] -- Added test 'copyright' to check source files copyright and LICENSE
[22.267s] -- Added test 'cppcheck' to perform static code analysis on C / C++ code
[22.269s] -- Configured cppcheck include dirs: /home/aurora/RM25/src/rm_navigation2/nav2_smac_planner/include
[22.269s] -- Configured cppcheck exclude dirs and/or files: include/nav2_smac_planner/thirdparty/robin_hood.h
[22.277s] -- Added test 'cpplint' to check C / C++ code against the Google style
[22.289s] -- Configured cpplint exclude dirs and/or files: include/nav2_smac_planner/thirdparty/robin_hood.h
[22.293s] -- Added test 'flake8' to check Python code syntax and style conventions
[22.295s] -- Added test 'lint_cmake' to check CMake code style
[22.299s] -- Added test 'pep257' to check Python code against some of the docstring style conventions in PEP 257
[22.324s] -- Added test 'uncrustify' to check C / C++ code style
[22.325s] -- Configured uncrustify additional arguments: 
[22.327s] -- Added test 'xmllint' to check XML markup files
[22.361s] -- Configuring done
[24.557s] -- Generating done
[24.837s] -- Build files have been written to: /home/aurora/RM25/build/nav2_smac_planner
[26.357s] Invoked command in '/home/aurora/RM25/build/nav2_smac_planner' returned '0': AMENT_PREFIX_PATH=/home/aurora/RM25/install/nav2_core:/home/aurora/RM25/install/nav2_costmap_2d:/home/aurora/RM25/install/nav2_map_server:/home/aurora/RM25/install/nav2_lifecycle_manager:/home/aurora/RM25/install/nav2_util:/home/aurora/RM25/install/nav2_voxel_grid:/home/aurora/RM25/install/nav2_common:${AMENT_PREFIX_PATH} CMAKE_PREFIX_PATH=/home/aurora/RM25/install/nav2_core:/home/aurora/RM25/install/nav2_costmap_2d:/home/aurora/RM25/install/nav2_map_server:/home/aurora/RM25/install/nav2_lifecycle_manager:/home/aurora/RM25/install/nav2_util:/home/aurora/RM25/install/nav2_voxel_grid:/home/aurora/RM25/install/nav2_msgs:/home/aurora/RM25/install/nav2_common:/home/aurora/RM25/install/rm_robot_description:/home/aurora/RM25/install/nav2_bringup:/home/aurora/RM25/install/four_omniwheel_robot:/home/aurora/ws_helloworld/install/pkg01_helloworld_cpp:/home/aurora/ws_helloworld/install/learning_tf2_cpp:/home/aurora/ws_helloworld/install/pkg02_helloworld_py:/opt/ros/humble LD_LIBRARY_PATH=/home/aurora/RM25/install/nav2_costmap_2d/lib:/home/aurora/RM25/install/nav2_map_server/lib:/home/aurora/RM25/install/nav2_lifecycle_manager/lib:/home/aurora/RM25/install/nav2_util/lib:/home/aurora/RM25/install/nav2_voxel_grid/lib:${LD_LIBRARY_PATH} PYTHONPATH=/home/aurora/RM25/install/nav2_common/local/lib/python3.10/dist-packages:${PYTHONPATH} /usr/bin/cmake /home/aurora/RM25/src/rm_navigation2/nav2_smac_planner -DAMENT_CMAKE_SYMLINK_INSTALL=1 -DCMAKE_INSTALL_PREFIX=/home/aurora/RM25/install/nav2_smac_planner
[26.532s] Invoking command in '/home/aurora/RM25/build/nav2_smac_planner': AMENT_PREFIX_PATH=/home/aurora/RM25/install/nav2_core:/home/aurora/RM25/install/nav2_costmap_2d:/home/aurora/RM25/install/nav2_map_server:/home/aurora/RM25/install/nav2_lifecycle_manager:/home/aurora/RM25/install/nav2_util:/home/aurora/RM25/install/nav2_voxel_grid:/home/aurora/RM25/install/nav2_common:${AMENT_PREFIX_PATH} CMAKE_PREFIX_PATH=/home/aurora/RM25/install/nav2_core:/home/aurora/RM25/install/nav2_costmap_2d:/home/aurora/RM25/install/nav2_map_server:/home/aurora/RM25/install/nav2_lifecycle_manager:/home/aurora/RM25/install/nav2_util:/home/aurora/RM25/install/nav2_voxel_grid:/home/aurora/RM25/install/nav2_msgs:/home/aurora/RM25/install/nav2_common:/home/aurora/RM25/install/rm_robot_description:/home/aurora/RM25/install/nav2_bringup:/home/aurora/RM25/install/four_omniwheel_robot:/home/aurora/ws_helloworld/install/pkg01_helloworld_cpp:/home/aurora/ws_helloworld/install/learning_tf2_cpp:/home/aurora/ws_helloworld/install/pkg02_helloworld_py:/opt/ros/humble LD_LIBRARY_PATH=/home/aurora/RM25/install/nav2_costmap_2d/lib:/home/aurora/RM25/install/nav2_map_server/lib:/home/aurora/RM25/install/nav2_lifecycle_manager/lib:/home/aurora/RM25/install/nav2_util/lib:/home/aurora/RM25/install/nav2_voxel_grid/lib:${LD_LIBRARY_PATH} PYTHONPATH=/home/aurora/RM25/install/nav2_common/local/lib/python3.10/dist-packages:${PYTHONPATH} /usr/bin/cmake --build /home/aurora/RM25/build/nav2_smac_planner -- -j20 -l20
[26.927s] [  1%] [32mBuilding CXX object CMakeFiles/nav2_smac_planner_lattice.dir/src/smac_planner_lattice.cpp.o[0m
[26.941s] [  3%] [32mBuilding CXX object gtest/CMakeFiles/gtest_main.dir/src/gtest_main.cc.o[0m
[26.943s] [  5%] [32mBuilding CXX object CMakeFiles/nav2_smac_planner_lattice.dir/src/a_star.cpp.o[0m
[26.980s] [  8%] [32mBuilding CXX object CMakeFiles/nav2_smac_planner_2d.dir/src/collision_checker.cpp.o[0m
[26.980s] [  8%] [32mBuilding CXX object CMakeFiles/nav2_smac_planner.dir/src/analytic_expansion.cpp.o[0m
[26.985s] [ 10%] [32mBuilding CXX object CMakeFiles/nav2_smac_planner_2d.dir/src/a_star.cpp.o[0m
[26.989s] [ 11%] [32mBuilding CXX object CMakeFiles/nav2_smac_planner.dir/src/smac_planner_hybrid.cpp.o[0m
[26.990s] [ 13%] [32mBuilding CXX object CMakeFiles/nav2_smac_planner.dir/src/node_2d.cpp.o[0m
[26.993s] [ 15%] [32mBuilding CXX object CMakeFiles/nav2_smac_planner.dir/src/smoother.cpp.o[0m
[26.994s] [ 16%] [32mBuilding CXX object CMakeFiles/nav2_smac_planner.dir/src/node_hybrid.cpp.o[0m
[26.997s] [ 18%] [32mBuilding CXX object CMakeFiles/nav2_smac_planner_2d.dir/src/analytic_expansion.cpp.o[0m
[26.999s] [ 20%] [32mBuilding CXX object CMakeFiles/nav2_smac_planner.dir/src/collision_checker.cpp.o[0m
[27.001s] [ 22%] [32mBuilding CXX object CMakeFiles/nav2_smac_planner.dir/src/node_lattice.cpp.o[0m
[27.002s] [ 23%] [32mBuilding CXX object CMakeFiles/nav2_smac_planner_2d.dir/src/smoother.cpp.o[0m
[27.003s] [ 25%] [32mBuilding CXX object CMakeFiles/nav2_smac_planner.dir/src/node_basic.cpp.o[0m
[27.024s] [ 27%] [32mBuilding CXX object CMakeFiles/nav2_smac_planner_lattice.dir/src/smoother.cpp.o[0m
[27.024s] [ 28%] [32mBuilding CXX object CMakeFiles/nav2_smac_planner.dir/src/costmap_downsampler.cpp.o[0m
[27.034s] [ 30%] [32mBuilding CXX object CMakeFiles/nav2_smac_planner_2d.dir/src/smac_planner_2d.cpp.o[0m
[27.034s] [ 32%] [32mBuilding CXX object CMakeFiles/nav2_smac_planner.dir/src/a_star.cpp.o[0m
[27.042s] [ 33%] [32mBuilding CXX object gtest/CMakeFiles/gtest.dir/src/gtest-all.cc.o[0m
[36.299s] [ 35%] [32m[1mLinking CXX static library libgtest_main.a[0m
[41.756s] [ 35%] Built target gtest_main
[104.205s] [01m[Kc++:[m[K [01;31m[Kfatal error: [m[KKilled signal terminated program cc1plus
[104.206s] compilation terminated.
[104.206s] gmake[2]: *** [CMakeFiles/nav2_smac_planner.dir/build.make:76: CMakeFiles/nav2_smac_planner.dir/src/smac_planner_hybrid.cpp.o] Error 1
[104.207s] gmake[2]: *** Waiting for unfinished jobs....
[121.566s] [01m[Kc++:[m[K [01;31m[Kfatal error: [m[KKilled signal terminated program cc1plus
[121.567s] compilation terminated.
[121.567s] gmake[2]: *** [CMakeFiles/nav2_smac_planner.dir/build.make:174: CMakeFiles/nav2_smac_planner.dir/src/costmap_downsampler.cpp.o] Error 1
[175.759s] [01m[Kc++:[m[K [01;31m[Kfatal error: [m[KKilled signal terminated program cc1plus
[175.771s] compilation terminated.
[175.773s] gmake[2]: *** [CMakeFiles/nav2_smac_planner_lattice.dir/build.make:76: CMakeFiles/nav2_smac_planner_lattice.dir/src/smac_planner_lattice.cpp.o] Error 1
[175.773s] gmake[2]: *** Waiting for unfinished jobs....
[179.388s] [01m[Kc++:[m[K [01;31m[Kfatal error: [m[KKilled signal terminated program cc1plus
[179.391s] compilation terminated.
[179.391s] gmake[2]: *** [CMakeFiles/nav2_smac_planner_2d.dir/build.make:76: CMakeFiles/nav2_smac_planner_2d.dir/src/smac_planner_2d.cpp.o] Error 1
[179.391s] gmake[2]: *** Waiting for unfinished jobs....
[184.490s] [01m[Kc++:[m[K [01;31m[Kfatal error: [m[KKilled signal terminated program cc1plus
[184.491s] compilation terminated.
[184.491s] gmake[2]: *** [CMakeFiles/nav2_smac_planner.dir/build.make:90: CMakeFiles/nav2_smac_planner.dir/src/a_star.cpp.o] Error 1
[191.130s] [01m[Kc++:[m[K [01;31m[Kfatal error: [m[KKilled signal terminated program cc1plus
[191.134s] compilation terminated.
[191.134s] gmake[2]: *** [CMakeFiles/nav2_smac_planner_2d.dir/build.make:90: CMakeFiles/nav2_smac_planner_2d.dir/src/a_star.cpp.o] Error 1
[198.694s] [01m[Kc++:[m[K [01;31m[Kfatal error: [m[KKilled signal terminated program cc1plus
[198.708s] compilation terminated.
[198.708s] gmake[2]: *** [CMakeFiles/nav2_smac_planner_2d.dir/build.make:132: CMakeFiles/nav2_smac_planner_2d.dir/src/analytic_expansion.cpp.o] Error 1
[201.880s] [01m[Kc++:[m[K [01;31m[Kfatal error: [m[KKilled signal terminated program cc1plus
[201.881s] compilation terminated.
[201.881s] gmake[2]: *** [CMakeFiles/nav2_smac_planner.dir/build.make:118: CMakeFiles/nav2_smac_planner.dir/src/smoother.cpp.o] Error 1
[208.102s] [01m[Kc++:[m[K [01;31m[Kfatal error: [m[KKilled signal terminated program cc1plus
[208.103s] compilation terminated.
[208.103s] gmake[2]: *** [CMakeFiles/nav2_smac_planner.dir/build.make:160: CMakeFiles/nav2_smac_planner.dir/src/node_lattice.cpp.o] Error 1
[214.109s] [01m[Kc++:[m[K [01;31m[Kfatal error: [m[KKilled signal terminated program cc1plus
[214.110s] compilation terminated.
[214.110s] gmake[2]: *** [CMakeFiles/nav2_smac_planner.dir/build.make:132: CMakeFiles/nav2_smac_planner.dir/src/analytic_expansion.cpp.o] Error 1
[220.671s] [01m[Kc++:[m[K [01;31m[Kfatal error: [m[KKilled signal terminated program cc1plus
[220.677s] compilation terminated.
[220.678s] gmake[2]: *** [CMakeFiles/nav2_smac_planner_2d.dir/build.make:104: CMakeFiles/nav2_smac_planner_2d.dir/src/smoother.cpp.o] Error 1
[227.945s] [ 37%] [32m[1mLinking CXX static library libgtest.a[0m
[227.995s] [ 37%] Built target gtest
[242.006s] gmake[1]: *** [CMakeFiles/Makefile2:222: CMakeFiles/nav2_smac_planner_2d.dir/all] Error 2
[242.008s] gmake[1]: *** Waiting for unfinished jobs....
[294.063s] [01m[Kc++:[m[K [01;31m[Kfatal error: [m[KKilled signal terminated program cc1plus
[294.070s] compilation terminated.
[294.070s] gmake[2]: *** [CMakeFiles/nav2_smac_planner_lattice.dir/build.make:90: CMakeFiles/nav2_smac_planner_lattice.dir/src/a_star.cpp.o] Error 1
[297.189s] gmake[1]: *** [CMakeFiles/Makefile2:196: CMakeFiles/nav2_smac_planner.dir/all] Error 2
[303.332s] gmake[1]: *** [CMakeFiles/Makefile2:248: CMakeFiles/nav2_smac_planner_lattice.dir/all] Error 2
[303.340s] gmake: *** [Makefile:146: all] Error 2
