[0.388s] Invoking command in '/home/aurora/RM25/build/nav2_amcl': AMENT_PREFIX_PATH=/home/aurora/RM25/install/nav2_util:/home/aurora/RM25/install/nav2_common:${AMENT_PREFIX_PATH} CMAKE_PREFIX_PATH=/home/aurora/RM25/install/nav2_util:/home/aurora/RM25/install/nav2_msgs:/home/aurora/RM25/install/nav2_common:/home/aurora/RM25/install/rm_robot_description:/home/aurora/RM25/install/nav2_bringup:/home/aurora/RM25/install/four_omniwheel_robot:/home/aurora/ws_helloworld/install/pkg01_helloworld_cpp:/home/aurora/ws_helloworld/install/learning_tf2_cpp:/home/aurora/ws_helloworld/install/pkg02_helloworld_py:/opt/ros/humble LD_LIBRARY_PATH=/home/aurora/RM25/install/nav2_util/lib:${LD_LIBRARY_PATH} PYTHONPATH=/home/aurora/RM25/install/nav2_common/local/lib/python3.10/dist-packages:${PYTHONPATH} /usr/bin/cmake /home/aurora/RM25/src/rm_navigation2/nav2_amcl -DAMENT_CMAKE_SYMLINK_INSTALL=1 -DCMAKE_INSTALL_PREFIX=/home/aurora/RM25/install/nav2_amcl
[0.604s] -- The C compiler identification is GNU 11.4.0
[1.814s] -- The CXX compiler identification is GNU 11.4.0
[2.798s] -- Detecting C compiler ABI info
[3.069s] -- Detecting C compiler ABI info - done
[3.073s] -- Check for working C compiler: /usr/bin/cc - skipped
[3.074s] -- Detecting C compile features
[3.074s] -- Detecting C compile features - done
[3.076s] -- Detecting CXX compiler ABI info
[3.277s] -- Detecting CXX compiler ABI info - done
[3.281s] -- Check for working CXX compiler: /usr/bin/c++ - skipped
[3.282s] -- Detecting CXX compile features
[3.282s] -- Detecting CXX compile features - done
[3.284s] -- Found ament_cmake: 1.3.10 (/opt/ros/humble/share/ament_cmake/cmake)
[3.380s] -- Found Python3: /usr/bin/python3 (found version "3.10.12") found components: Interpreter 
[3.420s] -- Override CMake install command with custom implementation using symlinks instead of copying resources
[3.436s] -- Found nav2_common: 1.1.16 (/opt/ros/humble/share/nav2_common/cmake)
[3.437s] -- Found rclcpp: 16.0.10 (/opt/ros/humble/share/rclcpp/cmake)
[3.613s] -- Found rosidl_generator_c: 3.1.5 (/opt/ros/humble/share/rosidl_generator_c/cmake)
[3.616s] -- Found rosidl_adapter: 3.1.5 (/opt/ros/humble/share/rosidl_adapter/cmake)
[3.621s] -- Found rosidl_generator_cpp: 3.1.5 (/opt/ros/humble/share/rosidl_generator_cpp/cmake)
[3.629s] -- Using all available rosidl_typesupport_c: rosidl_typesupport_fastrtps_c;rosidl_typesupport_introspection_c
[3.640s] -- Using all available rosidl_typesupport_cpp: rosidl_typesupport_fastrtps_cpp;rosidl_typesupport_introspection_cpp
[3.667s] -- Found rmw_implementation_cmake: 6.1.2 (/opt/ros/humble/share/rmw_implementation_cmake/cmake)
[3.669s] -- Found rmw_fastrtps_cpp: 6.2.7 (/opt/ros/humble/share/rmw_fastrtps_cpp/cmake)
[5.080s] -- Found OpenSSL: /usr/lib/x86_64-linux-gnu/libcrypto.so (found version "3.0.2")  
[7.235s] -- Found FastRTPS: /opt/ros/humble/include  
[13.811s] -- Using RMW implementation 'rmw_fastrtps_cpp' as default
[13.817s] -- Looking for pthread.h
[14.047s] -- Looking for pthread.h - found
[14.047s] -- Performing Test CMAKE_HAVE_LIBC_PTHREAD
[14.291s] -- Performing Test CMAKE_HAVE_LIBC_PTHREAD - Success
[14.292s] -- Found Threads: TRUE  
[14.331s] -- Found rclcpp_lifecycle: 16.0.10 (/opt/ros/humble/share/rclcpp_lifecycle/cmake)
[14.346s] -- Found rclcpp_components: 16.0.10 (/opt/ros/humble/share/rclcpp_components/cmake)
[14.365s] -- Found message_filters: 4.3.5 (/opt/ros/humble/share/message_filters/cmake)
[14.367s] -- Found tf2_geometry_msgs: 0.25.8 (/opt/ros/humble/share/tf2_geometry_msgs/cmake)
[14.485s] -- Found eigen3_cmake_module: 0.1.1 (/opt/ros/humble/share/eigen3_cmake_module/cmake)
[14.486s] -- Found Eigen3: TRUE (found version "3.4.0") 
[14.486s] -- Ensuring Eigen3 include directory is part of orocos-kdl CMake target
[14.536s] -- Found nav_msgs: 4.2.4 (/opt/ros/humble/share/nav_msgs/cmake)
[14.550s] -- Found sensor_msgs: 4.2.4 (/opt/ros/humble/share/sensor_msgs/cmake)
[14.568s] -- Found std_srvs: 4.2.4 (/opt/ros/humble/share/std_srvs/cmake)
[14.574s] -- Found nav2_util: 1.1.17 (/home/aurora/RM25/install/nav2_util/share/nav2_util/cmake)
[14.614s] -- Found pluginlib: 5.1.0 (/opt/ros/humble/share/pluginlib/cmake)
[17.723s] -- Setting build type to Release as none was specified.
[17.724s] -- Looking for drand48
[17.933s] -- Looking for drand48 - found
[18.033s] -- Found ament_lint_auto: 0.12.11 (/opt/ros/humble/share/ament_lint_auto/cmake)
[18.111s] -- Added test 'cppcheck' to perform static code analysis on C / C++ code
[18.112s] -- Configured cppcheck include dirs: /home/aurora/RM25/src/rm_navigation2/nav2_amcl/include;/home/aurora/RM25/src/rm_navigation2/nav2_amcl/src/include
[18.112s] -- Configured cppcheck exclude dirs and/or files: 
[18.113s] -- Added test 'lint_cmake' to check CMake code style
[18.114s] -- Added test 'uncrustify' to check C / C++ code style
[18.114s] -- Configured uncrustify additional arguments: 
[18.115s] -- Added test 'xmllint' to check XML markup files
[18.120s] -- Configuring done
[18.179s] -- Generating done
[18.181s] -- Build files have been written to: /home/aurora/RM25/build/nav2_amcl
[18.194s] Invoked command in '/home/aurora/RM25/build/nav2_amcl' returned '0': AMENT_PREFIX_PATH=/home/aurora/RM25/install/nav2_util:/home/aurora/RM25/install/nav2_common:${AMENT_PREFIX_PATH} CMAKE_PREFIX_PATH=/home/aurora/RM25/install/nav2_util:/home/aurora/RM25/install/nav2_msgs:/home/aurora/RM25/install/nav2_common:/home/aurora/RM25/install/rm_robot_description:/home/aurora/RM25/install/nav2_bringup:/home/aurora/RM25/install/four_omniwheel_robot:/home/aurora/ws_helloworld/install/pkg01_helloworld_cpp:/home/aurora/ws_helloworld/install/learning_tf2_cpp:/home/aurora/ws_helloworld/install/pkg02_helloworld_py:/opt/ros/humble LD_LIBRARY_PATH=/home/aurora/RM25/install/nav2_util/lib:${LD_LIBRARY_PATH} PYTHONPATH=/home/aurora/RM25/install/nav2_common/local/lib/python3.10/dist-packages:${PYTHONPATH} /usr/bin/cmake /home/aurora/RM25/src/rm_navigation2/nav2_amcl -DAMENT_CMAKE_SYMLINK_INSTALL=1 -DCMAKE_INSTALL_PREFIX=/home/aurora/RM25/install/nav2_amcl
[18.197s] Invoking command in '/home/aurora/RM25/build/nav2_amcl': AMENT_PREFIX_PATH=/home/aurora/RM25/install/nav2_util:/home/aurora/RM25/install/nav2_common:${AMENT_PREFIX_PATH} CMAKE_PREFIX_PATH=/home/aurora/RM25/install/nav2_util:/home/aurora/RM25/install/nav2_msgs:/home/aurora/RM25/install/nav2_common:/home/aurora/RM25/install/rm_robot_description:/home/aurora/RM25/install/nav2_bringup:/home/aurora/RM25/install/four_omniwheel_robot:/home/aurora/ws_helloworld/install/pkg01_helloworld_cpp:/home/aurora/ws_helloworld/install/learning_tf2_cpp:/home/aurora/ws_helloworld/install/pkg02_helloworld_py:/opt/ros/humble LD_LIBRARY_PATH=/home/aurora/RM25/install/nav2_util/lib:${LD_LIBRARY_PATH} PYTHONPATH=/home/aurora/RM25/install/nav2_common/local/lib/python3.10/dist-packages:${PYTHONPATH} /usr/bin/cmake --build /home/aurora/RM25/build/nav2_amcl -- -j20 -l20
[18.240s] [ 16%] [32mBuilding C object src/map/CMakeFiles/map_lib.dir/map_range.c.o[0m
[18.240s] [ 16%] [32mBuilding C object src/pf/CMakeFiles/pf_lib.dir/pf_kdtree.c.o[0m
[18.240s] [ 16%] [32mBuilding C object src/map/CMakeFiles/map_lib.dir/map_draw.c.o[0m
[18.240s] [ 16%] [32mBuilding C object src/pf/CMakeFiles/pf_lib.dir/pf.c.o[0m
[18.241s] [ 20%] [32mBuilding CXX object src/map/CMakeFiles/map_lib.dir/map_cspace.cpp.o[0m
[18.241s] [ 25%] [32mBuilding C object src/map/CMakeFiles/map_lib.dir/map.c.o[0m
[18.242s] [ 29%] [32mBuilding C object src/pf/CMakeFiles/pf_lib.dir/pf_pdf.c.o[0m
[18.248s] [ 33%] [32mBuilding C object src/pf/CMakeFiles/pf_lib.dir/pf_vector.c.o[0m
[18.249s] [ 37%] [32mBuilding C object src/pf/CMakeFiles/pf_lib.dir/eig3.c.o[0m
[18.256s] [ 41%] [32mBuilding C object src/pf/CMakeFiles/pf_lib.dir/pf_draw.c.o[0m
[18.415s] [ 45%] [32m[1mLinking C shared library libpf_lib.so[0m
[18.589s] [ 50%] [32m[1mLinking CXX shared library libmap_lib.so[0m
[18.599s] [ 50%] Built target pf_lib
[18.620s] [ 54%] [32mBuilding CXX object src/motion_model/CMakeFiles/motions_lib.dir/differential_motion_model.cpp.o[0m
[18.620s] [ 58%] [32mBuilding CXX object src/motion_model/CMakeFiles/motions_lib.dir/omni_motion_model.cpp.o[0m
[18.841s] [ 58%] Built target map_lib
[18.856s] [ 62%] [32mBuilding CXX object src/sensors/CMakeFiles/sensors_lib.dir/laser/beam_model.cpp.o[0m
[18.856s] [ 66%] [32mBuilding CXX object src/sensors/CMakeFiles/sensors_lib.dir/laser/laser.cpp.o[0m
[18.857s] [ 70%] [32mBuilding CXX object src/sensors/CMakeFiles/sensors_lib.dir/laser/likelihood_field_model_prob.cpp.o[0m
[18.858s] [ 75%] [32mBuilding CXX object src/sensors/CMakeFiles/sensors_lib.dir/laser/likelihood_field_model.cpp.o[0m
[19.226s] [ 79%] [32m[1mLinking CXX shared library libsensors_lib.so[0m
[19.382s] [ 83%] [32m[1mLinking CXX shared library libmotions_lib.so[0m
[19.466s] [ 83%] Built target sensors_lib
[19.499s] [ 87%] [32mBuilding CXX object CMakeFiles/amcl_core.dir/src/amcl_node.cpp.o[0m
[19.728s] [ 87%] Built target motions_lib
[38.820s] [01m[Kc++:[m[K [01;31m[Kfatal error: [m[KKilled signal terminated program cc1plus
[38.825s] compilation terminated.
[38.825s] gmake[2]: *** [CMakeFiles/amcl_core.dir/build.make:76: CMakeFiles/amcl_core.dir/src/amcl_node.cpp.o] Error 1
[38.826s] gmake[1]: *** [CMakeFiles/Makefile2:241: CMakeFiles/amcl_core.dir/all] Error 2
[38.826s] gmake: *** [Makefile:146: all] Error 2
