[0.333s] Invoking command in '/home/aurora/RM25/build/nav2_lifecycle_manager': AMENT_PREFIX_PATH=/home/aurora/RM25/install/nav2_util:/home/aurora/RM25/install/nav2_common:${AMENT_PREFIX_PATH} CMAKE_PREFIX_PATH=/home/aurora/RM25/install/nav2_util:/home/aurora/RM25/install/nav2_msgs:/home/aurora/RM25/install/nav2_common:/home/aurora/RM25/install/rm_robot_description:/home/aurora/RM25/install/nav2_bringup:/home/aurora/RM25/install/four_omniwheel_robot:/home/aurora/ws_helloworld/install/pkg01_helloworld_cpp:/home/aurora/ws_helloworld/install/learning_tf2_cpp:/home/aurora/ws_helloworld/install/pkg02_helloworld_py:/opt/ros/humble LD_LIBRARY_PATH=/home/aurora/RM25/install/nav2_util/lib:${LD_LIBRARY_PATH} PYTHONPATH=/home/aurora/RM25/install/nav2_common/local/lib/python3.10/dist-packages:${PYTHONPATH} /usr/bin/cmake /home/aurora/RM25/src/rm_navigation2/nav2_lifecycle_manager -DAMENT_CMAKE_SYMLINK_INSTALL=1 -DCMAKE_INSTALL_PREFIX=/home/aurora/RM25/install/nav2_lifecycle_manager
[0.503s] -- The C compiler identification is GNU 11.4.0
[1.824s] -- The CXX compiler identification is GNU 11.4.0
[2.994s] -- Detecting C compiler ABI info
[3.171s] -- Detecting C compiler ABI info - done
[3.175s] -- Check for working C compiler: /usr/bin/cc - skipped
[3.176s] -- Detecting C compile features
[3.176s] -- Detecting C compile features - done
[3.177s] -- Detecting CXX compiler ABI info
[3.361s] -- Detecting CXX compiler ABI info - done
[3.365s] -- Check for working CXX compiler: /usr/bin/c++ - skipped
[3.366s] -- Detecting CXX compile features
[3.366s] -- Detecting CXX compile features - done
[3.367s] -- Found ament_cmake: 1.3.10 (/opt/ros/humble/share/ament_cmake/cmake)
[3.460s] -- Found Python3: /usr/bin/python3 (found version "3.10.12") found components: Interpreter 
[3.501s] -- Override CMake install command with custom implementation using symlinks instead of copying resources
[3.518s] -- Found geometry_msgs: 4.2.4 (/opt/ros/humble/share/geometry_msgs/cmake)
[3.689s] -- Found rosidl_generator_c: 3.1.5 (/opt/ros/humble/share/rosidl_generator_c/cmake)
[3.694s] -- Found rosidl_adapter: 3.1.5 (/opt/ros/humble/share/rosidl_adapter/cmake)
[3.699s] -- Found rosidl_generator_cpp: 3.1.5 (/opt/ros/humble/share/rosidl_generator_cpp/cmake)
[3.706s] -- Using all available rosidl_typesupport_c: rosidl_typesupport_fastrtps_c;rosidl_typesupport_introspection_c
[3.716s] -- Using all available rosidl_typesupport_cpp: rosidl_typesupport_fastrtps_cpp;rosidl_typesupport_introspection_cpp
[3.738s] -- Found lifecycle_msgs: 1.2.1 (/opt/ros/humble/share/lifecycle_msgs/cmake)
[3.743s] -- Found nav2_common: 1.1.16 (/opt/ros/humble/share/nav2_common/cmake)
[3.744s] -- Found nav2_msgs: 1.1.17 (/home/aurora/RM25/install/nav2_msgs/share/nav2_msgs/cmake)
[3.780s] -- Found nav2_util: 1.1.17 (/home/aurora/RM25/install/nav2_util/share/nav2_util/cmake)
[3.825s] -- Found rmw_implementation_cmake: 6.1.2 (/opt/ros/humble/share/rmw_implementation_cmake/cmake)
[3.826s] -- Found rmw_fastrtps_cpp: 6.2.7 (/opt/ros/humble/share/rmw_fastrtps_cpp/cmake)
[5.646s] -- Found OpenSSL: /usr/lib/x86_64-linux-gnu/libcrypto.so (found version "3.0.2")  
[9.524s] -- Found FastRTPS: /opt/ros/humble/include  
[16.241s] -- Using RMW implementation 'rmw_fastrtps_cpp' as default
[16.246s] -- Looking for pthread.h
[16.471s] -- Looking for pthread.h - found
[16.471s] -- Performing Test CMAKE_HAVE_LIBC_PTHREAD
[16.682s] -- Performing Test CMAKE_HAVE_LIBC_PTHREAD - Success
[16.683s] -- Found Threads: TRUE  
[16.835s] -- Found eigen3_cmake_module: 0.1.1 (/opt/ros/humble/share/eigen3_cmake_module/cmake)
[16.836s] -- Found Eigen3: TRUE (found version "3.4.0") 
[16.836s] -- Ensuring Eigen3 include directory is part of orocos-kdl CMake target
[16.863s] -- Found std_srvs: 4.2.4 (/opt/ros/humble/share/std_srvs/cmake)
[16.873s] -- Found diagnostic_updater: 4.0.0 (/opt/ros/humble/share/diagnostic_updater/cmake)
[16.898s] -- Setting build type to Release as none was specified.
[16.934s] -- Found ament_lint_auto: 0.12.11 (/opt/ros/humble/share/ament_lint_auto/cmake)
[16.992s] -- Found gtest sources under '/opt/ros/humble/src/gtest_vendor': C++ tests using 'Google Test' will be built
[17.032s] -- Added test 'copyright' to check source files copyright and LICENSE
[17.033s] -- Added test 'cppcheck' to perform static code analysis on C / C++ code
[17.033s] -- Configured cppcheck include dirs: /home/aurora/RM25/src/rm_navigation2/nav2_lifecycle_manager/include
[17.034s] -- Configured cppcheck exclude dirs and/or files: 
[17.034s] -- Added test 'cpplint' to check C / C++ code against the Google style
[17.034s] -- Configured cpplint exclude dirs and/or files: 
[17.035s] -- Added test 'flake8' to check Python code syntax and style conventions
[17.036s] -- Added test 'lint_cmake' to check CMake code style
[17.036s] -- Added test 'pep257' to check Python code against some of the docstring style conventions in PEP 257
[17.037s] -- Added test 'uncrustify' to check C / C++ code style
[17.037s] -- Configured uncrustify additional arguments: 
[17.037s] -- Added test 'xmllint' to check XML markup files
[17.040s] -- Configuring done
[17.094s] -- Generating done
[17.096s] -- Build files have been written to: /home/aurora/RM25/build/nav2_lifecycle_manager
[17.107s] Invoked command in '/home/aurora/RM25/build/nav2_lifecycle_manager' returned '0': AMENT_PREFIX_PATH=/home/aurora/RM25/install/nav2_util:/home/aurora/RM25/install/nav2_common:${AMENT_PREFIX_PATH} CMAKE_PREFIX_PATH=/home/aurora/RM25/install/nav2_util:/home/aurora/RM25/install/nav2_msgs:/home/aurora/RM25/install/nav2_common:/home/aurora/RM25/install/rm_robot_description:/home/aurora/RM25/install/nav2_bringup:/home/aurora/RM25/install/four_omniwheel_robot:/home/aurora/ws_helloworld/install/pkg01_helloworld_cpp:/home/aurora/ws_helloworld/install/learning_tf2_cpp:/home/aurora/ws_helloworld/install/pkg02_helloworld_py:/opt/ros/humble LD_LIBRARY_PATH=/home/aurora/RM25/install/nav2_util/lib:${LD_LIBRARY_PATH} PYTHONPATH=/home/aurora/RM25/install/nav2_common/local/lib/python3.10/dist-packages:${PYTHONPATH} /usr/bin/cmake /home/aurora/RM25/src/rm_navigation2/nav2_lifecycle_manager -DAMENT_CMAKE_SYMLINK_INSTALL=1 -DCMAKE_INSTALL_PREFIX=/home/aurora/RM25/install/nav2_lifecycle_manager
[17.109s] Invoking command in '/home/aurora/RM25/build/nav2_lifecycle_manager': AMENT_PREFIX_PATH=/home/aurora/RM25/install/nav2_util:/home/aurora/RM25/install/nav2_common:${AMENT_PREFIX_PATH} CMAKE_PREFIX_PATH=/home/aurora/RM25/install/nav2_util:/home/aurora/RM25/install/nav2_msgs:/home/aurora/RM25/install/nav2_common:/home/aurora/RM25/install/rm_robot_description:/home/aurora/RM25/install/nav2_bringup:/home/aurora/RM25/install/four_omniwheel_robot:/home/aurora/ws_helloworld/install/pkg01_helloworld_cpp:/home/aurora/ws_helloworld/install/learning_tf2_cpp:/home/aurora/ws_helloworld/install/pkg02_helloworld_py:/opt/ros/humble LD_LIBRARY_PATH=/home/aurora/RM25/install/nav2_util/lib:${LD_LIBRARY_PATH} PYTHONPATH=/home/aurora/RM25/install/nav2_common/local/lib/python3.10/dist-packages:${PYTHONPATH} /usr/bin/cmake --build /home/aurora/RM25/build/nav2_lifecycle_manager -- -j20 -l20
[17.140s] [  7%] [32mBuilding CXX object CMakeFiles/nav2_lifecycle_manager_core.dir/src/lifecycle_manager.cpp.o[0m
[17.141s] [ 15%] [32mBuilding CXX object CMakeFiles/nav2_lifecycle_manager_core.dir/src/lifecycle_manager_client.cpp.o[0m
[17.142s] [ 23%] [32mBuilding CXX object gtest/CMakeFiles/gtest_main.dir/src/gtest_main.cc.o[0m
[17.142s] [ 30%] [32mBuilding CXX object gtest/CMakeFiles/gtest.dir/src/gtest-all.cc.o[0m
[17.825s] [ 38%] [32m[1mLinking CXX static library libgtest_main.a[0m
[17.849s] [ 38%] Built target gtest_main
[34.338s] [01m[Kc++:[m[K [01;31m[Kfatal error: [m[KKilled signal terminated program cc1plus
[34.340s] compilation terminated.
[34.345s] gmake[2]: *** [CMakeFiles/nav2_lifecycle_manager_core.dir/build.make:76: CMakeFiles/nav2_lifecycle_manager_core.dir/src/lifecycle_manager.cpp.o] Error 1
[34.381s] gmake[1]: *** [CMakeFiles/Makefile2:176: CMakeFiles/nav2_lifecycle_manager_core.dir/all] Error 2
[34.388s] gmake[1]: *** Waiting for unfinished jobs....
[35.599s] [ 46%] [32m[1mLinking CXX static library libgtest.a[0m
[35.741s] [ 46%] Built target gtest
[35.752s] gmake: *** [Makefile:146: all] Error 2
