[2.378s] Invoking command in '/home/aurora/RM25/build/nav2_behaviors': AMENT_PREFIX_PATH=/home/aurora/RM25/install/nav2_core:/home/aurora/RM25/install/nav2_costmap_2d:/home/aurora/RM25/install/nav2_map_server:/home/aurora/RM25/install/nav2_lifecycle_manager:/home/aurora/RM25/install/nav2_behavior_tree:/home/aurora/RM25/install/nav2_util:/home/aurora/RM25/install/nav2_voxel_grid:/home/aurora/RM25/install/nav2_common:${AMENT_PREFIX_PATH} CMAKE_PREFIX_PATH=/home/aurora/RM25/install/nav2_core:/home/aurora/RM25/install/nav2_costmap_2d:/home/aurora/RM25/install/nav2_map_server:/home/aurora/RM25/install/nav2_lifecycle_manager:/home/aurora/RM25/install/nav2_behavior_tree:/home/aurora/RM25/install/nav2_util:/home/aurora/RM25/install/nav2_voxel_grid:/home/aurora/RM25/install/nav2_msgs:/home/aurora/RM25/install/nav2_common:/home/aurora/RM25/install/rm_robot_description:/home/aurora/RM25/install/nav2_bringup:/home/aurora/RM25/install/four_omniwheel_robot:/home/aurora/ws_helloworld/install/pkg01_helloworld_cpp:/home/aurora/ws_helloworld/install/learning_tf2_cpp:/home/aurora/ws_helloworld/install/pkg02_helloworld_py:/opt/ros/humble LD_LIBRARY_PATH=/home/aurora/RM25/install/nav2_costmap_2d/lib:/home/aurora/RM25/install/nav2_map_server/lib:/home/aurora/RM25/install/nav2_lifecycle_manager/lib:/home/aurora/RM25/install/nav2_behavior_tree/lib:/home/aurora/RM25/install/nav2_util/lib:/home/aurora/RM25/install/nav2_voxel_grid/lib:${LD_LIBRARY_PATH} PYTHONPATH=/home/aurora/RM25/install/nav2_common/local/lib/python3.10/dist-packages:${PYTHONPATH} /usr/bin/cmake /home/aurora/RM25/src/rm_navigation2/nav2_behaviors -DAMENT_CMAKE_SYMLINK_INSTALL=1 -DCMAKE_INSTALL_PREFIX=/home/aurora/RM25/install/nav2_behaviors
[2.645s] -- The C compiler identification is GNU 11.4.0
[3.803s] -- The CXX compiler identification is GNU 11.4.0
[4.887s] -- Detecting C compiler ABI info
[5.187s] -- Detecting C compiler ABI info - done
[5.200s] -- Check for working C compiler: /usr/bin/cc - skipped
[5.201s] -- Detecting C compile features
[5.201s] -- Detecting C compile features - done
[5.204s] -- Detecting CXX compiler ABI info
[5.533s] -- Detecting CXX compiler ABI info - done
[5.544s] -- Check for working CXX compiler: /usr/bin/c++ - skipped
[5.548s] -- Detecting CXX compile features
[5.550s] -- Detecting CXX compile features - done
[5.550s] -- Found ament_cmake: 1.3.10 (/opt/ros/humble/share/ament_cmake/cmake)
[5.769s] -- Found Python3: /usr/bin/python3 (found version "3.10.12") found components: Interpreter 
[5.884s] -- Override CMake install command with custom implementation using symlinks instead of copying resources
[5.929s] -- Found nav2_common: 1.1.16 (/opt/ros/humble/share/nav2_common/cmake)
[5.932s] -- Found rclcpp: 16.0.10 (/opt/ros/humble/share/rclcpp/cmake)
[6.447s] -- Found rosidl_generator_c: 3.1.5 (/opt/ros/humble/share/rosidl_generator_c/cmake)
[6.454s] -- Found rosidl_adapter: 3.1.5 (/opt/ros/humble/share/rosidl_adapter/cmake)
[6.467s] -- Found rosidl_generator_cpp: 3.1.5 (/opt/ros/humble/share/rosidl_generator_cpp/cmake)
[6.486s] -- Using all available rosidl_typesupport_c: rosidl_typesupport_fastrtps_c;rosidl_typesupport_introspection_c
[6.511s] -- Using all available rosidl_typesupport_cpp: rosidl_typesupport_fastrtps_cpp;rosidl_typesupport_introspection_cpp
[6.591s] -- Found rmw_implementation_cmake: 6.1.2 (/opt/ros/humble/share/rmw_implementation_cmake/cmake)
[6.597s] -- Found rmw_fastrtps_cpp: 6.2.7 (/opt/ros/humble/share/rmw_fastrtps_cpp/cmake)
[8.806s] -- Found OpenSSL: /usr/lib/x86_64-linux-gnu/libcrypto.so (found version "3.0.2")  
[11.271s] -- Found FastRTPS: /opt/ros/humble/include  
[15.034s] -- Using RMW implementation 'rmw_fastrtps_cpp' as default
[15.042s] -- Looking for pthread.h
[15.264s] -- Looking for pthread.h - found
[15.264s] -- Performing Test CMAKE_HAVE_LIBC_PTHREAD
[15.557s] -- Performing Test CMAKE_HAVE_LIBC_PTHREAD - Success
[15.558s] -- Found Threads: TRUE  
[15.611s] -- Found rclcpp_action: 16.0.10 (/opt/ros/humble/share/rclcpp_action/cmake)
[15.651s] -- Found rclcpp_lifecycle: 16.0.10 (/opt/ros/humble/share/rclcpp_lifecycle/cmake)
[15.680s] -- Found rclcpp_components: 16.0.10 (/opt/ros/humble/share/rclcpp_components/cmake)
[15.707s] -- Found nav2_behavior_tree: 1.1.17 (/home/aurora/RM25/install/nav2_behavior_tree/share/nav2_behavior_tree/cmake)
[15.955s] -- Found eigen3_cmake_module: 0.1.1 (/opt/ros/humble/share/eigen3_cmake_module/cmake)
[15.957s] -- Found Eigen3: TRUE (found version "3.4.0") 
[15.957s] -- Ensuring Eigen3 include directory is part of orocos-kdl CMake target
[16.009s] -- Found nav2_costmap_2d: 1.1.17 (/home/aurora/RM25/install/nav2_costmap_2d/share/nav2_costmap_2d/cmake)
[18.368s] -- Found nav2_core: 1.1.17 (/home/aurora/RM25/install/nav2_core/share/nav2_core/cmake)
[18.383s] -- Setting build type to Release as none was specified.
[19.383s] -- Found ament_lint_auto: 0.12.11 (/opt/ros/humble/share/ament_lint_auto/cmake)
[19.551s] -- Found gtest sources under '/opt/ros/humble/src/gtest_vendor': C++ tests using 'Google Test' will be built
[19.795s] -- Added test 'copyright' to check source files copyright and LICENSE
[19.799s] -- Added test 'cppcheck' to perform static code analysis on C / C++ code
[19.805s] -- Configured cppcheck include dirs: /home/aurora/RM25/src/rm_navigation2/nav2_behaviors/include
[19.806s] -- Configured cppcheck exclude dirs and/or files: 
[19.809s] -- Added test 'cpplint' to check C / C++ code against the Google style
[19.809s] -- Configured cpplint exclude dirs and/or files: 
[19.811s] -- Added test 'lint_cmake' to check CMake code style
[19.815s] -- Added test 'uncrustify' to check C / C++ code style
[19.815s] -- Configured uncrustify additional arguments: 
[19.816s] -- Added test 'xmllint' to check XML markup files
[19.826s] -- Configuring done
[20.539s] -- Generating done
[20.556s] -- Build files have been written to: /home/aurora/RM25/build/nav2_behaviors
[20.603s] Invoked command in '/home/aurora/RM25/build/nav2_behaviors' returned '0': AMENT_PREFIX_PATH=/home/aurora/RM25/install/nav2_core:/home/aurora/RM25/install/nav2_costmap_2d:/home/aurora/RM25/install/nav2_map_server:/home/aurora/RM25/install/nav2_lifecycle_manager:/home/aurora/RM25/install/nav2_behavior_tree:/home/aurora/RM25/install/nav2_util:/home/aurora/RM25/install/nav2_voxel_grid:/home/aurora/RM25/install/nav2_common:${AMENT_PREFIX_PATH} CMAKE_PREFIX_PATH=/home/aurora/RM25/install/nav2_core:/home/aurora/RM25/install/nav2_costmap_2d:/home/aurora/RM25/install/nav2_map_server:/home/aurora/RM25/install/nav2_lifecycle_manager:/home/aurora/RM25/install/nav2_behavior_tree:/home/aurora/RM25/install/nav2_util:/home/aurora/RM25/install/nav2_voxel_grid:/home/aurora/RM25/install/nav2_msgs:/home/aurora/RM25/install/nav2_common:/home/aurora/RM25/install/rm_robot_description:/home/aurora/RM25/install/nav2_bringup:/home/aurora/RM25/install/four_omniwheel_robot:/home/aurora/ws_helloworld/install/pkg01_helloworld_cpp:/home/aurora/ws_helloworld/install/learning_tf2_cpp:/home/aurora/ws_helloworld/install/pkg02_helloworld_py:/opt/ros/humble LD_LIBRARY_PATH=/home/aurora/RM25/install/nav2_costmap_2d/lib:/home/aurora/RM25/install/nav2_map_server/lib:/home/aurora/RM25/install/nav2_lifecycle_manager/lib:/home/aurora/RM25/install/nav2_behavior_tree/lib:/home/aurora/RM25/install/nav2_util/lib:/home/aurora/RM25/install/nav2_voxel_grid/lib:${LD_LIBRARY_PATH} PYTHONPATH=/home/aurora/RM25/install/nav2_common/local/lib/python3.10/dist-packages:${PYTHONPATH} /usr/bin/cmake /home/aurora/RM25/src/rm_navigation2/nav2_behaviors -DAMENT_CMAKE_SYMLINK_INSTALL=1 -DCMAKE_INSTALL_PREFIX=/home/aurora/RM25/install/nav2_behaviors
[20.603s] Invoking command in '/home/aurora/RM25/build/nav2_behaviors': AMENT_PREFIX_PATH=/home/aurora/RM25/install/nav2_core:/home/aurora/RM25/install/nav2_costmap_2d:/home/aurora/RM25/install/nav2_map_server:/home/aurora/RM25/install/nav2_lifecycle_manager:/home/aurora/RM25/install/nav2_behavior_tree:/home/aurora/RM25/install/nav2_util:/home/aurora/RM25/install/nav2_voxel_grid:/home/aurora/RM25/install/nav2_common:${AMENT_PREFIX_PATH} CMAKE_PREFIX_PATH=/home/aurora/RM25/install/nav2_core:/home/aurora/RM25/install/nav2_costmap_2d:/home/aurora/RM25/install/nav2_map_server:/home/aurora/RM25/install/nav2_lifecycle_manager:/home/aurora/RM25/install/nav2_behavior_tree:/home/aurora/RM25/install/nav2_util:/home/aurora/RM25/install/nav2_voxel_grid:/home/aurora/RM25/install/nav2_msgs:/home/aurora/RM25/install/nav2_common:/home/aurora/RM25/install/rm_robot_description:/home/aurora/RM25/install/nav2_bringup:/home/aurora/RM25/install/four_omniwheel_robot:/home/aurora/ws_helloworld/install/pkg01_helloworld_cpp:/home/aurora/ws_helloworld/install/learning_tf2_cpp:/home/aurora/ws_helloworld/install/pkg02_helloworld_py:/opt/ros/humble LD_LIBRARY_PATH=/home/aurora/RM25/install/nav2_costmap_2d/lib:/home/aurora/RM25/install/nav2_map_server/lib:/home/aurora/RM25/install/nav2_lifecycle_manager/lib:/home/aurora/RM25/install/nav2_behavior_tree/lib:/home/aurora/RM25/install/nav2_util/lib:/home/aurora/RM25/install/nav2_voxel_grid/lib:${LD_LIBRARY_PATH} PYTHONPATH=/home/aurora/RM25/install/nav2_common/local/lib/python3.10/dist-packages:${PYTHONPATH} /usr/bin/cmake --build /home/aurora/RM25/build/nav2_behaviors -- -j20 -l20
[22.509s] [  5%] [32mBuilding CXX object CMakeFiles/nav2_wait_behavior.dir/plugins/wait.cpp.o[0m
[22.510s] [ 10%] [32mBuilding CXX object CMakeFiles/nav2_spin_behavior.dir/plugins/spin.cpp.o[0m
[22.510s] [ 15%] [32mBuilding CXX object CMakeFiles/nav2_drive_on_heading_behavior.dir/plugins/drive_on_heading.cpp.o[0m
[22.510s] [ 20%] [32mBuilding CXX object CMakeFiles/nav2_back_up_behavior.dir/plugins/back_up.cpp.o[0m
[22.510s] [ 25%] [32mBuilding CXX object CMakeFiles/nav2_assisted_teleop_behavior.dir/plugins/assisted_teleop.cpp.o[0m
[22.510s] [ 30%] [32mBuilding CXX object CMakeFiles/behavior_server_core.dir/src/behavior_server.cpp.o[0m
[22.510s] [ 35%] [32mBuilding CXX object gtest/CMakeFiles/gtest_main.dir/src/gtest_main.cc.o[0m
[22.510s] [ 40%] [32mBuilding CXX object gtest/CMakeFiles/gtest.dir/src/gtest-all.cc.o[0m
[24.484s] [ 45%] [32m[1mLinking CXX static library libgtest_main.a[0m
[24.827s] [ 45%] Built target gtest_main
[71.122s] [01m[Kc++:[m[K [01;31m[Kfatal error: [m[KKilled signal terminated program cc1plus
[71.123s] compilation terminated.
[71.127s] gmake[2]: *** [CMakeFiles/nav2_assisted_teleop_behavior.dir/build.make:76: CMakeFiles/nav2_assisted_teleop_behavior.dir/plugins/assisted_teleop.cpp.o] Error 1
[71.155s] gmake[1]: *** [CMakeFiles/Makefile2:288: CMakeFiles/nav2_assisted_teleop_behavior.dir/all] Error 2
[71.158s] gmake[1]: *** Waiting for unfinished jobs....
[73.116s] [01m[Kc++:[m[K [01;31m[Kfatal error: [m[KKilled signal terminated program cc1plus
[73.118s] compilation terminated.
[73.124s] gmake[2]: *** [CMakeFiles/nav2_back_up_behavior.dir/build.make:76: CMakeFiles/nav2_back_up_behavior.dir/plugins/back_up.cpp.o] Error 1
[73.130s] gmake[1]: *** [CMakeFiles/Makefile2:262: CMakeFiles/nav2_back_up_behavior.dir/all] Error 2
[74.936s] [01m[Kc++:[m[K [01;31m[Kfatal error: [m[KKilled signal terminated program cc1plus
[74.937s] compilation terminated.
[74.939s] gmake[2]: *** [CMakeFiles/nav2_spin_behavior.dir/build.make:76: CMakeFiles/nav2_spin_behavior.dir/plugins/spin.cpp.o] Error 1
[74.948s] gmake[1]: *** [CMakeFiles/Makefile2:184: CMakeFiles/nav2_spin_behavior.dir/all] Error 2
[77.278s] [01m[Kc++:[m[K [01;31m[Kfatal error: [m[KKilled signal terminated program cc1plus
[77.279s] compilation terminated.
[77.285s] gmake[2]: *** [CMakeFiles/nav2_wait_behavior.dir/build.make:76: CMakeFiles/nav2_wait_behavior.dir/plugins/wait.cpp.o] Error 1
[77.295s] gmake[1]: *** [CMakeFiles/Makefile2:210: CMakeFiles/nav2_wait_behavior.dir/all] Error 2
[79.559s] [01m[Kc++:[m[K [01;31m[Kfatal error: [m[KKilled signal terminated program cc1plus
[79.560s] compilation terminated.
[79.561s] gmake[2]: *** [CMakeFiles/nav2_drive_on_heading_behavior.dir/build.make:76: CMakeFiles/nav2_drive_on_heading_behavior.dir/plugins/drive_on_heading.cpp.o] Error 1
[79.571s] gmake[1]: *** [CMakeFiles/Makefile2:236: CMakeFiles/nav2_drive_on_heading_behavior.dir/all] Error 2
[90.220s] [01m[Kc++:[m[K [01;31m[Kfatal error: [m[KKilled signal terminated program cc1plus
[90.220s] compilation terminated.
[90.226s] gmake[2]: *** [CMakeFiles/behavior_server_core.dir/build.make:76: CMakeFiles/behavior_server_core.dir/src/behavior_server.cpp.o] Error 1
[90.234s] gmake[1]: *** [CMakeFiles/Makefile2:314: CMakeFiles/behavior_server_core.dir/all] Error 2
[231.024s] [ 50%] [32m[1mLinking CXX static library libgtest.a[0m
[231.113s] [ 50%] Built target gtest
[231.153s] gmake: *** [Makefile:146: all] Error 2
