[1.056s] Invoking command in '/home/aurora/RM25/build/nav2_waypoint_follower': AMENT_PREFIX_PATH=/home/aurora/RM25/install/nav2_core:/home/aurora/RM25/install/nav2_costmap_2d:/home/aurora/RM25/install/nav2_map_server:/home/aurora/RM25/install/nav2_lifecycle_manager:/home/aurora/RM25/install/nav2_util:/home/aurora/RM25/install/nav2_voxel_grid:/home/aurora/RM25/install/nav2_common:${AMENT_PREFIX_PATH} CMAKE_PREFIX_PATH=/home/aurora/RM25/install/nav2_core:/home/aurora/RM25/install/nav2_costmap_2d:/home/aurora/RM25/install/nav2_map_server:/home/aurora/RM25/install/nav2_lifecycle_manager:/home/aurora/RM25/install/nav2_util:/home/aurora/RM25/install/nav2_voxel_grid:/home/aurora/RM25/install/nav2_msgs:/home/aurora/RM25/install/nav2_common:/home/aurora/RM25/install/rm_robot_description:/home/aurora/RM25/install/nav2_bringup:/home/aurora/RM25/install/four_omniwheel_robot:/home/aurora/ws_helloworld/install/pkg01_helloworld_cpp:/home/aurora/ws_helloworld/install/learning_tf2_cpp:/home/aurora/ws_helloworld/install/pkg02_helloworld_py:/opt/ros/humble LD_LIBRARY_PATH=/home/aurora/RM25/install/nav2_costmap_2d/lib:/home/aurora/RM25/install/nav2_map_server/lib:/home/aurora/RM25/install/nav2_lifecycle_manager/lib:/home/aurora/RM25/install/nav2_util/lib:/home/aurora/RM25/install/nav2_voxel_grid/lib:${LD_LIBRARY_PATH} PYTHONPATH=/home/aurora/RM25/install/nav2_common/local/lib/python3.10/dist-packages:${PYTHONPATH} /usr/bin/cmake --build /home/aurora/RM25/build/nav2_waypoint_follower -- -j20 -l20
[1.114s] [35m[1mConsolidate compiler generated dependencies of target gtest_main[0m
[1.115s] [35m[1mConsolidate compiler generated dependencies of target wait_at_waypoint[0m
[1.115s] [  5%] [32mBuilding CXX object CMakeFiles/waypoint_follower_core.dir/src/waypoint_follower.cpp.o[0m
[1.115s] [ 11%] [32mBuilding CXX object CMakeFiles/input_at_waypoint.dir/plugins/input_at_waypoint.cpp.o[0m
[1.116s] [35m[1mConsolidate compiler generated dependencies of target gtest[0m
[1.120s] [ 16%] [32mBuilding CXX object CMakeFiles/photo_at_waypoint.dir/plugins/photo_at_waypoint.cpp.o[0m
[1.131s] [ 27%] Built target gtest_main
[1.134s] [ 38%] Built target wait_at_waypoint
[1.141s] [ 50%] Built target gtest
[47.642s] [01m[Kc++:[m[K [01;31m[Kfatal error: [m[KKilled signal terminated program cc1plus
[47.653s] compilation terminated.
[47.654s] gmake[2]: *** [CMakeFiles/photo_at_waypoint.dir/build.make:76: CMakeFiles/photo_at_waypoint.dir/plugins/photo_at_waypoint.cpp.o] Error 1
[47.654s] gmake[1]: *** [CMakeFiles/Makefile2:260: CMakeFiles/photo_at_waypoint.dir/all] Error 2
[47.654s] gmake[1]: *** Waiting for unfinished jobs....
