[0.010s] Invoking command in '/home/aurora/RM25/src/build/PCL': /usr/bin/cmake /home/aurora/RM25/src/pcl -DROS_EDITION=ROS2 -DHUMBLE_ROS=humble -DCMAKE_INSTALL_PREFIX=/home/aurora/RM25/src/install/PCL
[0.127s] -- The C compiler identification is GNU 11.4.0
[0.837s] -- The CXX compiler identification is GNU 11.4.0
[1.660s] -- Detecting C compiler ABI info
[1.802s] -- Detecting C compiler ABI info - done
[1.806s] -- Check for working C compiler: /usr/bin/cc - skipped
[1.806s] -- Detecting C compile features
[1.806s] -- Detecting C compile features - done
[1.808s] -- Detecting CXX compiler ABI info
[1.978s] -- Detecting CXX compiler ABI info - done
[1.982s] -- Check for working CXX compiler: /usr/bin/c++ - skipped
[1.982s] -- Detecting CXX compile features
[1.983s] -- Detecting CXX compile features - done
[1.985s] -- Found PkgConfig: /usr/bin/pkg-config (found version "0.29.2") 
[1.986s] -- Performing Test LIBATOMIC_NOT_NEEDED
[2.182s] -- Performing Test LIBATOMIC_NOT_NEEDED - Failed
[5.132s] -- Could NOT find ClangFormat (missing: ClangFormat_EXECUTABLE ClangFormat_VERSION) (Required is at least version "14")
[5.132s] -- Performing Test HAVE_MARCH
[5.254s] -- Performing Test HAVE_MARCH - Success
[5.256s] -- Performing Test HAVE_MM_MALLOC
[5.383s] -- Performing Test HAVE_MM_MALLOC - Success
[5.383s] -- Performing Test HAVE_POSIX_MEMALIGN
[5.585s] -- Performing Test HAVE_POSIX_MEMALIGN - Success
[5.585s] -- Performing Test HAVE_SSE4_2_EXTENSIONS
[5.720s] -- Performing Test HAVE_SSE4_2_EXTENSIONS - Success
[5.720s] -- Using CPU native flags for SSE optimization: -msse4.2 -mfpmath=sse -march=native
[5.720s] -- Performing Test HAVE_AVX2
[6.012s] -- Performing Test HAVE_AVX2 - Success
[6.013s] -- Looking for a CUDA compiler
[6.755s] -- Looking for a CUDA compiler - NOTFOUND
[6.755s] -- No CUDA compiler found
[6.755s] -- CUDA was not found.
[7.143s] -- Found OpenMP_C: -fopenmp (found version "4.5") 
[7.270s] -- Found OpenMP_CXX: -fopenmp (found version "4.5") 
[7.270s] -- Found OpenMP: TRUE (found version "4.5") found components: C CXX 
[7.270s] -- Found OpenMP, spec date 201511
[7.271s] -- Looking for pthread.h
[7.404s] -- Looking for pthread.h - found
[7.404s] -- Performing Test CMAKE_HAVE_LIBC_PTHREAD
[7.533s] -- Performing Test CMAKE_HAVE_LIBC_PTHREAD - Success
[7.533s] -- Found Threads: TRUE  
[9.355s] -- Checking for module 'flann>=1.9.1'
[9.360s] --   Found flann, version 1.9.1
[9.963s] -- Found FLANN: /usr/lib/x86_64-linux-gnu/libflann_cpp.so (Required is at least version "1.9.1") 
[9.963s] -- FLANN found (include: /usr/include, lib: /usr/lib/x86_64-linux-gnu/libflann_cpp.so)
[9.965s] -- Checking for module 'libusb-1.0'
[9.970s] --   Found libusb-1.0, version 1.0.25
[10.071s] -- Found libusb: /usr/lib/x86_64-linux-gnu/libusb-1.0.so  
[10.092s] -- Found OpenNI: /usr/lib/libOpenNI.so;libusb::libusb (found version "1.5.4.0") 
[10.092s] -- OpenNI found (version: 1.5.4.0, include: /usr/include/ni, lib: /usr/lib/libOpenNI.so;libusb::libusb)
[10.329s] -- Found OpenNI2: /usr/lib/x86_64-linux-gnu/libOpenNI2.so;libusb::libusb (found version "2.2.0.33") 
[10.329s] -- OpenNI2 found (version: 2.2.0.33, include: /usr/include/openni2, lib: /usr/lib/x86_64-linux-gnu/libOpenNI2.so;libusb::libusb)
[10.915s] -- Could NOT find Ensenso (missing: ENSENSO_LIBRARIES ENSENSO_INCLUDE_DIRS) 
[10.915s] -- IDS-Imaging Ensenso camera support: not building because Ensenso not found
[11.222s] -- Could NOT find davidSDK (missing: DAVIDSDK_LIBRARY DAVIDSDK_INCLUDE_DIR) 
[11.222s] -- David Vision Systems SDK support: not building because davidSDK not found
[11.267s] -- Could NOT find DSSDK (missing: DSSDK_LIBRARIES DSSDK_INCLUDE_DIRS) 
[11.267s] -- DepthSense SDK support: not building because DSSDK not found
[11.320s] -- Could NOT find RSSDK (missing: RSSDK_LIBRARIES RSSDK_INCLUDE_DIRS) 
[11.320s] -- RealSense SDK support: not building because RSSDK not found
[12.901s] -- Could NOT find RSSDK2
[12.902s] -- RealSense SDK 2.0 (librealsense) support: not building because RSSDK2 not found
[14.116s] -- Found ZLIB: /usr/lib/x86_64-linux-gnu/libz.so (found version "1.2.11") 
[15.726s] -- Found PNG: /usr/lib/x86_64-linux-gnu/libpng.so (found version "1.6.37") 
[15.726s] -- Found Qhull version 8.0.2
[20.131s] -- Found GLEW: /usr/lib/x86_64-linux-gnu/libGLEW.so  
[20.231s] -- Found OpenGL: /usr/lib/x86_64-linux-gnu/libOpenGL.so  found components: OpenGL GLX 
[20.414s] -- Found Python3: /usr/bin/python3.10 (found suitable version "3.10.12", minimum required is "3.10") found components: Interpreter Development.Module Development.Embed 
[20.624s] -- Found MPI_C: /usr/lib/x86_64-linux-gnu/libmpi.so (found version "3.1") 
[20.624s] -- Found MPI: TRUE (found version "3.1") found components: C 
[21.995s] -- Found HDF5: hdf5-shared (found version "1.12.1") found components: C HL 
[22.005s] -- Found NetCDF: /usr/include (found version "4.8.1") 
[22.009s] -- Found OGG: /usr/lib/x86_64-linux-gnu/libogg.so  
[22.010s] -- Found THEORA: /usr/lib/x86_64-linux-gnu/libtheora.so  
[22.011s] -- Found JsonCpp: /usr/lib/x86_64-linux-gnu/libjsoncpp.so (found suitable version "1.9.5", minimum required is "0.7.0") 
[22.037s] -- Found LibXml2: /usr/lib/x86_64-linux-gnu/libxml2.so (found version "2.9.13") 
[22.406s] -- Found GL2PS: /usr/lib/x86_64-linux-gnu/libgl2ps.so (found suitable version "1.4.2", minimum required is "1.4.2") 
[22.411s] -- Found SQLite3: /usr/include (found version "3.37.2") 
[22.487s] -- Found LibPROJ: /usr/lib/x86_64-linux-gnu/libproj.so (found version "8.2.1") 
[22.488s] -- Found Eigen3: /usr/include/eigen3 (found version "3.4.0") 
[23.699s] -- Found X11: /usr/include   
[23.700s] -- Looking for XOpenDisplay in /usr/lib/x86_64-linux-gnu/libX11.so;/usr/lib/x86_64-linux-gnu/libXext.so
[23.814s] -- Looking for XOpenDisplay in /usr/lib/x86_64-linux-gnu/libX11.so;/usr/lib/x86_64-linux-gnu/libXext.so - found
[23.814s] -- Looking for gethostbyname
[23.952s] -- Looking for gethostbyname - found
[23.952s] -- Looking for connect
[24.097s] -- Looking for connect - found
[24.097s] -- Looking for remove
[24.205s] -- Looking for remove - found
[24.206s] -- Looking for shmat
[24.304s] -- Looking for shmat - found
[24.304s] -- Looking for IceConnectionNumber in ICE
[24.430s] -- Looking for IceConnectionNumber in ICE - found
[24.599s] Invoked command in '/home/aurora/RM25/src/build/PCL' returned '-2': /usr/bin/cmake /home/aurora/RM25/src/pcl -DROS_EDITION=ROS2 -DHUMBLE_ROS=humble -DCMAKE_INSTALL_PREFIX=/home/aurora/RM25/src/install/PCL
[24.602s] Traceback (most recent call last):
  File "/usr/lib/python3/dist-packages/colcon_parallel_executor/executor/parallel.py", line 75, in execute
    loop.run_until_complete(future)
  File "/usr/lib/python3.10/asyncio/base_events.py", line 636, in run_until_complete
    self.run_forever()
  File "/usr/lib/python3.10/asyncio/base_events.py", line 603, in run_forever
    self._run_once()
  File "/usr/lib/python3.10/asyncio/base_events.py", line 1871, in _run_once
    event_list = self._selector.select(timeout)
  File "/usr/lib/python3.10/selectors.py", line 469, in select
    fd_event_list = self._selector.poll(timeout, max_ev)
KeyboardInterrupt

During handling of the above exception, another exception occurred:

Traceback (most recent call last):
  File "/usr/lib/python3/dist-packages/colcon_core/executor/__init__.py", line 91, in __call__
    rc = await self.task(*args, **kwargs)
  File "/usr/lib/python3/dist-packages/colcon_core/task/__init__.py", line 93, in __call__
    return await task_method(*args, **kwargs)
  File "/usr/lib/python3/dist-packages/colcon_cmake/task/cmake/build.py", line 87, in build
    rc = await self._reconfigure(args, env)
  File "/usr/lib/python3/dist-packages/colcon_cmake/task/cmake/build.py", line 182, in _reconfigure
    buildfile = get_buildfile(cmake_cache)
  File "/usr/lib/python3/dist-packages/colcon_cmake/task/cmake/__init__.py", line 114, in get_buildfile
    if 'Visual Studio' in generator:
TypeError: argument of type 'NoneType' is not iterable
