[2.218s] Invoking command in '/home/aurora/RM25/build/nav2_theta_star_planner': AMENT_PREFIX_PATH=/home/aurora/RM25/install/nav2_core:/home/aurora/RM25/install/nav2_costmap_2d:/home/aurora/RM25/install/nav2_map_server:/home/aurora/RM25/install/nav2_lifecycle_manager:/home/aurora/RM25/install/nav2_util:/home/aurora/RM25/install/nav2_voxel_grid:/home/aurora/RM25/install/nav2_common:${AMENT_PREFIX_PATH} CMAKE_PREFIX_PATH=/home/aurora/RM25/install/nav2_core:/home/aurora/RM25/install/nav2_costmap_2d:/home/aurora/RM25/install/nav2_map_server:/home/aurora/RM25/install/nav2_lifecycle_manager:/home/aurora/RM25/install/nav2_util:/home/aurora/RM25/install/nav2_voxel_grid:/home/aurora/RM25/install/nav2_msgs:/home/aurora/RM25/install/nav2_common:/home/aurora/RM25/install/rm_robot_description:/home/aurora/RM25/install/nav2_bringup:/home/aurora/RM25/install/four_omniwheel_robot:/home/aurora/ws_helloworld/install/pkg01_helloworld_cpp:/home/aurora/ws_helloworld/install/learning_tf2_cpp:/home/aurora/ws_helloworld/install/pkg02_helloworld_py:/opt/ros/humble LD_LIBRARY_PATH=/home/aurora/RM25/install/nav2_costmap_2d/lib:/home/aurora/RM25/install/nav2_map_server/lib:/home/aurora/RM25/install/nav2_lifecycle_manager/lib:/home/aurora/RM25/install/nav2_util/lib:/home/aurora/RM25/install/nav2_voxel_grid/lib:${LD_LIBRARY_PATH} PYTHONPATH=/home/aurora/RM25/install/nav2_common/local/lib/python3.10/dist-packages:${PYTHONPATH} /usr/bin/cmake /home/aurora/RM25/src/rm_navigation2/nav2_theta_star_planner -DAMENT_CMAKE_SYMLINK_INSTALL=1 -DCMAKE_INSTALL_PREFIX=/home/aurora/RM25/install/nav2_theta_star_planner
[2.463s] -- The C compiler identification is GNU 11.4.0
[3.692s] -- The CXX compiler identification is GNU 11.4.0
[4.631s] -- Detecting C compiler ABI info
[4.944s] -- Detecting C compiler ABI info - done
[4.949s] -- Check for working C compiler: /usr/bin/cc - skipped
[4.950s] -- Detecting C compile features
[4.950s] -- Detecting C compile features - done
[4.952s] -- Detecting CXX compiler ABI info
[5.217s] -- Detecting CXX compiler ABI info - done
[5.227s] -- Check for working CXX compiler: /usr/bin/c++ - skipped
[5.227s] -- Detecting CXX compile features
[5.228s] -- Detecting CXX compile features - done
[5.232s] -- Found ament_cmake: 1.3.10 (/opt/ros/humble/share/ament_cmake/cmake)
[5.448s] -- Found Python3: /usr/bin/python3 (found version "3.10.12") found components: Interpreter 
[5.553s] -- Override CMake install command with custom implementation using symlinks instead of copying resources
[5.583s] -- Found builtin_interfaces: 1.2.1 (/opt/ros/humble/share/builtin_interfaces/cmake)
[6.037s] -- Found rosidl_generator_c: 3.1.5 (/opt/ros/humble/share/rosidl_generator_c/cmake)
[6.049s] -- Found rosidl_adapter: 3.1.5 (/opt/ros/humble/share/rosidl_adapter/cmake)
[6.066s] -- Found rosidl_generator_cpp: 3.1.5 (/opt/ros/humble/share/rosidl_generator_cpp/cmake)
[6.085s] -- Using all available rosidl_typesupport_c: rosidl_typesupport_fastrtps_c;rosidl_typesupport_introspection_c
[6.106s] -- Using all available rosidl_typesupport_cpp: rosidl_typesupport_fastrtps_cpp;rosidl_typesupport_introspection_cpp
[6.124s] -- Found nav2_common: 1.1.16 (/opt/ros/humble/share/nav2_common/cmake)
[6.125s] -- Found nav2_core: 1.1.17 (/home/aurora/RM25/install/nav2_core/share/nav2_core/cmake)
[6.193s] -- Found rmw_implementation_cmake: 6.1.2 (/opt/ros/humble/share/rmw_implementation_cmake/cmake)
[6.198s] -- Found rmw_fastrtps_cpp: 6.2.7 (/opt/ros/humble/share/rmw_fastrtps_cpp/cmake)
[8.703s] -- Found OpenSSL: /usr/lib/x86_64-linux-gnu/libcrypto.so (found version "3.0.2")  
[11.286s] -- Found FastRTPS: /opt/ros/humble/include  
[15.315s] -- Using RMW implementation 'rmw_fastrtps_cpp' as default
[15.329s] -- Looking for pthread.h
[15.620s] -- Looking for pthread.h - found
[15.620s] -- Performing Test CMAKE_HAVE_LIBC_PTHREAD
[15.921s] -- Performing Test CMAKE_HAVE_LIBC_PTHREAD - Success
[15.922s] -- Found Threads: TRUE  
[16.319s] -- Found Eigen3: TRUE (found version "3.4.0") 
[16.319s] -- Ensuring Eigen3 include directory is part of orocos-kdl CMake target
[20.559s] -- Setting build type to Release as none was specified.
[20.707s] -- Found ament_lint_auto: 0.12.11 (/opt/ros/humble/share/ament_lint_auto/cmake)
[20.961s] -- Found gtest sources under '/opt/ros/humble/src/gtest_vendor': C++ tests using 'Google Test' will be built
[21.186s] -- Added test 'copyright' to check source files copyright and LICENSE
[21.208s] -- Added test 'cppcheck' to perform static code analysis on C / C++ code
[21.209s] -- Configured cppcheck include dirs: /home/aurora/RM25/src/rm_navigation2/nav2_theta_star_planner/include
[21.210s] -- Configured cppcheck exclude dirs and/or files: 
[21.211s] -- Added test 'cpplint' to check C / C++ code against the Google style
[21.211s] -- Configured cpplint exclude dirs and/or files: 
[21.212s] -- Added test 'lint_cmake' to check CMake code style
[21.215s] -- Added test 'uncrustify' to check C / C++ code style
[21.215s] -- Configured uncrustify additional arguments: 
[21.216s] -- Added test 'xmllint' to check XML markup files
[21.224s] -- Configuring done
[21.441s] -- Generating done
[21.447s] -- Build files have been written to: /home/aurora/RM25/build/nav2_theta_star_planner
[21.486s] Invoked command in '/home/aurora/RM25/build/nav2_theta_star_planner' returned '0': AMENT_PREFIX_PATH=/home/aurora/RM25/install/nav2_core:/home/aurora/RM25/install/nav2_costmap_2d:/home/aurora/RM25/install/nav2_map_server:/home/aurora/RM25/install/nav2_lifecycle_manager:/home/aurora/RM25/install/nav2_util:/home/aurora/RM25/install/nav2_voxel_grid:/home/aurora/RM25/install/nav2_common:${AMENT_PREFIX_PATH} CMAKE_PREFIX_PATH=/home/aurora/RM25/install/nav2_core:/home/aurora/RM25/install/nav2_costmap_2d:/home/aurora/RM25/install/nav2_map_server:/home/aurora/RM25/install/nav2_lifecycle_manager:/home/aurora/RM25/install/nav2_util:/home/aurora/RM25/install/nav2_voxel_grid:/home/aurora/RM25/install/nav2_msgs:/home/aurora/RM25/install/nav2_common:/home/aurora/RM25/install/rm_robot_description:/home/aurora/RM25/install/nav2_bringup:/home/aurora/RM25/install/four_omniwheel_robot:/home/aurora/ws_helloworld/install/pkg01_helloworld_cpp:/home/aurora/ws_helloworld/install/learning_tf2_cpp:/home/aurora/ws_helloworld/install/pkg02_helloworld_py:/opt/ros/humble LD_LIBRARY_PATH=/home/aurora/RM25/install/nav2_costmap_2d/lib:/home/aurora/RM25/install/nav2_map_server/lib:/home/aurora/RM25/install/nav2_lifecycle_manager/lib:/home/aurora/RM25/install/nav2_util/lib:/home/aurora/RM25/install/nav2_voxel_grid/lib:${LD_LIBRARY_PATH} PYTHONPATH=/home/aurora/RM25/install/nav2_common/local/lib/python3.10/dist-packages:${PYTHONPATH} /usr/bin/cmake /home/aurora/RM25/src/rm_navigation2/nav2_theta_star_planner -DAMENT_CMAKE_SYMLINK_INSTALL=1 -DCMAKE_INSTALL_PREFIX=/home/aurora/RM25/install/nav2_theta_star_planner
[21.487s] Invoking command in '/home/aurora/RM25/build/nav2_theta_star_planner': AMENT_PREFIX_PATH=/home/aurora/RM25/install/nav2_core:/home/aurora/RM25/install/nav2_costmap_2d:/home/aurora/RM25/install/nav2_map_server:/home/aurora/RM25/install/nav2_lifecycle_manager:/home/aurora/RM25/install/nav2_util:/home/aurora/RM25/install/nav2_voxel_grid:/home/aurora/RM25/install/nav2_common:${AMENT_PREFIX_PATH} CMAKE_PREFIX_PATH=/home/aurora/RM25/install/nav2_core:/home/aurora/RM25/install/nav2_costmap_2d:/home/aurora/RM25/install/nav2_map_server:/home/aurora/RM25/install/nav2_lifecycle_manager:/home/aurora/RM25/install/nav2_util:/home/aurora/RM25/install/nav2_voxel_grid:/home/aurora/RM25/install/nav2_msgs:/home/aurora/RM25/install/nav2_common:/home/aurora/RM25/install/rm_robot_description:/home/aurora/RM25/install/nav2_bringup:/home/aurora/RM25/install/four_omniwheel_robot:/home/aurora/ws_helloworld/install/pkg01_helloworld_cpp:/home/aurora/ws_helloworld/install/learning_tf2_cpp:/home/aurora/ws_helloworld/install/pkg02_helloworld_py:/opt/ros/humble LD_LIBRARY_PATH=/home/aurora/RM25/install/nav2_costmap_2d/lib:/home/aurora/RM25/install/nav2_map_server/lib:/home/aurora/RM25/install/nav2_lifecycle_manager/lib:/home/aurora/RM25/install/nav2_util/lib:/home/aurora/RM25/install/nav2_voxel_grid/lib:${LD_LIBRARY_PATH} PYTHONPATH=/home/aurora/RM25/install/nav2_common/local/lib/python3.10/dist-packages:${PYTHONPATH} /usr/bin/cmake --build /home/aurora/RM25/build/nav2_theta_star_planner -- -j20 -l20
[26.302s] [ 11%] [32mBuilding CXX object CMakeFiles/nav2_theta_star_planner.dir/src/theta_star.cpp.o[0m
[26.308s] [ 22%] [32mBuilding CXX object CMakeFiles/nav2_theta_star_planner.dir/src/theta_star_planner.cpp.o[0m
[26.308s] [ 33%] [32mBuilding CXX object gtest/CMakeFiles/gtest_main.dir/src/gtest_main.cc.o[0m
[26.308s] [ 44%] [32mBuilding CXX object gtest/CMakeFiles/gtest.dir/src/gtest-all.cc.o[0m
[26.308s] [ 55%] [32m[1mLinking CXX static library libgtest_main.a[0m
[26.308s] [ 55%] Built target gtest_main
[145.261s] [01m[Kc++:[m[K [01;31m[Kfatal error: [m[KKilled signal terminated program cc1plus
[145.266s] compilation terminated.
[145.266s] gmake[2]: *** [CMakeFiles/nav2_theta_star_planner.dir/build.make:76: CMakeFiles/nav2_theta_star_planner.dir/src/theta_star.cpp.o] Error 1
[145.266s] gmake[2]: *** Waiting for unfinished jobs....
[164.700s] [01m[Kc++:[m[K [01;31m[Kfatal error: [m[KKilled signal terminated program cc1plus
[164.713s] compilation terminated.
[164.714s] gmake[2]: *** [CMakeFiles/nav2_theta_star_planner.dir/build.make:90: CMakeFiles/nav2_theta_star_planner.dir/src/theta_star_planner.cpp.o] Error 1
[164.714s] gmake[1]: *** [CMakeFiles/Makefile2:157: CMakeFiles/nav2_theta_star_planner.dir/all] Error 2
[164.714s] gmake[1]: *** Waiting for unfinished jobs....
[229.312s] [ 66%] [32m[1mLinking CXX static library libgtest.a[0m
[229.363s] [ 66%] Built target gtest
[229.378s] gmake: *** [Makefile:146: all] Error 2
